This file contains any messages produced by compilers while
running configure, to aid debugging if configure makes a mistake.

It was created by CoinHSL configure 2.2.1, which was
generated by GNU Autoconf 2.71.  Invocation command line was

  $ ./configure

## --------- ##
## Platform. ##
## --------- ##

hostname = yade-OptiPlex-7060
uname -m = x86_64
uname -r = 5.4.0-137-generic
uname -s = Linux
uname -v = #154~18.04.1-Ubuntu SMP Tue Jan 10 16:58:20 UTC 2023

/usr/bin/uname -p = unknown
/bin/uname -X     = unknown

/bin/arch              = unknown
/usr/bin/arch -k       = unknown
/usr/convex/getsysinfo = unknown
/usr/bin/hostinfo      = unknown
/bin/machine           = unknown
/usr/bin/oslevel       = unknown
/bin/universe          = unknown

PATH: /usr/local/sbin/
PATH: /usr/local/bin/
PATH: /usr/sbin/
PATH: /usr/bin/
PATH: /sbin/
PATH: /bin/
PATH: /snap/bin/


## ----------- ##
## Core tests. ##
## ----------- ##

configure:2682: looking for aux files: ltmain.sh ar-lib compile missing install-sh config.guess config.sub
configure:2695:  trying ./
configure:2724:   ./ltmain.sh found
configure:2724:   ./ar-lib found
configure:2724:   ./compile found
configure:2724:   ./missing found
configure:2706:   ./install-sh found
configure:2724:   ./config.guess found
configure:2724:   ./config.sub found
configure:2849: checking build system type
configure:2864: result: x86_64-pc-linux-gnu
configure:2991: checking host system type
configure:3005: result: x86_64-pc-linux-gnu
configure:3042: checking for a BSD-compatible install
configure:3115: result: /usr/bin/install -c
configure:3126: checking whether build environment is sane
configure:3181: result: yes
configure:3340: checking for a race-free mkdir -p
configure:3384: result: /bin/mkdir -p
configure:3391: checking for gawk
configure:3426: result: no
configure:3391: checking for mawk
configure:3412: found /usr/bin/mawk
configure:3423: result: mawk
configure:3434: checking whether make sets $(MAKE)
configure:3457: result: yes
configure:3527: checking whether make supports nested variables
configure:3545: result: yes
configure:3558: checking whether to enable maintainer-specific portions of Makefiles
configure:3568: result: no
configure:3760: checking whether make supports the include directive
configure:3775: make -f confmf.GNU && cat confinc.out
this is the am__doit target
configure:3778: $? = 0
configure:3797: result: yes (GNU style)
configure:3942: checking for gcc
configure:3963: found /usr/bin/gcc
configure:3974: result: gcc
configure:4005: checking for C compiler version
configure:4014: gcc --version >&5
gcc (Ubuntu 7.5.0-3ubuntu1~18.04) 7.5.0
Copyright (C) 2017 Free Software Foundation, Inc.
This is free software; see the source for copying conditions.  There is NO
warranty; not even for MERCHANTABILITY or FITNESS FOR A PARTICULAR PURPOSE.

configure:4025: $? = 0
configure:4014: gcc -v >&5
Using built-in specs.
COLLECT_GCC=gcc
COLLECT_LTO_WRAPPER=/usr/lib/gcc/x86_64-linux-gnu/7/lto-wrapper
OFFLOAD_TARGET_NAMES=nvptx-none
OFFLOAD_TARGET_DEFAULT=1
Target: x86_64-linux-gnu
Configured with: ../src/configure -v --with-pkgversion='Ubuntu 7.5.0-3ubuntu1~18.04' --with-bugurl=file:///usr/share/doc/gcc-7/README.Bugs --enable-languages=c,ada,c++,go,brig,d,fortran,objc,obj-c++ --prefix=/usr --with-gcc-major-version-only --program-suffix=-7 --program-prefix=x86_64-linux-gnu- --enable-shared --enable-linker-build-id --libexecdir=/usr/lib --without-included-gettext --enable-threads=posix --libdir=/usr/lib --enable-nls --enable-bootstrap --enable-clocale=gnu --enable-libstdcxx-debug --enable-libstdcxx-time=yes --with-default-libstdcxx-abi=new --enable-gnu-unique-object --disable-vtable-verify --enable-libmpx --enable-plugin --enable-default-pie --with-system-zlib --with-target-system-zlib --enable-objc-gc=auto --enable-multiarch --disable-werror --with-arch-32=i686 --with-abi=m64 --with-multilib-list=m32,m64,mx32 --enable-multilib --with-tune=generic --enable-offload-targets=nvptx-none --without-cuda-driver --enable-checking=release --build=x86_64-linux-gnu --host=x86_64-linux-gnu --target=x86_64-linux-gnu
Thread model: posix
gcc version 7.5.0 (Ubuntu 7.5.0-3ubuntu1~18.04) 
configure:4025: $? = 0
configure:4014: gcc -V >&5
gcc: error: unrecognized command line option '-V'
gcc: fatal error: no input files
compilation terminated.
configure:4025: $? = 1
configure:4014: gcc -qversion >&5
gcc: error: unrecognized command line option '-qversion'; did you mean '--version'?
gcc: fatal error: no input files
compilation terminated.
configure:4025: $? = 1
configure:4014: gcc -version >&5
gcc: error: unrecognized command line option '-version'
gcc: fatal error: no input files
compilation terminated.
configure:4025: $? = 1
configure:4045: checking whether the C compiler works
configure:4067: gcc -O2 -DNDEBUG    conftest.c  >&5
configure:4071: $? = 0
configure:4121: result: yes
configure:4124: checking for C compiler default output file name
configure:4126: result: a.out
configure:4132: checking for suffix of executables
configure:4139: gcc -o conftest -O2 -DNDEBUG    conftest.c  >&5
configure:4143: $? = 0
configure:4166: result: 
configure:4188: checking whether we are cross compiling
configure:4196: gcc -o conftest -O2 -DNDEBUG    conftest.c  >&5
configure:4200: $? = 0
configure:4207: ./conftest
configure:4211: $? = 0
configure:4226: result: no
configure:4231: checking for suffix of object files
configure:4254: gcc -c -O2 -DNDEBUG   conftest.c >&5
configure:4258: $? = 0
configure:4280: result: o
configure:4284: checking whether the compiler supports GNU C
configure:4304: gcc -c -O2 -DNDEBUG   conftest.c >&5
configure:4304: $? = 0
configure:4314: result: yes
configure:4325: checking whether gcc accepts -g
configure:4346: gcc -c -g  conftest.c >&5
configure:4346: $? = 0
configure:4390: result: yes
configure:4410: checking for gcc option to enable C11 features
configure:4425: gcc  -c -O2 -DNDEBUG   conftest.c >&5
configure:4425: $? = 0
configure:4443: result: none needed
configure:4559: checking whether gcc understands -c and -o together
configure:4582: gcc -c conftest.c -o conftest2.o
configure:4585: $? = 0
configure:4582: gcc -c conftest.c -o conftest2.o
configure:4585: $? = 0
configure:4597: result: yes
configure:4616: checking dependency style of gcc
configure:4728: result: gcc3
configure:4886: checking for gfortran
configure:4907: found /usr/bin/gfortran
configure:4918: result: gfortran
configure:4944: checking for Fortran 77 compiler version
configure:4953: gfortran --version >&5
GNU Fortran (Ubuntu 7.5.0-3ubuntu1~18.04) 7.5.0
Copyright (C) 2017 Free Software Foundation, Inc.
This is free software; see the source for copying conditions.  There is NO
warranty; not even for MERCHANTABILITY or FITNESS FOR A PARTICULAR PURPOSE.

configure:4964: $? = 0
configure:4953: gfortran -v >&5
Using built-in specs.
COLLECT_GCC=gfortran
COLLECT_LTO_WRAPPER=/usr/lib/gcc/x86_64-linux-gnu/7/lto-wrapper
OFFLOAD_TARGET_NAMES=nvptx-none
OFFLOAD_TARGET_DEFAULT=1
Target: x86_64-linux-gnu
Configured with: ../src/configure -v --with-pkgversion='Ubuntu 7.5.0-3ubuntu1~18.04' --with-bugurl=file:///usr/share/doc/gcc-7/README.Bugs --enable-languages=c,ada,c++,go,brig,d,fortran,objc,obj-c++ --prefix=/usr --with-gcc-major-version-only --program-suffix=-7 --program-prefix=x86_64-linux-gnu- --enable-shared --enable-linker-build-id --libexecdir=/usr/lib --without-included-gettext --enable-threads=posix --libdir=/usr/lib --enable-nls --enable-bootstrap --enable-clocale=gnu --enable-libstdcxx-debug --enable-libstdcxx-time=yes --with-default-libstdcxx-abi=new --enable-gnu-unique-object --disable-vtable-verify --enable-libmpx --enable-plugin --enable-default-pie --with-system-zlib --with-target-system-zlib --enable-objc-gc=auto --enable-multiarch --disable-werror --with-arch-32=i686 --with-abi=m64 --with-multilib-list=m32,m64,mx32 --enable-multilib --with-tune=generic --enable-offload-targets=nvptx-none --without-cuda-driver --enable-checking=release --build=x86_64-linux-gnu --host=x86_64-linux-gnu --target=x86_64-linux-gnu
Thread model: posix
gcc version 7.5.0 (Ubuntu 7.5.0-3ubuntu1~18.04) 
configure:4964: $? = 0
configure:4953: gfortran -V >&5
gfortran: error: unrecognized command line option '-V'
gfortran: fatal error: no input files
compilation terminated.
configure:4964: $? = 1
configure:4953: gfortran -qversion >&5
gfortran: error: unrecognized command line option '-qversion'; did you mean '--version'?
gfortran: fatal error: no input files
compilation terminated.
configure:4964: $? = 1
configure:4973: checking whether the compiler supports GNU Fortran 77
configure:4987: gfortran -c -O2  conftest.F >&5
configure:4987: $? = 0
configure:4997: result: yes
configure:5005: checking whether gfortran accepts -g
configure:5017: gfortran -c -g conftest.f >&5
configure:5017: $? = 0
configure:5026: result: yes
configure:5082: checking how to get verbose linking output from gfortran
configure:5093: gfortran -c -O2  conftest.f >&5
configure:5093: $? = 0
configure:5112: gfortran -o conftest -O2 -v conftest.f
Using built-in specs.
Target: x86_64-linux-gnu
Thread model: posix
gcc version 7.5.0 (Ubuntu 7.5.0-3ubuntu1~18.04) 
 /usr/lib/gcc/x86_64-linux-gnu/7/f951 conftest.f -ffixed-form -quiet -dumpbase conftest.f -mtune=generic -march=x86-64 -auxbase conftest -O2 -version -fintrinsic-modules-path /usr/lib/gcc/x86_64-linux-gnu/7/finclude -o /tmp/ccfsxfoK.s
GNU Fortran (Ubuntu 7.5.0-3ubuntu1~18.04) version 7.5.0 (x86_64-linux-gnu)
	compiled by GNU C version 7.5.0, GMP version 6.1.2, MPFR version 4.0.1, MPC version 1.1.0, isl version isl-0.19-GMP

GGC heuristics: --param ggc-min-expand=100 --param ggc-min-heapsize=131072
GNU Fortran2008 (Ubuntu 7.5.0-3ubuntu1~18.04) version 7.5.0 (x86_64-linux-gnu)
	compiled by GNU C version 7.5.0, GMP version 6.1.2, MPFR version 4.0.1, MPC version 1.1.0, isl version isl-0.19-GMP

GGC heuristics: --param ggc-min-expand=100 --param ggc-min-heapsize=131072
 as -v --64 -o /tmp/ccbdFKsX.o /tmp/ccfsxfoK.s
GNU assembler version 2.30 (x86_64-linux-gnu) using BFD version (GNU Binutils for Ubuntu) 2.30
Reading specs from /usr/lib/gcc/x86_64-linux-gnu/7/libgfortran.spec
rename spec lib to liborig
 /usr/lib/gcc/x86_64-linux-gnu/7/collect2 -plugin /usr/lib/gcc/x86_64-linux-gnu/7/liblto_plugin.so -plugin-opt=/usr/lib/gcc/x86_64-linux-gnu/7/lto-wrapper -plugin-opt=-fresolution=/tmp/cck1k6xa.res -plugin-opt=-pass-through=-lgcc_s -plugin-opt=-pass-through=-lgcc -plugin-opt=-pass-through=-lquadmath -plugin-opt=-pass-through=-lm -plugin-opt=-pass-through=-lgcc_s -plugin-opt=-pass-through=-lgcc -plugin-opt=-pass-through=-lc -plugin-opt=-pass-through=-lgcc_s -plugin-opt=-pass-through=-lgcc --build-id --eh-frame-hdr -m elf_x86_64 --hash-style=gnu --as-needed -dynamic-linker /lib64/ld-linux-x86-64.so.2 -pie -z now -z relro -o conftest /usr/lib/gcc/x86_64-linux-gnu/7/../../../x86_64-linux-gnu/Scrt1.o /usr/lib/gcc/x86_64-linux-gnu/7/../../../x86_64-linux-gnu/crti.o /usr/lib/gcc/x86_64-linux-gnu/7/crtbeginS.o -L/usr/lib/gcc/x86_64-linux-gnu/7 -L/usr/lib/gcc/x86_64-linux-gnu/7/../../../x86_64-linux-gnu -L/usr/lib/gcc/x86_64-linux-gnu/7/../../../../lib -L/lib/x86_64-linux-gnu -L/lib/../lib -L/usr/lib/x86_64-linux-gnu -L/usr/lib/../lib -L/usr/lib/gcc/x86_64-linux-gnu/7/../../.. /tmp/ccbdFKsX.o -lgfortran -lm -lgcc_s -lgcc -lquadmath -lm -lgcc_s -lgcc -lc -lgcc_s -lgcc /usr/lib/gcc/x86_64-linux-gnu/7/crtendS.o /usr/lib/gcc/x86_64-linux-gnu/7/../../../x86_64-linux-gnu/crtn.o
configure:5195: result: -v
configure:5197: checking for Fortran 77 libraries of gfortran
configure:5221: gfortran -o conftest -O2 -v conftest.f
Using built-in specs.
Target: x86_64-linux-gnu
Thread model: posix
gcc version 7.5.0 (Ubuntu 7.5.0-3ubuntu1~18.04) 
 /usr/lib/gcc/x86_64-linux-gnu/7/f951 conftest.f -ffixed-form -quiet -dumpbase conftest.f -mtune=generic -march=x86-64 -auxbase conftest -O2 -version -fintrinsic-modules-path /usr/lib/gcc/x86_64-linux-gnu/7/finclude -o /tmp/ccjQ7VaM.s
GNU Fortran (Ubuntu 7.5.0-3ubuntu1~18.04) version 7.5.0 (x86_64-linux-gnu)
	compiled by GNU C version 7.5.0, GMP version 6.1.2, MPFR version 4.0.1, MPC version 1.1.0, isl version isl-0.19-GMP

GGC heuristics: --param ggc-min-expand=100 --param ggc-min-heapsize=131072
GNU Fortran2008 (Ubuntu 7.5.0-3ubuntu1~18.04) version 7.5.0 (x86_64-linux-gnu)
	compiled by GNU C version 7.5.0, GMP version 6.1.2, MPFR version 4.0.1, MPC version 1.1.0, isl version isl-0.19-GMP

GGC heuristics: --param ggc-min-expand=100 --param ggc-min-heapsize=131072
 as -v --64 -o /tmp/ccgXh5nZ.o /tmp/ccjQ7VaM.s
GNU assembler version 2.30 (x86_64-linux-gnu) using BFD version (GNU Binutils for Ubuntu) 2.30
Reading specs from /usr/lib/gcc/x86_64-linux-gnu/7/libgfortran.spec
rename spec lib to liborig
 /usr/lib/gcc/x86_64-linux-gnu/7/collect2 -plugin /usr/lib/gcc/x86_64-linux-gnu/7/liblto_plugin.so -plugin-opt=/usr/lib/gcc/x86_64-linux-gnu/7/lto-wrapper -plugin-opt=-fresolution=/tmp/ccGczZBc.res -plugin-opt=-pass-through=-lgcc_s -plugin-opt=-pass-through=-lgcc -plugin-opt=-pass-through=-lquadmath -plugin-opt=-pass-through=-lm -plugin-opt=-pass-through=-lgcc_s -plugin-opt=-pass-through=-lgcc -plugin-opt=-pass-through=-lc -plugin-opt=-pass-through=-lgcc_s -plugin-opt=-pass-through=-lgcc --build-id --eh-frame-hdr -m elf_x86_64 --hash-style=gnu --as-needed -dynamic-linker /lib64/ld-linux-x86-64.so.2 -pie -z now -z relro -o conftest /usr/lib/gcc/x86_64-linux-gnu/7/../../../x86_64-linux-gnu/Scrt1.o /usr/lib/gcc/x86_64-linux-gnu/7/../../../x86_64-linux-gnu/crti.o /usr/lib/gcc/x86_64-linux-gnu/7/crtbeginS.o -L/usr/lib/gcc/x86_64-linux-gnu/7 -L/usr/lib/gcc/x86_64-linux-gnu/7/../../../x86_64-linux-gnu -L/usr/lib/gcc/x86_64-linux-gnu/7/../../../../lib -L/lib/x86_64-linux-gnu -L/lib/../lib -L/usr/lib/x86_64-linux-gnu -L/usr/lib/../lib -L/usr/lib/gcc/x86_64-linux-gnu/7/../../.. /tmp/ccgXh5nZ.o -lgfortran -lm -lgcc_s -lgcc -lquadmath -lm -lgcc_s -lgcc -lc -lgcc_s -lgcc /usr/lib/gcc/x86_64-linux-gnu/7/crtendS.o /usr/lib/gcc/x86_64-linux-gnu/7/../../../x86_64-linux-gnu/crtn.o
configure:5437: result:  -L/usr/lib/gcc/x86_64-linux-gnu/7 -L/usr/lib/gcc/x86_64-linux-gnu/7/../../../x86_64-linux-gnu -L/usr/lib/gcc/x86_64-linux-gnu/7/../../../../lib -L/lib/x86_64-linux-gnu -L/lib/../lib -L/usr/lib/x86_64-linux-gnu -L/usr/lib/../lib -L/usr/lib/gcc/x86_64-linux-gnu/7/../../.. -lgfortran -lm -lquadmath
configure:5454: checking for dummy main to link with Fortran 77 libraries
configure:5489: gcc -o conftest -O2 -DNDEBUG    conftest.c   -L/usr/lib/gcc/x86_64-linux-gnu/7 -L/usr/lib/gcc/x86_64-linux-gnu/7/../../../x86_64-linux-gnu -L/usr/lib/gcc/x86_64-linux-gnu/7/../../../../lib -L/lib/x86_64-linux-gnu -L/lib/../lib -L/usr/lib/x86_64-linux-gnu -L/usr/lib/../lib -L/usr/lib/gcc/x86_64-linux-gnu/7/../../.. -lgfortran -lm -lquadmath >&5
configure:5489: $? = 0
configure:5536: result: none
configure:5568: checking for Fortran 77 name-mangling scheme
configure:5582: gfortran -c -O2  conftest.f >&5
configure:5582: $? = 0
configure:5621: gcc -o conftest -O2 -DNDEBUG    conftest.c cfortran_test.o   -L/usr/lib/gcc/x86_64-linux-gnu/7 -L/usr/lib/gcc/x86_64-linux-gnu/7/../../../x86_64-linux-gnu -L/usr/lib/gcc/x86_64-linux-gnu/7/../../../../lib -L/lib/x86_64-linux-gnu -L/lib/../lib -L/usr/lib/x86_64-linux-gnu -L/usr/lib/../lib -L/usr/lib/gcc/x86_64-linux-gnu/7/../../.. -lgfortran -lm -lquadmath >&5
/tmp/ccAxB9o7.o: In function `main':
conftest.c:(.text.startup+0x7): undefined reference to `foobar'
collect2: error: ld returned 1 exit status
configure:5621: $? = 1
configure: failed program was:
| /* confdefs.h */
| #define PACKAGE_NAME "CoinHSL"
| #define PACKAGE_TARNAME "coinhsl"
| #define PACKAGE_VERSION "2.2.1"
| #define PACKAGE_STRING "CoinHSL 2.2.1"
| #define PACKAGE_BUGREPORT "https://github.com/coin-or-tools/ThirdParty-HSL/issues/new"
| #define PACKAGE_URL "https://github.com/coin-or-tools/ThirdParty-HSL"
| #define COINHSL_VERSION "2.2.1"
| #define COINHSL_VERSION_MAJOR 2
| #define COINHSL_VERSION_MINOR 2
| #define COINHSL_VERSION_RELEASE 1
| /* end confdefs.h.  */
| 
| /* Override any GCC internal prototype to avoid an error.
|    Use char because int might match the return type of a GCC
|    builtin and then its argument prototype would still apply.  */
| char foobar ();
| #ifdef F77_DUMMY_MAIN
| 
| #  ifdef __cplusplus
|      extern "C"
| #  endif
|    int F77_DUMMY_MAIN() { return 1; }
| 
| #endif
| int
| main (void)
| {
| return foobar ();
|   ;
|   return 0;
| }
configure:5621: gcc -o conftest -O2 -DNDEBUG    conftest.c cfortran_test.o   -L/usr/lib/gcc/x86_64-linux-gnu/7 -L/usr/lib/gcc/x86_64-linux-gnu/7/../../../x86_64-linux-gnu -L/usr/lib/gcc/x86_64-linux-gnu/7/../../../../lib -L/lib/x86_64-linux-gnu -L/lib/../lib -L/usr/lib/x86_64-linux-gnu -L/usr/lib/../lib -L/usr/lib/gcc/x86_64-linux-gnu/7/../../.. -lgfortran -lm -lquadmath >&5
configure:5621: $? = 0
configure:5677: gcc -o conftest -O2 -DNDEBUG    conftest.c cfortran_test.o   -L/usr/lib/gcc/x86_64-linux-gnu/7 -L/usr/lib/gcc/x86_64-linux-gnu/7/../../../x86_64-linux-gnu -L/usr/lib/gcc/x86_64-linux-gnu/7/../../../../lib -L/lib/x86_64-linux-gnu -L/lib/../lib -L/usr/lib/x86_64-linux-gnu -L/usr/lib/../lib -L/usr/lib/gcc/x86_64-linux-gnu/7/../../.. -lgfortran -lm -lquadmath >&5
configure:5677: $? = 0
configure:5720: result: lower case, underscore, no extra underscore
configure:5793: checking whether gfortran understands -c and -o together
configure:5812: gfortran -O2  -c conftest.f -o conftest2.o >&5
configure:5816: $? = 0
configure:5823: gfortran -O2  -c conftest.f -o conftest2.o >&5
configure:5827: $? = 0
configure:5835: result: yes
configure:5975: checking for gfortran
configure:5996: found /usr/bin/gfortran
configure:6007: result: gfortran
configure:6033: checking for Fortran compiler version
configure:6042: gfortran --version >&5
GNU Fortran (Ubuntu 7.5.0-3ubuntu1~18.04) 7.5.0
Copyright (C) 2017 Free Software Foundation, Inc.
This is free software; see the source for copying conditions.  There is NO
warranty; not even for MERCHANTABILITY or FITNESS FOR A PARTICULAR PURPOSE.

configure:6053: $? = 0
configure:6042: gfortran -v >&5
Using built-in specs.
COLLECT_GCC=gfortran
COLLECT_LTO_WRAPPER=/usr/lib/gcc/x86_64-linux-gnu/7/lto-wrapper
OFFLOAD_TARGET_NAMES=nvptx-none
OFFLOAD_TARGET_DEFAULT=1
Target: x86_64-linux-gnu
Configured with: ../src/configure -v --with-pkgversion='Ubuntu 7.5.0-3ubuntu1~18.04' --with-bugurl=file:///usr/share/doc/gcc-7/README.Bugs --enable-languages=c,ada,c++,go,brig,d,fortran,objc,obj-c++ --prefix=/usr --with-gcc-major-version-only --program-suffix=-7 --program-prefix=x86_64-linux-gnu- --enable-shared --enable-linker-build-id --libexecdir=/usr/lib --without-included-gettext --enable-threads=posix --libdir=/usr/lib --enable-nls --enable-bootstrap --enable-clocale=gnu --enable-libstdcxx-debug --enable-libstdcxx-time=yes --with-default-libstdcxx-abi=new --enable-gnu-unique-object --disable-vtable-verify --enable-libmpx --enable-plugin --enable-default-pie --with-system-zlib --with-target-system-zlib --enable-objc-gc=auto --enable-multiarch --disable-werror --with-arch-32=i686 --with-abi=m64 --with-multilib-list=m32,m64,mx32 --enable-multilib --with-tune=generic --enable-offload-targets=nvptx-none --without-cuda-driver --enable-checking=release --build=x86_64-linux-gnu --host=x86_64-linux-gnu --target=x86_64-linux-gnu
Thread model: posix
gcc version 7.5.0 (Ubuntu 7.5.0-3ubuntu1~18.04) 
configure:6053: $? = 0
configure:6042: gfortran -V >&5
gfortran: error: unrecognized command line option '-V'
gfortran: fatal error: no input files
compilation terminated.
configure:6053: $? = 1
configure:6042: gfortran -qversion >&5
gfortran: error: unrecognized command line option '-qversion'; did you mean '--version'?
gfortran: fatal error: no input files
compilation terminated.
configure:6053: $? = 1
configure:6062: checking whether the compiler supports GNU Fortran
configure:6076: gfortran -c -O2   conftest.F >&5
configure:6076: $? = 0
configure:6086: result: yes
configure:6094: checking whether gfortran accepts -g
configure:6106: gfortran -c -g  conftest.f >&5
configure:6106: $? = 0
configure:6115: result: yes
configure:6152: checking whether gfortran understands -c and -o together
configure:6171: gfortran -O2  -c conftest.f -o conftest2.o >&5
configure:6175: $? = 0
configure:6182: gfortran -O2  -c conftest.f -o conftest2.o >&5
configure:6186: $? = 0
configure:6194: result: yes
configure:6264: checking how to print strings
configure:6291: result: printf
configure:6312: checking for a sed that does not truncate output
configure:6382: result: /bin/sed
configure:6400: checking for grep that handles long lines and -e
configure:6464: result: /bin/grep
configure:6469: checking for egrep
configure:6537: result: /bin/grep -E
configure:6542: checking for fgrep
configure:6610: result: /bin/grep -F
configure:6646: checking for ld used by gcc
configure:6714: result: /usr/bin/ld
configure:6721: checking if the linker (/usr/bin/ld) is GNU ld
configure:6737: result: yes
configure:6749: checking for BSD- or MS-compatible name lister (nm)
configure:6804: result: /usr/bin/nm -B
configure:6944: checking the name lister (/usr/bin/nm -B) interface
configure:6952: gcc -c -O2 -DNDEBUG   conftest.c >&5
configure:6955: /usr/bin/nm -B "conftest.o"
configure:6958: output
0000000000000000 B some_variable
configure:6965: result: BSD nm
configure:6968: checking whether ln -s works
configure:6972: result: yes
configure:6980: checking the maximum length of command line arguments
configure:7112: result: 1572864
configure:7160: checking how to convert x86_64-pc-linux-gnu file names to x86_64-pc-linux-gnu format
configure:7201: result: func_convert_file_noop
configure:7208: checking how to convert x86_64-pc-linux-gnu file names to toolchain format
configure:7229: result: func_convert_file_noop
configure:7236: checking for /usr/bin/ld option to reload object files
configure:7244: result: -r
configure:7323: checking for file
configure:7344: found /usr/bin/file
configure:7355: result: file
configure:7431: checking for objdump
configure:7452: found /usr/bin/objdump
configure:7463: result: objdump
configure:7495: checking how to recognize dependent libraries
configure:7696: result: pass_all
configure:7786: checking for dlltool
configure:7821: result: no
configure:7851: checking how to associate runtime and link libraries
configure:7879: result: printf %s\n
configure:7944: checking for ar
configure:7965: found /usr/bin/ar
configure:7976: result: ar
configure:8029: checking for archiver @FILE support
configure:8055: gcc -c -O2 -DNDEBUG   conftest.c >&5
configure:8055: $? = 0
configure:8059: ar cr libconftest.a @conftest.lst >&5
configure:8062: $? = 0
configure:8067: ar cr libconftest.a @conftest.lst >&5
ar: conftest.o: No such file or directory
configure:8070: $? = 1
configure:8082: result: @
configure:8145: checking for strip
configure:8166: found /usr/bin/strip
configure:8177: result: strip
configure:8254: checking for ranlib
configure:8275: found /usr/bin/ranlib
configure:8286: result: ranlib
configure:8388: checking command to parse /usr/bin/nm -B output from gcc object
configure:8542: gcc -c -O2 -DNDEBUG   conftest.c >&5
configure:8545: $? = 0
configure:8549: /usr/bin/nm -B conftest.o \| /bin/sed -n -e 's/^.*[ ]\([ABCDGIRSTW][ABCDGIRSTW]*\)[ ][ ]*\([_A-Za-z][_A-Za-z0-9]*\)$/\1 \2 \2/p' | /bin/sed '/ __gnu_lto/d' \> conftest.nm
configure:8552: $? = 0
configure:8618: gcc -o conftest -O2 -DNDEBUG    conftest.c conftstm.o >&5
configure:8621: $? = 0
configure:8659: result: ok
configure:8706: checking for sysroot
configure:8737: result: no
configure:8744: checking for a working dd
configure:8788: result: /bin/dd
configure:8792: checking how to truncate binary pipes
configure:8808: result: /bin/dd bs=4096 count=1
configure:8945: gcc -c -O2 -DNDEBUG   conftest.c >&5
configure:8948: $? = 0
configure:9153: checking for mt
configure:9174: found /bin/mt
configure:9185: result: mt
configure:9208: checking if mt is a manifest tool
configure:9215: mt '-?'
configure:9223: result: no
configure:9956: checking for stdio.h
configure:9956: gcc -c -O2 -DNDEBUG   conftest.c >&5
configure:9956: $? = 0
configure:9956: result: yes
configure:9956: checking for stdlib.h
configure:9956: gcc -c -O2 -DNDEBUG   conftest.c >&5
configure:9956: $? = 0
configure:9956: result: yes
configure:9956: checking for string.h
configure:9956: gcc -c -O2 -DNDEBUG   conftest.c >&5
configure:9956: $? = 0
configure:9956: result: yes
configure:9956: checking for inttypes.h
configure:9956: gcc -c -O2 -DNDEBUG   conftest.c >&5
configure:9956: $? = 0
configure:9956: result: yes
configure:9956: checking for stdint.h
configure:9956: gcc -c -O2 -DNDEBUG   conftest.c >&5
configure:9956: $? = 0
configure:9956: result: yes
configure:9956: checking for strings.h
configure:9956: gcc -c -O2 -DNDEBUG   conftest.c >&5
configure:9956: $? = 0
configure:9956: result: yes
configure:9956: checking for sys/stat.h
configure:9956: gcc -c -O2 -DNDEBUG   conftest.c >&5
configure:9956: $? = 0
configure:9956: result: yes
configure:9956: checking for sys/types.h
configure:9956: gcc -c -O2 -DNDEBUG   conftest.c >&5
configure:9956: $? = 0
configure:9956: result: yes
configure:9956: checking for unistd.h
configure:9956: gcc -c -O2 -DNDEBUG   conftest.c >&5
configure:9956: $? = 0
configure:9956: result: yes
configure:9981: checking for dlfcn.h
configure:9981: gcc -c -O2 -DNDEBUG   conftest.c >&5
configure:9981: $? = 0
configure:9981: result: yes
configure:10114: checking the archiver (ar) interface
configure:10131: gcc -c -O2 -DNDEBUG   conftest.c >&5
configure:10131: $? = 0
configure:10134: ar cru libconftest.a conftest.o >&5
ar: `u' modifier ignored since `D' is the default (see `U')
configure:10137: $? = 0
configure:10165: result: ar
configure:10435: checking for objdir
configure:10451: result: .libs
configure:10711: checking if gcc supports -fno-rtti -fno-exceptions
configure:10730: gcc -c -O2 -DNDEBUG   -fno-rtti -fno-exceptions conftest.c >&5
cc1: warning: command line option '-fno-rtti' is valid for C++/ObjC++ but not for C
configure:10734: $? = 0
configure:10747: result: no
configure:11105: checking for gcc option to produce PIC
configure:11113: result: -fPIC -DPIC
configure:11121: checking if gcc PIC flag -fPIC -DPIC works
configure:11140: gcc -c -O2 -DNDEBUG   -fPIC -DPIC -DPIC conftest.c >&5
configure:11144: $? = 0
configure:11157: result: yes
configure:11186: checking if gcc static flag -static works
configure:11215: result: yes
configure:11230: checking if gcc supports -c -o file.o
configure:11252: gcc -c -O2 -DNDEBUG   -o out/conftest2.o conftest.c >&5
configure:11256: $? = 0
configure:11278: result: yes
configure:11286: checking if gcc supports -c -o file.o
configure:11334: result: yes
configure:11367: checking whether the gcc linker (/usr/bin/ld -m elf_x86_64) supports shared libraries
configure:12651: result: yes
configure:12688: checking whether -lc should be explicitly linked in
configure:12697: gcc -c -O2 -DNDEBUG   conftest.c >&5
configure:12700: $? = 0
configure:12715: gcc -shared  -fPIC -DPIC conftest.o  -v -Wl,-soname -Wl,conftest -o conftest 2\>\&1 \| /bin/grep  -lc  \>/dev/null 2\>\&1
configure:12718: $? = 0
configure:12732: result: no
configure:12892: checking dynamic linker characteristics
configure:13482: gcc -o conftest -O2 -DNDEBUG    -Wl,-rpath -Wl,/foo conftest.c  >&5
configure:13482: $? = 0
configure:13721: result: GNU/Linux ld.so
configure:13843: checking how to hardcode library paths into programs
configure:13868: result: immediate
configure:14460: checking whether stripping libraries is possible
configure:14469: result: yes
configure:14511: checking if libtool supports shared libraries
configure:14513: result: yes
configure:14516: checking whether to build shared libraries
configure:14541: result: yes
configure:14544: checking whether to build static libraries
configure:14548: result: no
configure:14665: checking if libtool supports shared libraries
configure:14667: result: yes
configure:14670: checking whether to build shared libraries
configure:14694: result: yes
configure:14697: checking whether to build static libraries
configure:14701: result: no
configure:15053: checking for gfortran option to produce PIC
configure:15061: result: -fPIC
configure:15069: checking if gfortran PIC flag -fPIC works
configure:15088: gfortran -c -O2  -fPIC conftest.f >&5
configure:15092: $? = 0
configure:15105: result: yes
configure:15128: checking if gfortran static flag -static works
configure:15157: result: yes
configure:15169: checking if gfortran supports -c -o file.o
configure:15191: gfortran -c -O2  -o out/conftest2.o conftest.f >&5
configure:15195: $? = 0
configure:15217: result: yes
configure:15222: checking if gfortran supports -c -o file.o
configure:15270: result: yes
configure:15300: checking whether the gfortran linker (/usr/bin/ld -m elf_x86_64) supports shared libraries
configure:16517: result: yes
configure:16659: checking dynamic linker characteristics
configure:17401: result: GNU/Linux ld.so
configure:17466: checking how to hardcode library paths into programs
configure:17491: result: immediate
configure:17628: checking if libtool supports shared libraries
configure:17630: result: yes
configure:17633: checking whether to build shared libraries
configure:17657: result: yes
configure:17660: checking whether to build static libraries
configure:17664: result: no
configure:17698: gfortran -c -O2   conftest.f >&5
configure:17701: $? = 0
configure:18179: checking for gfortran option to produce PIC
configure:18187: result: -fPIC
configure:18195: checking if gfortran PIC flag -fPIC works
configure:18214: gfortran -c -O2  -fPIC  conftest.f >&5
configure:18218: $? = 0
configure:18231: result: yes
configure:18254: checking if gfortran static flag -static works
configure:18283: result: yes
configure:18295: checking if gfortran supports -c -o file.o
configure:18317: gfortran -c -O2  -o out/conftest2.o  conftest.f >&5
configure:18321: $? = 0
configure:18343: result: yes
configure:18348: checking if gfortran supports -c -o file.o
configure:18396: result: yes
configure:18426: checking whether the gfortran linker (/usr/bin/ld -m elf_x86_64) supports shared libraries
configure:19643: result: yes
configure:19785: checking dynamic linker characteristics
configure:20527: result: GNU/Linux ld.so
configure:20592: checking how to hardcode library paths into programs
configure:20617: result: immediate
configure:20686: libtool version info: -version-number 2:2:1
configure:20768: checking for pkgconf
configure:20803: result: no
configure:20768: checking for pkg-config
configure:20789: found /usr/bin/pkg-config
configure:20800: result: pkg-config
configure:20827: checking pkg-config is at least version 0.16.0
configure:20831: result: yes: 0.29.1
configure:20867: pkg-config path is "/usr/local/lib/pkgconfig:"
configure:20881: checking for MC19
configure:20891: result: yes
configure:20902: checking for MA27
configure:20912: result: yes
configure:20923: checking for MA28
configure:20933: result: yes
configure:20944: checking for MA57
configure:20954: result: no
configure:20966: checking for MA77
configure:20976: result: no
configure:20991: checking for MA86
configure:21001: result: no
configure:21016: checking for MA97
configure:21026: result: no
configure:21041: checking for MC19S
configure:21051: result: yes
configure:21062: checking for MA27S
configure:21072: result: yes
configure:21083: checking for MA28S
configure:21093: result: yes
configure:21104: checking for MA57S
configure:21114: result: no
configure:21126: checking for MA77S
configure:21136: result: no
configure:21151: checking for MA86S
configure:21161: result: no
configure:21176: checking for MA97S
configure:21186: result: no
configure:21203: checking for C interface to MC68
configure:21211: result: no
configure:21226: checking for deps.f
configure:21231: result: yes
configure:21272: checking for LAPACK
configure:21447: gcc -o conftest -O2 -DNDEBUG    conftest.c -lmkl_intel_lp64 -lmkl_sequential -lmkl_core -lm  >&5
/usr/bin/ld: cannot find -lmkl_intel_lp64
/usr/bin/ld: cannot find -lmkl_sequential
/usr/bin/ld: cannot find -lmkl_core
collect2: error: ld returned 1 exit status
configure:21447: $? = 1
configure: failed program was:
| /* confdefs.h */
| #define PACKAGE_NAME "CoinHSL"
| #define PACKAGE_TARNAME "coinhsl"
| #define PACKAGE_VERSION "2.2.1"
| #define PACKAGE_STRING "CoinHSL 2.2.1"
| #define PACKAGE_BUGREPORT "https://github.com/coin-or-tools/ThirdParty-HSL/issues/new"
| #define PACKAGE_URL "https://github.com/coin-or-tools/ThirdParty-HSL"
| #define COINHSL_VERSION "2.2.1"
| #define COINHSL_VERSION_MAJOR 2
| #define COINHSL_VERSION_MINOR 2
| #define COINHSL_VERSION_RELEASE 1
| #define F77_FUNC(name,NAME) name ## _
| #define F77_FUNC_(name,NAME) name ## _
| #define HAVE_STDIO_H 1
| #define HAVE_STDLIB_H 1
| #define HAVE_STRING_H 1
| #define HAVE_INTTYPES_H 1
| #define HAVE_STDINT_H 1
| #define HAVE_STRINGS_H 1
| #define HAVE_SYS_STAT_H 1
| #define HAVE_SYS_TYPES_H 1
| #define HAVE_UNISTD_H 1
| #define STDC_HEADERS 1
| #define HAVE_DLFCN_H 1
| #define LT_OBJDIR ".libs/"
| #define COINHSL_HAS_MC19 1
| #define COINHSL_HAS_MA27 1
| #define COINHSL_HAS_MA28 1
| #define COINHSL_HAS_MC19S 1
| #define COINHSL_HAS_MA27S 1
| #define COINHSL_HAS_MA28S 1
| /* end confdefs.h.  */
| 
| /* Override any GCC internal prototype to avoid an error.
|    Use char because int might match the return type of a GCC
|    builtin and then its argument prototype would still apply.  */
| char dsyev_ ();
| #ifdef F77_DUMMY_MAIN
| 
| #  ifdef __cplusplus
|      extern "C"
| #  endif
|    int F77_DUMMY_MAIN() { return 1; }
| 
| #endif
| int
| main (void)
| {
| return dsyev_ ();
|   ;
|   return 0;
| }
configure:21447: gcc -o conftest -O2 -DNDEBUG    conftest.c -lmkl_intel_lp64 -lmkl_sequential -lmkl_core -lm  >&5
/usr/bin/ld: cannot find -lmkl_intel_lp64
/usr/bin/ld: cannot find -lmkl_sequential
/usr/bin/ld: cannot find -lmkl_core
collect2: error: ld returned 1 exit status
configure:21447: $? = 1
configure: failed program was:
| /* confdefs.h */
| #define PACKAGE_NAME "CoinHSL"
| #define PACKAGE_TARNAME "coinhsl"
| #define PACKAGE_VERSION "2.2.1"
| #define PACKAGE_STRING "CoinHSL 2.2.1"
| #define PACKAGE_BUGREPORT "https://github.com/coin-or-tools/ThirdParty-HSL/issues/new"
| #define PACKAGE_URL "https://github.com/coin-or-tools/ThirdParty-HSL"
| #define COINHSL_VERSION "2.2.1"
| #define COINHSL_VERSION_MAJOR 2
| #define COINHSL_VERSION_MINOR 2
| #define COINHSL_VERSION_RELEASE 1
| #define F77_FUNC(name,NAME) name ## _
| #define F77_FUNC_(name,NAME) name ## _
| #define HAVE_STDIO_H 1
| #define HAVE_STDLIB_H 1
| #define HAVE_STRING_H 1
| #define HAVE_INTTYPES_H 1
| #define HAVE_STDINT_H 1
| #define HAVE_STRINGS_H 1
| #define HAVE_SYS_STAT_H 1
| #define HAVE_SYS_TYPES_H 1
| #define HAVE_UNISTD_H 1
| #define STDC_HEADERS 1
| #define HAVE_DLFCN_H 1
| #define LT_OBJDIR ".libs/"
| #define COINHSL_HAS_MC19 1
| #define COINHSL_HAS_MA27 1
| #define COINHSL_HAS_MA28 1
| #define COINHSL_HAS_MC19S 1
| #define COINHSL_HAS_MA27S 1
| #define COINHSL_HAS_MA28S 1
| /* end confdefs.h.  */
| 
| /* Override any GCC internal prototype to avoid an error.
|    Use char because int might match the return type of a GCC
|    builtin and then its argument prototype would still apply.  */
| char dsyev ();
| #ifdef F77_DUMMY_MAIN
| 
| #  ifdef __cplusplus
|      extern "C"
| #  endif
|    int F77_DUMMY_MAIN() { return 1; }
| 
| #endif
| int
| main (void)
| {
| return dsyev ();
|   ;
|   return 0;
| }
configure:21447: gcc -o conftest -O2 -DNDEBUG    conftest.c -lmkl_intel_lp64 -lmkl_sequential -lmkl_core -lm  >&5
/usr/bin/ld: cannot find -lmkl_intel_lp64
/usr/bin/ld: cannot find -lmkl_sequential
/usr/bin/ld: cannot find -lmkl_core
collect2: error: ld returned 1 exit status
configure:21447: $? = 1
configure: failed program was:
| /* confdefs.h */
| #define PACKAGE_NAME "CoinHSL"
| #define PACKAGE_TARNAME "coinhsl"
| #define PACKAGE_VERSION "2.2.1"
| #define PACKAGE_STRING "CoinHSL 2.2.1"
| #define PACKAGE_BUGREPORT "https://github.com/coin-or-tools/ThirdParty-HSL/issues/new"
| #define PACKAGE_URL "https://github.com/coin-or-tools/ThirdParty-HSL"
| #define COINHSL_VERSION "2.2.1"
| #define COINHSL_VERSION_MAJOR 2
| #define COINHSL_VERSION_MINOR 2
| #define COINHSL_VERSION_RELEASE 1
| #define F77_FUNC(name,NAME) name ## _
| #define F77_FUNC_(name,NAME) name ## _
| #define HAVE_STDIO_H 1
| #define HAVE_STDLIB_H 1
| #define HAVE_STRING_H 1
| #define HAVE_INTTYPES_H 1
| #define HAVE_STDINT_H 1
| #define HAVE_STRINGS_H 1
| #define HAVE_SYS_STAT_H 1
| #define HAVE_SYS_TYPES_H 1
| #define HAVE_UNISTD_H 1
| #define STDC_HEADERS 1
| #define HAVE_DLFCN_H 1
| #define LT_OBJDIR ".libs/"
| #define COINHSL_HAS_MC19 1
| #define COINHSL_HAS_MA27 1
| #define COINHSL_HAS_MA28 1
| #define COINHSL_HAS_MC19S 1
| #define COINHSL_HAS_MA27S 1
| #define COINHSL_HAS_MA28S 1
| /* end confdefs.h.  */
| 
| /* Override any GCC internal prototype to avoid an error.
|    Use char because int might match the return type of a GCC
|    builtin and then its argument prototype would still apply.  */
| char DSYEV_ ();
| #ifdef F77_DUMMY_MAIN
| 
| #  ifdef __cplusplus
|      extern "C"
| #  endif
|    int F77_DUMMY_MAIN() { return 1; }
| 
| #endif
| int
| main (void)
| {
| return DSYEV_ ();
|   ;
|   return 0;
| }
configure:21447: gcc -o conftest -O2 -DNDEBUG    conftest.c -lmkl_intel_lp64 -lmkl_sequential -lmkl_core -lm  >&5
/usr/bin/ld: cannot find -lmkl_intel_lp64
/usr/bin/ld: cannot find -lmkl_sequential
/usr/bin/ld: cannot find -lmkl_core
collect2: error: ld returned 1 exit status
configure:21447: $? = 1
configure: failed program was:
| /* confdefs.h */
| #define PACKAGE_NAME "CoinHSL"
| #define PACKAGE_TARNAME "coinhsl"
| #define PACKAGE_VERSION "2.2.1"
| #define PACKAGE_STRING "CoinHSL 2.2.1"
| #define PACKAGE_BUGREPORT "https://github.com/coin-or-tools/ThirdParty-HSL/issues/new"
| #define PACKAGE_URL "https://github.com/coin-or-tools/ThirdParty-HSL"
| #define COINHSL_VERSION "2.2.1"
| #define COINHSL_VERSION_MAJOR 2
| #define COINHSL_VERSION_MINOR 2
| #define COINHSL_VERSION_RELEASE 1
| #define F77_FUNC(name,NAME) name ## _
| #define F77_FUNC_(name,NAME) name ## _
| #define HAVE_STDIO_H 1
| #define HAVE_STDLIB_H 1
| #define HAVE_STRING_H 1
| #define HAVE_INTTYPES_H 1
| #define HAVE_STDINT_H 1
| #define HAVE_STRINGS_H 1
| #define HAVE_SYS_STAT_H 1
| #define HAVE_SYS_TYPES_H 1
| #define HAVE_UNISTD_H 1
| #define STDC_HEADERS 1
| #define HAVE_DLFCN_H 1
| #define LT_OBJDIR ".libs/"
| #define COINHSL_HAS_MC19 1
| #define COINHSL_HAS_MA27 1
| #define COINHSL_HAS_MA28 1
| #define COINHSL_HAS_MC19S 1
| #define COINHSL_HAS_MA27S 1
| #define COINHSL_HAS_MA28S 1
| /* end confdefs.h.  */
| 
| /* Override any GCC internal prototype to avoid an error.
|    Use char because int might match the return type of a GCC
|    builtin and then its argument prototype would still apply.  */
| char DSYEV ();
| #ifdef F77_DUMMY_MAIN
| 
| #  ifdef __cplusplus
|      extern "C"
| #  endif
|    int F77_DUMMY_MAIN() { return 1; }
| 
| #endif
| int
| main (void)
| {
| return DSYEV ();
|   ;
|   return 0;
| }
configure:21447: gcc -o conftest -O2 -DNDEBUG    conftest.c -lmkl_intel_lp64 -lmkl_sequential -lmkl_core -lm  >&5
/usr/bin/ld: cannot find -lmkl_intel_lp64
/usr/bin/ld: cannot find -lmkl_sequential
/usr/bin/ld: cannot find -lmkl_core
collect2: error: ld returned 1 exit status
configure:21447: $? = 1
configure: failed program was:
| /* confdefs.h */
| #define PACKAGE_NAME "CoinHSL"
| #define PACKAGE_TARNAME "coinhsl"
| #define PACKAGE_VERSION "2.2.1"
| #define PACKAGE_STRING "CoinHSL 2.2.1"
| #define PACKAGE_BUGREPORT "https://github.com/coin-or-tools/ThirdParty-HSL/issues/new"
| #define PACKAGE_URL "https://github.com/coin-or-tools/ThirdParty-HSL"
| #define COINHSL_VERSION "2.2.1"
| #define COINHSL_VERSION_MAJOR 2
| #define COINHSL_VERSION_MINOR 2
| #define COINHSL_VERSION_RELEASE 1
| #define F77_FUNC(name,NAME) name ## _
| #define F77_FUNC_(name,NAME) name ## _
| #define HAVE_STDIO_H 1
| #define HAVE_STDLIB_H 1
| #define HAVE_STRING_H 1
| #define HAVE_INTTYPES_H 1
| #define HAVE_STDINT_H 1
| #define HAVE_STRINGS_H 1
| #define HAVE_SYS_STAT_H 1
| #define HAVE_SYS_TYPES_H 1
| #define HAVE_UNISTD_H 1
| #define STDC_HEADERS 1
| #define HAVE_DLFCN_H 1
| #define LT_OBJDIR ".libs/"
| #define COINHSL_HAS_MC19 1
| #define COINHSL_HAS_MA27 1
| #define COINHSL_HAS_MA28 1
| #define COINHSL_HAS_MC19S 1
| #define COINHSL_HAS_MA27S 1
| #define COINHSL_HAS_MA28S 1
| /* end confdefs.h.  */
| 
| /* Override any GCC internal prototype to avoid an error.
|    Use char because int might match the return type of a GCC
|    builtin and then its argument prototype would still apply.  */
| char dsyev__ ();
| #ifdef F77_DUMMY_MAIN
| 
| #  ifdef __cplusplus
|      extern "C"
| #  endif
|    int F77_DUMMY_MAIN() { return 1; }
| 
| #endif
| int
| main (void)
| {
| return dsyev__ ();
|   ;
|   return 0;
| }
configure:21447: gcc -o conftest -O2 -DNDEBUG    conftest.c -lmkl_intel_lp64 -lmkl_sequential -lmkl_core -lm  >&5
/usr/bin/ld: cannot find -lmkl_intel_lp64
/usr/bin/ld: cannot find -lmkl_sequential
/usr/bin/ld: cannot find -lmkl_core
collect2: error: ld returned 1 exit status
configure:21447: $? = 1
configure: failed program was:
| /* confdefs.h */
| #define PACKAGE_NAME "CoinHSL"
| #define PACKAGE_TARNAME "coinhsl"
| #define PACKAGE_VERSION "2.2.1"
| #define PACKAGE_STRING "CoinHSL 2.2.1"
| #define PACKAGE_BUGREPORT "https://github.com/coin-or-tools/ThirdParty-HSL/issues/new"
| #define PACKAGE_URL "https://github.com/coin-or-tools/ThirdParty-HSL"
| #define COINHSL_VERSION "2.2.1"
| #define COINHSL_VERSION_MAJOR 2
| #define COINHSL_VERSION_MINOR 2
| #define COINHSL_VERSION_RELEASE 1
| #define F77_FUNC(name,NAME) name ## _
| #define F77_FUNC_(name,NAME) name ## _
| #define HAVE_STDIO_H 1
| #define HAVE_STDLIB_H 1
| #define HAVE_STRING_H 1
| #define HAVE_INTTYPES_H 1
| #define HAVE_STDINT_H 1
| #define HAVE_STRINGS_H 1
| #define HAVE_SYS_STAT_H 1
| #define HAVE_SYS_TYPES_H 1
| #define HAVE_UNISTD_H 1
| #define STDC_HEADERS 1
| #define HAVE_DLFCN_H 1
| #define LT_OBJDIR ".libs/"
| #define COINHSL_HAS_MC19 1
| #define COINHSL_HAS_MA27 1
| #define COINHSL_HAS_MA28 1
| #define COINHSL_HAS_MC19S 1
| #define COINHSL_HAS_MA27S 1
| #define COINHSL_HAS_MA28S 1
| /* end confdefs.h.  */
| 
| /* Override any GCC internal prototype to avoid an error.
|    Use char because int might match the return type of a GCC
|    builtin and then its argument prototype would still apply.  */
| char dsyev_ ();
| #ifdef F77_DUMMY_MAIN
| 
| #  ifdef __cplusplus
|      extern "C"
| #  endif
|    int F77_DUMMY_MAIN() { return 1; }
| 
| #endif
| int
| main (void)
| {
| return dsyev_ ();
|   ;
|   return 0;
| }
configure:21447: gcc -o conftest -O2 -DNDEBUG    conftest.c -lmkl_intel_lp64 -lmkl_sequential -lmkl_core -lm  >&5
/usr/bin/ld: cannot find -lmkl_intel_lp64
/usr/bin/ld: cannot find -lmkl_sequential
/usr/bin/ld: cannot find -lmkl_core
collect2: error: ld returned 1 exit status
configure:21447: $? = 1
configure: failed program was:
| /* confdefs.h */
| #define PACKAGE_NAME "CoinHSL"
| #define PACKAGE_TARNAME "coinhsl"
| #define PACKAGE_VERSION "2.2.1"
| #define PACKAGE_STRING "CoinHSL 2.2.1"
| #define PACKAGE_BUGREPORT "https://github.com/coin-or-tools/ThirdParty-HSL/issues/new"
| #define PACKAGE_URL "https://github.com/coin-or-tools/ThirdParty-HSL"
| #define COINHSL_VERSION "2.2.1"
| #define COINHSL_VERSION_MAJOR 2
| #define COINHSL_VERSION_MINOR 2
| #define COINHSL_VERSION_RELEASE 1
| #define F77_FUNC(name,NAME) name ## _
| #define F77_FUNC_(name,NAME) name ## _
| #define HAVE_STDIO_H 1
| #define HAVE_STDLIB_H 1
| #define HAVE_STRING_H 1
| #define HAVE_INTTYPES_H 1
| #define HAVE_STDINT_H 1
| #define HAVE_STRINGS_H 1
| #define HAVE_SYS_STAT_H 1
| #define HAVE_SYS_TYPES_H 1
| #define HAVE_UNISTD_H 1
| #define STDC_HEADERS 1
| #define HAVE_DLFCN_H 1
| #define LT_OBJDIR ".libs/"
| #define COINHSL_HAS_MC19 1
| #define COINHSL_HAS_MA27 1
| #define COINHSL_HAS_MA28 1
| #define COINHSL_HAS_MC19S 1
| #define COINHSL_HAS_MA27S 1
| #define COINHSL_HAS_MA28S 1
| /* end confdefs.h.  */
| 
| /* Override any GCC internal prototype to avoid an error.
|    Use char because int might match the return type of a GCC
|    builtin and then its argument prototype would still apply.  */
| char DSYEV__ ();
| #ifdef F77_DUMMY_MAIN
| 
| #  ifdef __cplusplus
|      extern "C"
| #  endif
|    int F77_DUMMY_MAIN() { return 1; }
| 
| #endif
| int
| main (void)
| {
| return DSYEV__ ();
|   ;
|   return 0;
| }
configure:21447: gcc -o conftest -O2 -DNDEBUG    conftest.c -lmkl_intel_lp64 -lmkl_sequential -lmkl_core -lm  >&5
/usr/bin/ld: cannot find -lmkl_intel_lp64
/usr/bin/ld: cannot find -lmkl_sequential
/usr/bin/ld: cannot find -lmkl_core
collect2: error: ld returned 1 exit status
configure:21447: $? = 1
configure: failed program was:
| /* confdefs.h */
| #define PACKAGE_NAME "CoinHSL"
| #define PACKAGE_TARNAME "coinhsl"
| #define PACKAGE_VERSION "2.2.1"
| #define PACKAGE_STRING "CoinHSL 2.2.1"
| #define PACKAGE_BUGREPORT "https://github.com/coin-or-tools/ThirdParty-HSL/issues/new"
| #define PACKAGE_URL "https://github.com/coin-or-tools/ThirdParty-HSL"
| #define COINHSL_VERSION "2.2.1"
| #define COINHSL_VERSION_MAJOR 2
| #define COINHSL_VERSION_MINOR 2
| #define COINHSL_VERSION_RELEASE 1
| #define F77_FUNC(name,NAME) name ## _
| #define F77_FUNC_(name,NAME) name ## _
| #define HAVE_STDIO_H 1
| #define HAVE_STDLIB_H 1
| #define HAVE_STRING_H 1
| #define HAVE_INTTYPES_H 1
| #define HAVE_STDINT_H 1
| #define HAVE_STRINGS_H 1
| #define HAVE_SYS_STAT_H 1
| #define HAVE_SYS_TYPES_H 1
| #define HAVE_UNISTD_H 1
| #define STDC_HEADERS 1
| #define HAVE_DLFCN_H 1
| #define LT_OBJDIR ".libs/"
| #define COINHSL_HAS_MC19 1
| #define COINHSL_HAS_MA27 1
| #define COINHSL_HAS_MA28 1
| #define COINHSL_HAS_MC19S 1
| #define COINHSL_HAS_MA27S 1
| #define COINHSL_HAS_MA28S 1
| /* end confdefs.h.  */
| 
| /* Override any GCC internal prototype to avoid an error.
|    Use char because int might match the return type of a GCC
|    builtin and then its argument prototype would still apply.  */
| char DSYEV_ ();
| #ifdef F77_DUMMY_MAIN
| 
| #  ifdef __cplusplus
|      extern "C"
| #  endif
|    int F77_DUMMY_MAIN() { return 1; }
| 
| #endif
| int
| main (void)
| {
| return DSYEV_ ();
|   ;
|   return 0;
| }
configure:21890: gcc -o conftest -O2 -DNDEBUG    conftest.c -llapack  >&5
configure:21890: $? = 0
configure:22011: result: yes: generic module (lapack.pc blas.pc)
configure:23128: checking that generated files are newer than configure
configure:23134: result: done
configure:23257: creating ./config.status

## ---------------------- ##
## Running config.status. ##
## ---------------------- ##

This file was extended by CoinHSL config.status 2.2.1, which was
generated by GNU Autoconf 2.71.  Invocation command line was

  CONFIG_FILES    = 
  CONFIG_HEADERS  = 
  CONFIG_LINKS    = 
  CONFIG_COMMANDS = 
  $ ./config.status 

on yade-OptiPlex-7060

config.status:1297: creating Makefile
config.status:1297: creating coinhsl.pc
config.status:1297: creating config.h
config.status:1478: config.h is unchanged
config.status:1297: creating CoinHslConfig.h
config.status:1478: CoinHslConfig.h is unchanged
config.status:1526: executing depfiles commands
config.status:1603: cd .       && sed -e '/# am--include-marker/d' Makefile         | make -f - am--depfiles
make: Nothing to be done for 'am--depfiles'.
config.status:1608: $? = 0
config.status:1526: executing libtool commands
configure:25927: Configuration of CoinHSL successful

## ---------------- ##
## Cache variables. ##
## ---------------- ##

ac_cv_build=x86_64-pc-linux-gnu
ac_cv_c_compiler_gnu=yes
ac_cv_env_ADD_CFLAGS_set=
ac_cv_env_ADD_CFLAGS_value=
ac_cv_env_ADD_FCFLAGS_set=
ac_cv_env_ADD_FCFLAGS_value=
ac_cv_env_ADD_FFLAGS_set=
ac_cv_env_ADD_FFLAGS_value=
ac_cv_env_CC_set=
ac_cv_env_CC_value=
ac_cv_env_CFLAGS_set=
ac_cv_env_CFLAGS_value=
ac_cv_env_CPPFLAGS_set=
ac_cv_env_CPPFLAGS_value=
ac_cv_env_F77_set=
ac_cv_env_F77_value=
ac_cv_env_FCFLAGS_set=
ac_cv_env_FCFLAGS_value=
ac_cv_env_FC_set=
ac_cv_env_FC_value=
ac_cv_env_FFLAGS_set=
ac_cv_env_FFLAGS_value=
ac_cv_env_LDFLAGS_set=
ac_cv_env_LDFLAGS_value=
ac_cv_env_LIBS_set=
ac_cv_env_LIBS_value=
ac_cv_env_LT_LDFLAGS_set=
ac_cv_env_LT_LDFLAGS_value=
ac_cv_env_LT_SYS_LIBRARY_PATH_set=
ac_cv_env_LT_SYS_LIBRARY_PATH_value=
ac_cv_env_PKG_CONFIG_set=
ac_cv_env_PKG_CONFIG_value=
ac_cv_env_build_alias_set=
ac_cv_env_build_alias_value=
ac_cv_env_host_alias_set=
ac_cv_env_host_alias_value=
ac_cv_env_target_alias_set=
ac_cv_env_target_alias_value=
ac_cv_f77_compiler_gnu=yes
ac_cv_f77_dummy_main=none
ac_cv_f77_libs=' -L/usr/lib/gcc/x86_64-linux-gnu/7 -L/usr/lib/gcc/x86_64-linux-gnu/7/../../../x86_64-linux-gnu -L/usr/lib/gcc/x86_64-linux-gnu/7/../../../../lib -L/lib/x86_64-linux-gnu -L/lib/../lib -L/usr/lib/x86_64-linux-gnu -L/usr/lib/../lib -L/usr/lib/gcc/x86_64-linux-gnu/7/../../.. -lgfortran -lm -lquadmath'
ac_cv_f77_mangling='lower case, underscore, no extra underscore'
ac_cv_fc_compiler_gnu=yes
ac_cv_fortran_dummy_main=none
ac_cv_header_dlfcn_h=yes
ac_cv_header_inttypes_h=yes
ac_cv_header_stdint_h=yes
ac_cv_header_stdio_h=yes
ac_cv_header_stdlib_h=yes
ac_cv_header_string_h=yes
ac_cv_header_strings_h=yes
ac_cv_header_sys_stat_h=yes
ac_cv_header_sys_types_h=yes
ac_cv_header_unistd_h=yes
ac_cv_host=x86_64-pc-linux-gnu
ac_cv_objext=o
ac_cv_path_EGREP='/bin/grep -E'
ac_cv_path_FGREP='/bin/grep -F'
ac_cv_path_GREP=/bin/grep
ac_cv_path_SED=/bin/sed
ac_cv_path_install='/usr/bin/install -c'
ac_cv_path_lt_DD=/bin/dd
ac_cv_path_mkdir=/bin/mkdir
ac_cv_prog_AWK=mawk
ac_cv_prog_ac_ct_AR=ar
ac_cv_prog_ac_ct_CC=gcc
ac_cv_prog_ac_ct_F77=gfortran
ac_cv_prog_ac_ct_FC=gfortran
ac_cv_prog_ac_ct_FILECMD=file
ac_cv_prog_ac_ct_MANIFEST_TOOL=mt
ac_cv_prog_ac_ct_OBJDUMP=objdump
ac_cv_prog_ac_ct_PKG_CONFIG=pkg-config
ac_cv_prog_ac_ct_RANLIB=ranlib
ac_cv_prog_ac_ct_STRIP=strip
ac_cv_prog_cc_c11=
ac_cv_prog_cc_g=yes
ac_cv_prog_cc_stdc=
ac_cv_prog_f77_c_o=yes
ac_cv_prog_f77_g=yes
ac_cv_prog_f77_v=-v
ac_cv_prog_fc_c_o=yes
ac_cv_prog_fc_g=yes
ac_cv_prog_make_make_set=yes
am_cv_CC_dependencies_compiler_type=gcc3
am_cv_ar_interface=ar
am_cv_make_support_nested_variables=yes
am_cv_prog_cc_c_o=yes
lt_cv_ar_at_file=@
lt_cv_archive_cmds_need_lc=no
lt_cv_deplibs_check_method=pass_all
lt_cv_file_magic_cmd='$MAGIC_CMD'
lt_cv_file_magic_test_file=
lt_cv_ld_reload_flag=-r
lt_cv_nm_interface='BSD nm'
lt_cv_objdir=.libs
lt_cv_path_LD=/usr/bin/ld
lt_cv_path_NM='/usr/bin/nm -B'
lt_cv_path_mainfest_tool=no
lt_cv_prog_compiler_c_o=yes
lt_cv_prog_compiler_c_o_F77=yes
lt_cv_prog_compiler_c_o_FC=yes
lt_cv_prog_compiler_pic='-fPIC -DPIC'
lt_cv_prog_compiler_pic_F77=-fPIC
lt_cv_prog_compiler_pic_FC=-fPIC
lt_cv_prog_compiler_pic_works=yes
lt_cv_prog_compiler_pic_works_F77=yes
lt_cv_prog_compiler_pic_works_FC=yes
lt_cv_prog_compiler_rtti_exceptions=no
lt_cv_prog_compiler_static_works=yes
lt_cv_prog_compiler_static_works_F77=yes
lt_cv_prog_compiler_static_works_FC=yes
lt_cv_prog_gnu_ld=yes
lt_cv_sharedlib_from_linklib_cmd='printf %s\n'
lt_cv_shlibpath_overrides_runpath=yes
lt_cv_sys_global_symbol_pipe='/bin/sed -n -e '\''s/^.*[	 ]\([ABCDGIRSTW][ABCDGIRSTW]*\)[	 ][	 ]*\([_A-Za-z][_A-Za-z0-9]*\)$/\1 \2 \2/p'\'' | /bin/sed '\''/ __gnu_lto/d'\'''
lt_cv_sys_global_symbol_to_c_name_address='/bin/sed -n -e '\''s/^: \(.*\) .*$/  {"\1", (void *) 0},/p'\'' -e '\''s/^[ABCDGIRSTW][ABCDGIRSTW]* .* \(.*\)$/  {"\1", (void *) \&\1},/p'\'''
lt_cv_sys_global_symbol_to_c_name_address_lib_prefix='/bin/sed -n -e '\''s/^: \(.*\) .*$/  {"\1", (void *) 0},/p'\'' -e '\''s/^[ABCDGIRSTW][ABCDGIRSTW]* .* \(lib.*\)$/  {"\1", (void *) \&\1},/p'\'' -e '\''s/^[ABCDGIRSTW][ABCDGIRSTW]* .* \(.*\)$/  {"lib\1", (void *) \&\1},/p'\'''
lt_cv_sys_global_symbol_to_cdecl='/bin/sed -n -e '\''s/^T .* \(.*\)$/extern int \1();/p'\'' -e '\''s/^[ABCDGIRSTW][ABCDGIRSTW]* .* \(.*\)$/extern char \1;/p'\'''
lt_cv_sys_global_symbol_to_import=
lt_cv_sys_max_cmd_len=1572864
lt_cv_to_host_file_cmd=func_convert_file_noop
lt_cv_to_tool_file_cmd=func_convert_file_noop
lt_cv_truncate_bin='/bin/dd bs=4096 count=1'

## ----------------- ##
## Output variables. ##
## ----------------- ##

ACLOCAL='${SHELL} '\''/home/ydc/Ipopt_pkg/ThirdParty-HSL/missing'\'' aclocal-1.16'
ADD_CFLAGS=''
ADD_FCFLAGS=''
ADD_FFLAGS=''
AMDEPBACKSLASH='\'
AMDEP_FALSE='#'
AMDEP_TRUE=''
AMTAR='$${TAR-tar}'
AM_BACKSLASH='\'
AM_DEFAULT_V='$(AM_DEFAULT_VERBOSITY)'
AM_DEFAULT_VERBOSITY='0'
AM_V='$(V)'
AR='ar'
AUTOCONF='${SHELL} '\''/home/ydc/Ipopt_pkg/ThirdParty-HSL/missing'\'' autoconf'
AUTOHEADER='${SHELL} '\''/home/ydc/Ipopt_pkg/ThirdParty-HSL/missing'\'' autoheader'
AUTOMAKE='${SHELL} '\''/home/ydc/Ipopt_pkg/ThirdParty-HSL/missing'\'' automake-1.16'
AWK='mawk'
CC='gcc'
CCDEPMODE='depmode=gcc3'
CFLAGS='-O2 -DNDEBUG '
COIN_HAS_DEPSF90_FALSE=''
COIN_HAS_DEPSF90_TRUE='#'
COIN_HAS_DEPSF_FALSE='#'
COIN_HAS_DEPSF_TRUE=''
COIN_HAS_F77_FALSE='#'
COIN_HAS_F77_TRUE=''
COIN_HAS_HSL_MA77S_FALSE=''
COIN_HAS_HSL_MA77S_TRUE='#'
COIN_HAS_HSL_MA77_FALSE=''
COIN_HAS_HSL_MA77_TRUE='#'
COIN_HAS_HSL_MA86S_FALSE=''
COIN_HAS_HSL_MA86S_TRUE='#'
COIN_HAS_HSL_MA86_FALSE=''
COIN_HAS_HSL_MA86_TRUE='#'
COIN_HAS_HSL_MA97S_FALSE=''
COIN_HAS_HSL_MA97S_TRUE='#'
COIN_HAS_HSL_MA97_FALSE=''
COIN_HAS_HSL_MA97_TRUE='#'
COIN_HAS_HSL_MC68_FALSE=''
COIN_HAS_HSL_MC68_TRUE='#'
COIN_HAS_LAPACK_FALSE='#'
COIN_HAS_LAPACK_TRUE=''
COIN_HAS_MA27S_FALSE='#'
COIN_HAS_MA27S_TRUE=''
COIN_HAS_MA27_FALSE='#'
COIN_HAS_MA27_TRUE=''
COIN_HAS_MA28S_FALSE='#'
COIN_HAS_MA28S_TRUE=''
COIN_HAS_MA28_FALSE='#'
COIN_HAS_MA28_TRUE=''
COIN_HAS_MA57S_FALSE=''
COIN_HAS_MA57S_TRUE='#'
COIN_HAS_MA57_FALSE=''
COIN_HAS_MA57_TRUE='#'
COIN_HAS_MC19S_FALSE='#'
COIN_HAS_MC19S_TRUE=''
COIN_HAS_MC19_FALSE='#'
COIN_HAS_MC19_TRUE=''
COIN_HAS_METIS_FALSE=''
COIN_HAS_METIS_TRUE='#'
COIN_HAS_PKGCONFIG_FALSE='#'
COIN_HAS_PKGCONFIG_TRUE=''
COIN_PKG_CONFIG_PATH='/usr/local/lib/pkgconfig:'
COIN_RELOCATABLE_FALSE=''
COIN_RELOCATABLE_TRUE='#'
COIN_STATIC_BUILD_FALSE=''
COIN_STATIC_BUILD_TRUE='#'
CPPFLAGS=''
CSCOPE='cscope'
CTAGS='ctags'
CYGPATH_W='echo'
DEFS='-DHAVE_CONFIG_H'
DEPDIR='.deps'
DLLTOOL='false'
DSYMUTIL=''
DUMPBIN=''
ECHO_C=''
ECHO_N='-n'
ECHO_T=''
EGREP='/bin/grep -E'
ETAGS='etags'
EXEEXT=''
F77='gfortran'
FC='gfortran'
FCFLAGS='-O2 '
FCFLAGS_F=''
FCFLAGS_f90=''
FCFLAGS_f=''
FC_DEFINE=''
FFLAGS='-O2 '
FGREP='/bin/grep -F'
FILECMD='file'
FLIBS=' -L/usr/lib/gcc/x86_64-linux-gnu/7 -L/usr/lib/gcc/x86_64-linux-gnu/7/../../../x86_64-linux-gnu -L/usr/lib/gcc/x86_64-linux-gnu/7/../../../../lib -L/lib/x86_64-linux-gnu -L/lib/../lib -L/usr/lib/x86_64-linux-gnu -L/usr/lib/../lib -L/usr/lib/gcc/x86_64-linux-gnu/7/../../.. -lgfortran -lm -lquadmath'
GREP='/bin/grep'
HSL_CFLAGS='  -DHSL_BUILD'
HSL_CFLAGS_NOPC=''
HSL_LFLAGS='-llapack -lblas    -L/usr/lib/gcc/x86_64-linux-gnu/7 -L/usr/lib/gcc/x86_64-linux-gnu/7/../../../x86_64-linux-gnu -L/usr/lib/gcc/x86_64-linux-gnu/7/../../../../lib -L/lib/x86_64-linux-gnu -L/lib/../lib -L/usr/lib/x86_64-linux-gnu -L/usr/lib/../lib -L/usr/lib/gcc/x86_64-linux-gnu/7/../../.. -lgfortran -lm -lquadmath'
HSL_LFLAGS_NOPC='   -L/usr/lib/gcc/x86_64-linux-gnu/7 -L/usr/lib/gcc/x86_64-linux-gnu/7/../../../x86_64-linux-gnu -L/usr/lib/gcc/x86_64-linux-gnu/7/../../../../lib -L/lib/x86_64-linux-gnu -L/lib/../lib -L/usr/lib/x86_64-linux-gnu -L/usr/lib/../lib -L/usr/lib/gcc/x86_64-linux-gnu/7/../../.. -lgfortran -lm -lquadmath'
HSL_PCFILES='lapack blas '
INSTALL_DATA='${INSTALL} -m 644'
INSTALL_PROGRAM='${INSTALL}'
INSTALL_SCRIPT='${INSTALL}'
INSTALL_STRIP_PROGRAM='$(install_sh) -c -s'
LD='/usr/bin/ld -m elf_x86_64'
LDFLAGS=''
LIBOBJS=''
LIBS=''
LIBTOOL='$(SHELL) $(top_builddir)/libtool'
LIPO=''
LN_S='ln -s'
LTLIBOBJS=''
LT_LDFLAGS=' -version-number 2:2:1 -no-undefined'
LT_SYS_LIBRARY_PATH=''
MAINT='#'
MAINTAINER_MODE_FALSE=''
MAINTAINER_MODE_TRUE='#'
MAKEINFO='${SHELL} '\''/home/ydc/Ipopt_pkg/ThirdParty-HSL/missing'\'' makeinfo'
MANIFEST_TOOL=':'
METISCHECK_LFLAGS=''
MKDIR_P='/bin/mkdir -p'
NM='/usr/bin/nm -B'
NMEDIT=''
OBJDUMP='objdump'
OBJEXT='o'
OPENMP_FCFLAGS=''
OTOOL64=''
OTOOL=''
PACKAGE='coinhsl'
PACKAGE_BUGREPORT='https://github.com/coin-or-tools/ThirdParty-HSL/issues/new'
PACKAGE_NAME='CoinHSL'
PACKAGE_STRING='CoinHSL 2.2.1'
PACKAGE_TARNAME='coinhsl'
PACKAGE_URL='https://github.com/coin-or-tools/ThirdParty-HSL'
PACKAGE_VERSION='2.2.1'
PATH_SEPARATOR=':'
PKG_CONFIG='pkg-config'
RANLIB='ranlib'
SED='/bin/sed'
SET_MAKE=''
SHELL='/bin/bash'
STRIP='strip'
VERSION='2.2.1'
ac_ct_AR='ar'
ac_ct_CC='gcc'
ac_ct_DUMPBIN=''
ac_ct_F77='gfortran'
ac_ct_FC='gfortran'
ac_ct_PKG_CONFIG='pkg-config'
am__EXEEXT_FALSE=''
am__EXEEXT_TRUE='#'
am__fastdepCC_FALSE='#'
am__fastdepCC_TRUE=''
am__include='include'
am__isrc=''
am__leading_dot='.'
am__nodep='_no'
am__quote=''
am__tar='$${TAR-tar} chof - "$$tardir"'
am__untar='$${TAR-tar} xf -'
bindir='${exec_prefix}/bin'
build='x86_64-pc-linux-gnu'
build_alias=''
build_cpu='x86_64'
build_os='linux-gnu'
build_vendor='pc'
datadir='${datarootdir}'
datarootdir='${prefix}/share'
docdir='${datarootdir}/doc/${PACKAGE_TARNAME}'
dvidir='${docdir}'
exec_prefix='${prefix}'
host='x86_64-pc-linux-gnu'
host_alias=''
host_cpu='x86_64'
host_os='linux-gnu'
host_vendor='pc'
htmldir='${docdir}'
includedir='${prefix}/include'
infodir='${datarootdir}/info'
install_sh='${SHELL} /home/ydc/Ipopt_pkg/ThirdParty-HSL/install-sh'
libdir='${exec_prefix}/lib'
libexecdir='${exec_prefix}/libexec'
localedir='${datarootdir}/locale'
localstatedir='${prefix}/var'
mandir='${datarootdir}/man'
mkdir_p='$(MKDIR_P)'
oldincludedir='/usr/include'
pdfdir='${docdir}'
prefix='/usr/local'
program_transform_name='s,x,x,'
psdir='${docdir}'
runstatedir='${localstatedir}/run'
sbindir='${exec_prefix}/sbin'
sharedstatedir='${prefix}/com'
sysconfdir='${prefix}/etc'
target_alias=''

## ----------- ##
## confdefs.h. ##
## ----------- ##

/* confdefs.h */
#define PACKAGE_NAME "CoinHSL"
#define PACKAGE_TARNAME "coinhsl"
#define PACKAGE_VERSION "2.2.1"
#define PACKAGE_STRING "CoinHSL 2.2.1"
#define PACKAGE_BUGREPORT "https://github.com/coin-or-tools/ThirdParty-HSL/issues/new"
#define PACKAGE_URL "https://github.com/coin-or-tools/ThirdParty-HSL"
#define COINHSL_VERSION "2.2.1"
#define COINHSL_VERSION_MAJOR 2
#define COINHSL_VERSION_MINOR 2
#define COINHSL_VERSION_RELEASE 1
#define F77_FUNC(name,NAME) name ## _
#define F77_FUNC_(name,NAME) name ## _
#define HAVE_STDIO_H 1
#define HAVE_STDLIB_H 1
#define HAVE_STRING_H 1
#define HAVE_INTTYPES_H 1
#define HAVE_STDINT_H 1
#define HAVE_STRINGS_H 1
#define HAVE_SYS_STAT_H 1
#define HAVE_SYS_TYPES_H 1
#define HAVE_UNISTD_H 1
#define STDC_HEADERS 1
#define HAVE_DLFCN_H 1
#define LT_OBJDIR ".libs/"
#define COINHSL_HAS_MC19 1
#define COINHSL_HAS_MA27 1
#define COINHSL_HAS_MA28 1
#define COINHSL_HAS_MC19S 1
#define COINHSL_HAS_MA27S 1
#define COINHSL_HAS_MA28S 1
#define COINHSL_HAS_LAPACK 1
#define COINHSL_LAPACK_FUNC(name,NAME) name ## _
#define COINHSL_LAPACK_FUNC_(name,NAME) name ## _
#define HSL_EXPORT 

configure: exit 0
