This file contains any messages produced by compilers while
running configure, to aid debugging if configure makes a mistake.

It was created by ThirdPartyMumps configure 3.0.4, which was
generated by GNU Autoconf 2.71.  Invocation command line was

  $ ./configure

## --------- ##
## Platform. ##
## --------- ##

hostname = yade-OptiPlex-7060
uname -m = x86_64
uname -r = 5.4.0-137-generic
uname -s = Linux
uname -v = #154~18.04.1-Ubuntu SMP Tue Jan 10 16:58:20 UTC 2023

/usr/bin/uname -p = unknown
/bin/uname -X     = unknown

/bin/arch              = unknown
/usr/bin/arch -k       = unknown
/usr/convex/getsysinfo = unknown
/usr/bin/hostinfo      = unknown
/bin/machine           = unknown
/usr/bin/oslevel       = unknown
/bin/universe          = unknown

PATH: /usr/local/sbin/
PATH: /usr/local/bin/
PATH: /usr/sbin/
PATH: /usr/bin/
PATH: /sbin/
PATH: /bin/
PATH: /snap/bin/


## ----------- ##
## Core tests. ##
## ----------- ##

configure:2549: looking for aux files: ltmain.sh ar-lib compile missing install-sh config.guess config.sub
configure:2562:  trying ./
configure:2591:   ./ltmain.sh found
configure:2591:   ./ar-lib found
configure:2591:   ./compile found
configure:2591:   ./missing found
configure:2573:   ./install-sh found
configure:2591:   ./config.guess found
configure:2591:   ./config.sub found
configure:2716: checking build system type
configure:2731: result: x86_64-pc-linux-gnu
configure:2858: checking host system type
configure:2872: result: x86_64-pc-linux-gnu
configure:2909: checking for a BSD-compatible install
configure:2982: result: /usr/bin/install -c
configure:2993: checking whether build environment is sane
configure:3048: result: yes
configure:3207: checking for a race-free mkdir -p
configure:3251: result: /bin/mkdir -p
configure:3258: checking for gawk
configure:3293: result: no
configure:3258: checking for mawk
configure:3279: found /usr/bin/mawk
configure:3290: result: mawk
configure:3301: checking whether make sets $(MAKE)
configure:3324: result: yes
configure:3394: checking whether make supports nested variables
configure:3412: result: yes
configure:3425: checking whether to enable maintainer-specific portions of Makefiles
configure:3435: result: no
configure:3627: checking whether make supports the include directive
configure:3642: make -f confmf.GNU && cat confinc.out
this is the am__doit target
configure:3645: $? = 0
configure:3664: result: yes (GNU style)
configure:3809: checking for gcc
configure:3830: found /usr/bin/gcc
configure:3841: result: gcc
configure:3872: checking for C compiler version
configure:3881: gcc --version >&5
gcc (Ubuntu 7.5.0-3ubuntu1~18.04) 7.5.0
Copyright (C) 2017 Free Software Foundation, Inc.
This is free software; see the source for copying conditions.  There is NO
warranty; not even for MERCHANTABILITY or FITNESS FOR A PARTICULAR PURPOSE.

configure:3892: $? = 0
configure:3881: gcc -v >&5
Using built-in specs.
COLLECT_GCC=gcc
COLLECT_LTO_WRAPPER=/usr/lib/gcc/x86_64-linux-gnu/7/lto-wrapper
OFFLOAD_TARGET_NAMES=nvptx-none
OFFLOAD_TARGET_DEFAULT=1
Target: x86_64-linux-gnu
Configured with: ../src/configure -v --with-pkgversion='Ubuntu 7.5.0-3ubuntu1~18.04' --with-bugurl=file:///usr/share/doc/gcc-7/README.Bugs --enable-languages=c,ada,c++,go,brig,d,fortran,objc,obj-c++ --prefix=/usr --with-gcc-major-version-only --program-suffix=-7 --program-prefix=x86_64-linux-gnu- --enable-shared --enable-linker-build-id --libexecdir=/usr/lib --without-included-gettext --enable-threads=posix --libdir=/usr/lib --enable-nls --enable-bootstrap --enable-clocale=gnu --enable-libstdcxx-debug --enable-libstdcxx-time=yes --with-default-libstdcxx-abi=new --enable-gnu-unique-object --disable-vtable-verify --enable-libmpx --enable-plugin --enable-default-pie --with-system-zlib --with-target-system-zlib --enable-objc-gc=auto --enable-multiarch --disable-werror --with-arch-32=i686 --with-abi=m64 --with-multilib-list=m32,m64,mx32 --enable-multilib --with-tune=generic --enable-offload-targets=nvptx-none --without-cuda-driver --enable-checking=release --build=x86_64-linux-gnu --host=x86_64-linux-gnu --target=x86_64-linux-gnu
Thread model: posix
gcc version 7.5.0 (Ubuntu 7.5.0-3ubuntu1~18.04) 
configure:3892: $? = 0
configure:3881: gcc -V >&5
gcc: error: unrecognized command line option '-V'
gcc: fatal error: no input files
compilation terminated.
configure:3892: $? = 1
configure:3881: gcc -qversion >&5
gcc: error: unrecognized command line option '-qversion'; did you mean '--version'?
gcc: fatal error: no input files
compilation terminated.
configure:3892: $? = 1
configure:3881: gcc -version >&5
gcc: error: unrecognized command line option '-version'
gcc: fatal error: no input files
compilation terminated.
configure:3892: $? = 1
configure:3912: checking whether the C compiler works
configure:3934: gcc -O2 -DNDEBUG    conftest.c  >&5
configure:3938: $? = 0
configure:3988: result: yes
configure:3991: checking for C compiler default output file name
configure:3993: result: a.out
configure:3999: checking for suffix of executables
configure:4006: gcc -o conftest -O2 -DNDEBUG    conftest.c  >&5
configure:4010: $? = 0
configure:4033: result: 
configure:4055: checking whether we are cross compiling
configure:4063: gcc -o conftest -O2 -DNDEBUG    conftest.c  >&5
configure:4067: $? = 0
configure:4074: ./conftest
configure:4078: $? = 0
configure:4093: result: no
configure:4098: checking for suffix of object files
configure:4121: gcc -c -O2 -DNDEBUG   conftest.c >&5
configure:4125: $? = 0
configure:4147: result: o
configure:4151: checking whether the compiler supports GNU C
configure:4171: gcc -c -O2 -DNDEBUG   conftest.c >&5
configure:4171: $? = 0
configure:4181: result: yes
configure:4192: checking whether gcc accepts -g
configure:4213: gcc -c -g  conftest.c >&5
configure:4213: $? = 0
configure:4257: result: yes
configure:4277: checking for gcc option to enable C11 features
configure:4292: gcc  -c -O2 -DNDEBUG   conftest.c >&5
configure:4292: $? = 0
configure:4310: result: none needed
configure:4426: checking whether gcc understands -c and -o together
configure:4449: gcc -c conftest.c -o conftest2.o
configure:4452: $? = 0
configure:4449: gcc -c conftest.c -o conftest2.o
configure:4452: $? = 0
configure:4464: result: yes
configure:4483: checking dependency style of gcc
configure:4595: result: gcc3
configure:4735: checking for gfortran
configure:4756: found /usr/bin/gfortran
configure:4767: result: gfortran
configure:4793: checking for Fortran compiler version
configure:4802: gfortran --version >&5
GNU Fortran (Ubuntu 7.5.0-3ubuntu1~18.04) 7.5.0
Copyright (C) 2017 Free Software Foundation, Inc.
This is free software; see the source for copying conditions.  There is NO
warranty; not even for MERCHANTABILITY or FITNESS FOR A PARTICULAR PURPOSE.

configure:4813: $? = 0
configure:4802: gfortran -v >&5
Using built-in specs.
COLLECT_GCC=gfortran
COLLECT_LTO_WRAPPER=/usr/lib/gcc/x86_64-linux-gnu/7/lto-wrapper
OFFLOAD_TARGET_NAMES=nvptx-none
OFFLOAD_TARGET_DEFAULT=1
Target: x86_64-linux-gnu
Configured with: ../src/configure -v --with-pkgversion='Ubuntu 7.5.0-3ubuntu1~18.04' --with-bugurl=file:///usr/share/doc/gcc-7/README.Bugs --enable-languages=c,ada,c++,go,brig,d,fortran,objc,obj-c++ --prefix=/usr --with-gcc-major-version-only --program-suffix=-7 --program-prefix=x86_64-linux-gnu- --enable-shared --enable-linker-build-id --libexecdir=/usr/lib --without-included-gettext --enable-threads=posix --libdir=/usr/lib --enable-nls --enable-bootstrap --enable-clocale=gnu --enable-libstdcxx-debug --enable-libstdcxx-time=yes --with-default-libstdcxx-abi=new --enable-gnu-unique-object --disable-vtable-verify --enable-libmpx --enable-plugin --enable-default-pie --with-system-zlib --with-target-system-zlib --enable-objc-gc=auto --enable-multiarch --disable-werror --with-arch-32=i686 --with-abi=m64 --with-multilib-list=m32,m64,mx32 --enable-multilib --with-tune=generic --enable-offload-targets=nvptx-none --without-cuda-driver --enable-checking=release --build=x86_64-linux-gnu --host=x86_64-linux-gnu --target=x86_64-linux-gnu
Thread model: posix
gcc version 7.5.0 (Ubuntu 7.5.0-3ubuntu1~18.04) 
configure:4813: $? = 0
configure:4802: gfortran -V >&5
gfortran: error: unrecognized command line option '-V'
gfortran: fatal error: no input files
compilation terminated.
configure:4813: $? = 1
configure:4802: gfortran -qversion >&5
gfortran: error: unrecognized command line option '-qversion'; did you mean '--version'?
gfortran: fatal error: no input files
compilation terminated.
configure:4813: $? = 1
configure:4822: checking whether the compiler supports GNU Fortran
configure:4836: gfortran -c -O2   conftest.F >&5
configure:4836: $? = 0
configure:4846: result: yes
configure:4854: checking whether gfortran accepts -g
configure:4866: gfortran -c -g  conftest.f >&5
configure:4866: $? = 0
configure:4875: result: yes
configure:4912: checking whether gfortran understands -c and -o together
configure:4931: gfortran -O2  -c conftest.f -o conftest2.o >&5
configure:4935: $? = 0
configure:4942: gfortran -O2  -c conftest.f -o conftest2.o >&5
configure:4946: $? = 0
configure:4954: result: yes
configure:5028: checking how to print strings
configure:5055: result: printf
configure:5076: checking for a sed that does not truncate output
configure:5146: result: /bin/sed
configure:5164: checking for grep that handles long lines and -e
configure:5228: result: /bin/grep
configure:5233: checking for egrep
configure:5301: result: /bin/grep -E
configure:5306: checking for fgrep
configure:5374: result: /bin/grep -F
configure:5410: checking for ld used by gcc
configure:5478: result: /usr/bin/ld
configure:5485: checking if the linker (/usr/bin/ld) is GNU ld
configure:5501: result: yes
configure:5513: checking for BSD- or MS-compatible name lister (nm)
configure:5568: result: /usr/bin/nm -B
configure:5708: checking the name lister (/usr/bin/nm -B) interface
configure:5716: gcc -c -O2 -DNDEBUG   conftest.c >&5
configure:5719: /usr/bin/nm -B "conftest.o"
configure:5722: output
0000000000000000 B some_variable
configure:5729: result: BSD nm
configure:5732: checking whether ln -s works
configure:5736: result: yes
configure:5744: checking the maximum length of command line arguments
configure:5876: result: 1572864
configure:5924: checking how to convert x86_64-pc-linux-gnu file names to x86_64-pc-linux-gnu format
configure:5965: result: func_convert_file_noop
configure:5972: checking how to convert x86_64-pc-linux-gnu file names to toolchain format
configure:5993: result: func_convert_file_noop
configure:6000: checking for /usr/bin/ld option to reload object files
configure:6008: result: -r
configure:6087: checking for file
configure:6108: found /usr/bin/file
configure:6119: result: file
configure:6195: checking for objdump
configure:6216: found /usr/bin/objdump
configure:6227: result: objdump
configure:6256: checking how to recognize dependent libraries
configure:6457: result: pass_all
configure:6547: checking for dlltool
configure:6582: result: no
configure:6609: checking how to associate runtime and link libraries
configure:6637: result: printf %s\n
configure:6702: checking for ar
configure:6723: found /usr/bin/ar
configure:6734: result: ar
configure:6787: checking for archiver @FILE support
configure:6805: gcc -c -O2 -DNDEBUG   conftest.c >&5
configure:6805: $? = 0
configure:6809: ar cr libconftest.a @conftest.lst >&5
configure:6812: $? = 0
configure:6817: ar cr libconftest.a @conftest.lst >&5
ar: conftest.o: No such file or directory
configure:6820: $? = 1
configure:6832: result: @
configure:6895: checking for strip
configure:6916: found /usr/bin/strip
configure:6927: result: strip
configure:7004: checking for ranlib
configure:7025: found /usr/bin/ranlib
configure:7036: result: ranlib
configure:7138: checking command to parse /usr/bin/nm -B output from gcc object
configure:7292: gcc -c -O2 -DNDEBUG   conftest.c >&5
configure:7295: $? = 0
configure:7299: /usr/bin/nm -B conftest.o \| /bin/sed -n -e 's/^.*[ ]\([ABCDGIRSTW][ABCDGIRSTW]*\)[ ][ ]*\([_A-Za-z][_A-Za-z0-9]*\)$/\1 \2 \2/p' | /bin/sed '/ __gnu_lto/d' \> conftest.nm
configure:7302: $? = 0
configure:7368: gcc -o conftest -O2 -DNDEBUG    conftest.c conftstm.o >&5
configure:7371: $? = 0
configure:7409: result: ok
configure:7456: checking for sysroot
configure:7487: result: no
configure:7494: checking for a working dd
configure:7538: result: /bin/dd
configure:7542: checking how to truncate binary pipes
configure:7558: result: /bin/dd bs=4096 count=1
configure:7695: gcc -c -O2 -DNDEBUG   conftest.c >&5
configure:7698: $? = 0
configure:7895: checking for mt
configure:7916: found /bin/mt
configure:7927: result: mt
configure:7950: checking if mt is a manifest tool
configure:7957: mt '-?'
configure:7965: result: no
configure:8690: checking for stdio.h
configure:8690: gcc -c -O2 -DNDEBUG   conftest.c >&5
configure:8690: $? = 0
configure:8690: result: yes
configure:8690: checking for stdlib.h
configure:8690: gcc -c -O2 -DNDEBUG   conftest.c >&5
configure:8690: $? = 0
configure:8690: result: yes
configure:8690: checking for string.h
configure:8690: gcc -c -O2 -DNDEBUG   conftest.c >&5
configure:8690: $? = 0
configure:8690: result: yes
configure:8690: checking for inttypes.h
configure:8690: gcc -c -O2 -DNDEBUG   conftest.c >&5
configure:8690: $? = 0
configure:8690: result: yes
configure:8690: checking for stdint.h
configure:8690: gcc -c -O2 -DNDEBUG   conftest.c >&5
configure:8690: $? = 0
configure:8690: result: yes
configure:8690: checking for strings.h
configure:8690: gcc -c -O2 -DNDEBUG   conftest.c >&5
configure:8690: $? = 0
configure:8690: result: yes
configure:8690: checking for sys/stat.h
configure:8690: gcc -c -O2 -DNDEBUG   conftest.c >&5
configure:8690: $? = 0
configure:8690: result: yes
configure:8690: checking for sys/types.h
configure:8690: gcc -c -O2 -DNDEBUG   conftest.c >&5
configure:8690: $? = 0
configure:8690: result: yes
configure:8690: checking for unistd.h
configure:8690: gcc -c -O2 -DNDEBUG   conftest.c >&5
configure:8690: $? = 0
configure:8690: result: yes
configure:8715: checking for dlfcn.h
configure:8715: gcc -c -O2 -DNDEBUG   conftest.c >&5
configure:8715: $? = 0
configure:8715: result: yes
configure:8848: checking the archiver (ar) interface
configure:8865: gcc -c -O2 -DNDEBUG   conftest.c >&5
configure:8865: $? = 0
configure:8868: ar cru libconftest.a conftest.o >&5
ar: `u' modifier ignored since `D' is the default (see `U')
configure:8871: $? = 0
configure:8899: result: ar
configure:9497: checking for objdir
configure:9513: result: .libs
configure:9773: checking if gcc supports -fno-rtti -fno-exceptions
configure:9792: gcc -c -O2 -DNDEBUG   -fno-rtti -fno-exceptions conftest.c >&5
cc1: warning: command line option '-fno-rtti' is valid for C++/ObjC++ but not for C
configure:9796: $? = 0
configure:9809: result: no
configure:10167: checking for gcc option to produce PIC
configure:10175: result: -fPIC -DPIC
configure:10183: checking if gcc PIC flag -fPIC -DPIC works
configure:10202: gcc -c -O2 -DNDEBUG   -fPIC -DPIC -DPIC conftest.c >&5
configure:10206: $? = 0
configure:10219: result: yes
configure:10248: checking if gcc static flag -static works
configure:10277: result: yes
configure:10292: checking if gcc supports -c -o file.o
configure:10314: gcc -c -O2 -DNDEBUG   -o out/conftest2.o conftest.c >&5
configure:10318: $? = 0
configure:10340: result: yes
configure:10348: checking if gcc supports -c -o file.o
configure:10396: result: yes
configure:10429: checking whether the gcc linker (/usr/bin/ld -m elf_x86_64) supports shared libraries
configure:11697: result: yes
configure:11734: checking whether -lc should be explicitly linked in
configure:11743: gcc -c -O2 -DNDEBUG   conftest.c >&5
configure:11746: $? = 0
configure:11761: gcc -shared  -fPIC -DPIC conftest.o  -v -Wl,-soname -Wl,conftest -o conftest 2\>\&1 \| /bin/grep  -lc  \>/dev/null 2\>\&1
configure:11764: $? = 0
configure:11778: result: no
configure:11938: checking dynamic linker characteristics
configure:12520: gcc -o conftest -O2 -DNDEBUG    -Wl,-rpath -Wl,/foo conftest.c  >&5
configure:12520: $? = 0
configure:12759: result: GNU/Linux ld.so
configure:12881: checking how to hardcode library paths into programs
configure:12906: result: immediate
configure:13458: checking whether stripping libraries is possible
configure:13467: result: yes
configure:13509: checking if libtool supports shared libraries
configure:13511: result: yes
configure:13514: checking whether to build shared libraries
configure:13539: result: yes
configure:13542: checking whether to build static libraries
configure:13546: result: no
configure:13668: checking if libtool supports shared libraries
configure:13670: result: yes
configure:13673: checking whether to build shared libraries
configure:13697: result: yes
configure:13700: checking whether to build static libraries
configure:13704: result: no
configure:13738: gfortran -c -O2   conftest.f >&5
configure:13741: $? = 0
configure:14219: checking for gfortran option to produce PIC
configure:14227: result: -fPIC
configure:14235: checking if gfortran PIC flag -fPIC works
configure:14254: gfortran -c -O2  -fPIC  conftest.f >&5
configure:14258: $? = 0
configure:14271: result: yes
configure:14294: checking if gfortran static flag -static works
configure:14323: result: yes
configure:14335: checking if gfortran supports -c -o file.o
configure:14357: gfortran -c -O2  -o out/conftest2.o  conftest.f >&5
configure:14361: $? = 0
configure:14383: result: yes
configure:14388: checking if gfortran supports -c -o file.o
configure:14436: result: yes
configure:14466: checking whether the gfortran linker (/usr/bin/ld -m elf_x86_64) supports shared libraries
configure:15683: result: yes
configure:15825: checking dynamic linker characteristics
configure:16567: result: GNU/Linux ld.so
configure:16632: checking how to hardcode library paths into programs
configure:16657: result: immediate
configure:16726: libtool version info: -version-number 3:0:4
configure:16748: checking how to get verbose linking output from gfortran
configure:16759: gfortran -c -O2   conftest.f >&5
configure:16759: $? = 0
configure:16778: gfortran -o conftest -O2 -v conftest.f
Using built-in specs.
Target: x86_64-linux-gnu
Thread model: posix
gcc version 7.5.0 (Ubuntu 7.5.0-3ubuntu1~18.04) 
 /usr/lib/gcc/x86_64-linux-gnu/7/f951 conftest.f -ffixed-form -quiet -dumpbase conftest.f -mtune=generic -march=x86-64 -auxbase conftest -O2 -version -fintrinsic-modules-path /usr/lib/gcc/x86_64-linux-gnu/7/finclude -o /tmp/ccZGh2d8.s
GNU Fortran (Ubuntu 7.5.0-3ubuntu1~18.04) version 7.5.0 (x86_64-linux-gnu)
	compiled by GNU C version 7.5.0, GMP version 6.1.2, MPFR version 4.0.1, MPC version 1.1.0, isl version isl-0.19-GMP

GGC heuristics: --param ggc-min-expand=100 --param ggc-min-heapsize=131072
GNU Fortran2008 (Ubuntu 7.5.0-3ubuntu1~18.04) version 7.5.0 (x86_64-linux-gnu)
	compiled by GNU C version 7.5.0, GMP version 6.1.2, MPFR version 4.0.1, MPC version 1.1.0, isl version isl-0.19-GMP

GGC heuristics: --param ggc-min-expand=100 --param ggc-min-heapsize=131072
 as -v --64 -o /tmp/ccGZNh92.o /tmp/ccZGh2d8.s
GNU assembler version 2.30 (x86_64-linux-gnu) using BFD version (GNU Binutils for Ubuntu) 2.30
Reading specs from /usr/lib/gcc/x86_64-linux-gnu/7/libgfortran.spec
rename spec lib to liborig
 /usr/lib/gcc/x86_64-linux-gnu/7/collect2 -plugin /usr/lib/gcc/x86_64-linux-gnu/7/liblto_plugin.so -plugin-opt=/usr/lib/gcc/x86_64-linux-gnu/7/lto-wrapper -plugin-opt=-fresolution=/tmp/ccrQii5X.res -plugin-opt=-pass-through=-lgcc_s -plugin-opt=-pass-through=-lgcc -plugin-opt=-pass-through=-lquadmath -plugin-opt=-pass-through=-lm -plugin-opt=-pass-through=-lgcc_s -plugin-opt=-pass-through=-lgcc -plugin-opt=-pass-through=-lc -plugin-opt=-pass-through=-lgcc_s -plugin-opt=-pass-through=-lgcc --build-id --eh-frame-hdr -m elf_x86_64 --hash-style=gnu --as-needed -dynamic-linker /lib64/ld-linux-x86-64.so.2 -pie -z now -z relro -o conftest /usr/lib/gcc/x86_64-linux-gnu/7/../../../x86_64-linux-gnu/Scrt1.o /usr/lib/gcc/x86_64-linux-gnu/7/../../../x86_64-linux-gnu/crti.o /usr/lib/gcc/x86_64-linux-gnu/7/crtbeginS.o -L/usr/lib/gcc/x86_64-linux-gnu/7 -L/usr/lib/gcc/x86_64-linux-gnu/7/../../../x86_64-linux-gnu -L/usr/lib/gcc/x86_64-linux-gnu/7/../../../../lib -L/lib/x86_64-linux-gnu -L/lib/../lib -L/usr/lib/x86_64-linux-gnu -L/usr/lib/../lib -L/usr/lib/gcc/x86_64-linux-gnu/7/../../.. /tmp/ccGZNh92.o -lgfortran -lm -lgcc_s -lgcc -lquadmath -lm -lgcc_s -lgcc -lc -lgcc_s -lgcc /usr/lib/gcc/x86_64-linux-gnu/7/crtendS.o /usr/lib/gcc/x86_64-linux-gnu/7/../../../x86_64-linux-gnu/crtn.o
configure:16861: result: -v
configure:16863: checking for Fortran libraries of gfortran
configure:16887: gfortran -o conftest -O2 -v conftest.f
Using built-in specs.
Target: x86_64-linux-gnu
Thread model: posix
gcc version 7.5.0 (Ubuntu 7.5.0-3ubuntu1~18.04) 
 /usr/lib/gcc/x86_64-linux-gnu/7/f951 conftest.f -ffixed-form -quiet -dumpbase conftest.f -mtune=generic -march=x86-64 -auxbase conftest -O2 -version -fintrinsic-modules-path /usr/lib/gcc/x86_64-linux-gnu/7/finclude -o /tmp/cctpVk49.s
GNU Fortran (Ubuntu 7.5.0-3ubuntu1~18.04) version 7.5.0 (x86_64-linux-gnu)
	compiled by GNU C version 7.5.0, GMP version 6.1.2, MPFR version 4.0.1, MPC version 1.1.0, isl version isl-0.19-GMP

GGC heuristics: --param ggc-min-expand=100 --param ggc-min-heapsize=131072
GNU Fortran2008 (Ubuntu 7.5.0-3ubuntu1~18.04) version 7.5.0 (x86_64-linux-gnu)
	compiled by GNU C version 7.5.0, GMP version 6.1.2, MPFR version 4.0.1, MPC version 1.1.0, isl version isl-0.19-GMP

GGC heuristics: --param ggc-min-expand=100 --param ggc-min-heapsize=131072
 as -v --64 -o /tmp/cc3vka84.o /tmp/cctpVk49.s
GNU assembler version 2.30 (x86_64-linux-gnu) using BFD version (GNU Binutils for Ubuntu) 2.30
Reading specs from /usr/lib/gcc/x86_64-linux-gnu/7/libgfortran.spec
rename spec lib to liborig
 /usr/lib/gcc/x86_64-linux-gnu/7/collect2 -plugin /usr/lib/gcc/x86_64-linux-gnu/7/liblto_plugin.so -plugin-opt=/usr/lib/gcc/x86_64-linux-gnu/7/lto-wrapper -plugin-opt=-fresolution=/tmp/cc5oqKc0.res -plugin-opt=-pass-through=-lgcc_s -plugin-opt=-pass-through=-lgcc -plugin-opt=-pass-through=-lquadmath -plugin-opt=-pass-through=-lm -plugin-opt=-pass-through=-lgcc_s -plugin-opt=-pass-through=-lgcc -plugin-opt=-pass-through=-lc -plugin-opt=-pass-through=-lgcc_s -plugin-opt=-pass-through=-lgcc --build-id --eh-frame-hdr -m elf_x86_64 --hash-style=gnu --as-needed -dynamic-linker /lib64/ld-linux-x86-64.so.2 -pie -z now -z relro -o conftest /usr/lib/gcc/x86_64-linux-gnu/7/../../../x86_64-linux-gnu/Scrt1.o /usr/lib/gcc/x86_64-linux-gnu/7/../../../x86_64-linux-gnu/crti.o /usr/lib/gcc/x86_64-linux-gnu/7/crtbeginS.o -L/usr/lib/gcc/x86_64-linux-gnu/7 -L/usr/lib/gcc/x86_64-linux-gnu/7/../../../x86_64-linux-gnu -L/usr/lib/gcc/x86_64-linux-gnu/7/../../../../lib -L/lib/x86_64-linux-gnu -L/lib/../lib -L/usr/lib/x86_64-linux-gnu -L/usr/lib/../lib -L/usr/lib/gcc/x86_64-linux-gnu/7/../../.. /tmp/cc3vka84.o -lgfortran -lm -lgcc_s -lgcc -lquadmath -lm -lgcc_s -lgcc -lc -lgcc_s -lgcc /usr/lib/gcc/x86_64-linux-gnu/7/crtendS.o /usr/lib/gcc/x86_64-linux-gnu/7/../../../x86_64-linux-gnu/crtn.o
configure:17103: result:  -L/usr/lib/gcc/x86_64-linux-gnu/7 -L/usr/lib/gcc/x86_64-linux-gnu/7/../../../x86_64-linux-gnu -L/usr/lib/gcc/x86_64-linux-gnu/7/../../../../lib -L/lib/x86_64-linux-gnu -L/lib/../lib -L/usr/lib/x86_64-linux-gnu -L/usr/lib/../lib -L/usr/lib/gcc/x86_64-linux-gnu/7/../../.. -lgfortran -lm -lquadmath
configure:17119: checking for dummy main to link with Fortran libraries
configure:17154: gcc -o conftest -O2 -DNDEBUG    conftest.c   -L/usr/lib/gcc/x86_64-linux-gnu/7 -L/usr/lib/gcc/x86_64-linux-gnu/7/../../../x86_64-linux-gnu -L/usr/lib/gcc/x86_64-linux-gnu/7/../../../../lib -L/lib/x86_64-linux-gnu -L/lib/../lib -L/usr/lib/x86_64-linux-gnu -L/usr/lib/../lib -L/usr/lib/gcc/x86_64-linux-gnu/7/../../.. -lgfortran -lm -lquadmath >&5
configure:17154: $? = 0
configure:17201: result: none
configure:17233: checking for Fortran name-mangling scheme
configure:17247: gfortran -c -O2   conftest.f >&5
configure:17247: $? = 0
configure:17286: gcc -o conftest -O2 -DNDEBUG    conftest.c cfortran_test.o   -L/usr/lib/gcc/x86_64-linux-gnu/7 -L/usr/lib/gcc/x86_64-linux-gnu/7/../../../x86_64-linux-gnu -L/usr/lib/gcc/x86_64-linux-gnu/7/../../../../lib -L/lib/x86_64-linux-gnu -L/lib/../lib -L/usr/lib/x86_64-linux-gnu -L/usr/lib/../lib -L/usr/lib/gcc/x86_64-linux-gnu/7/../../.. -lgfortran -lm -lquadmath >&5
/tmp/ccd3t5q2.o: In function `main':
conftest.c:(.text.startup+0x7): undefined reference to `foobar'
collect2: error: ld returned 1 exit status
configure:17286: $? = 1
configure: failed program was:
| /* confdefs.h */
| #define PACKAGE_NAME "ThirdPartyMumps"
| #define PACKAGE_TARNAME "thirdpartymumps"
| #define PACKAGE_VERSION "3.0.4"
| #define PACKAGE_STRING "ThirdPartyMumps 3.0.4"
| #define PACKAGE_BUGREPORT "https://github.com/coin-or-tools/ThirdParty-Mumps/issues/new"
| #define PACKAGE_URL "https://github.com/coin-or-tools/ThirdParty-Mumps"
| #define THIRDPARTYMUMPS_VERSION "3.0.4"
| #define THIRDPARTYMUMPS_VERSION_MAJOR 3
| #define THIRDPARTYMUMPS_VERSION_MINOR 0
| #define THIRDPARTYMUMPS_VERSION_RELEASE 4
| #define HAVE_STDIO_H 1
| #define HAVE_STDLIB_H 1
| #define HAVE_STRING_H 1
| #define HAVE_INTTYPES_H 1
| #define HAVE_STDINT_H 1
| #define HAVE_STRINGS_H 1
| #define HAVE_SYS_STAT_H 1
| #define HAVE_SYS_TYPES_H 1
| #define HAVE_UNISTD_H 1
| #define STDC_HEADERS 1
| #define HAVE_DLFCN_H 1
| #define LT_OBJDIR ".libs/"
| /* end confdefs.h.  */
| 
| /* Override any GCC internal prototype to avoid an error.
|    Use char because int might match the return type of a GCC
|    builtin and then its argument prototype would still apply.  */
| char foobar ();
| #ifdef FC_DUMMY_MAIN
| #ifndef FC_DUMMY_MAIN_EQ_F77
| #  ifdef __cplusplus
|      extern "C"
| #  endif
|    int FC_DUMMY_MAIN() { return 1; }
| #endif
| #endif
| int
| main (void)
| {
| return foobar ();
|   ;
|   return 0;
| }
configure:17286: gcc -o conftest -O2 -DNDEBUG    conftest.c cfortran_test.o   -L/usr/lib/gcc/x86_64-linux-gnu/7 -L/usr/lib/gcc/x86_64-linux-gnu/7/../../../x86_64-linux-gnu -L/usr/lib/gcc/x86_64-linux-gnu/7/../../../../lib -L/lib/x86_64-linux-gnu -L/lib/../lib -L/usr/lib/x86_64-linux-gnu -L/usr/lib/../lib -L/usr/lib/gcc/x86_64-linux-gnu/7/../../.. -lgfortran -lm -lquadmath >&5
configure:17286: $? = 0
configure:17342: gcc -o conftest -O2 -DNDEBUG    conftest.c cfortran_test.o   -L/usr/lib/gcc/x86_64-linux-gnu/7 -L/usr/lib/gcc/x86_64-linux-gnu/7/../../../x86_64-linux-gnu -L/usr/lib/gcc/x86_64-linux-gnu/7/../../../../lib -L/lib/x86_64-linux-gnu -L/lib/../lib -L/usr/lib/x86_64-linux-gnu -L/usr/lib/../lib -L/usr/lib/gcc/x86_64-linux-gnu/7/../../.. -lgfortran -lm -lquadmath >&5
configure:17342: $? = 0
configure:17385: result: lower case, underscore, no extra underscore
configure:17528: checking for pthread.h
configure:17528: gcc -c -O2 -DNDEBUG   conftest.c >&5
configure:17528: $? = 0
configure:17528: result: yes
configure:17538: checking for pthread_create in -lpthread
configure:17569: gcc -o conftest -O2 -DNDEBUG    conftest.c -lpthread   >&5
configure:17569: $? = 0
configure:17579: result: yes
configure:17747: checking for pkgconf
configure:17782: result: no
configure:17747: checking for pkg-config
configure:17768: found /usr/bin/pkg-config
configure:17779: result: pkg-config
configure:17806: checking pkg-config is at least version 0.16.0
configure:17810: result: yes: 0.29.1
configure:17846: pkg-config path is "/usr/local/lib/pkgconfig:"
configure:17851: checking for LAPACK
configure:18026: gcc -o conftest -O2 -DNDEBUG    conftest.c -lmkl_intel_lp64 -lmkl_sequential -lmkl_core -lm  >&5
/usr/bin/ld: cannot find -lmkl_intel_lp64
/usr/bin/ld: cannot find -lmkl_sequential
/usr/bin/ld: cannot find -lmkl_core
collect2: error: ld returned 1 exit status
configure:18026: $? = 1
configure: failed program was:
| /* confdefs.h */
| #define PACKAGE_NAME "ThirdPartyMumps"
| #define PACKAGE_TARNAME "thirdpartymumps"
| #define PACKAGE_VERSION "3.0.4"
| #define PACKAGE_STRING "ThirdPartyMumps 3.0.4"
| #define PACKAGE_BUGREPORT "https://github.com/coin-or-tools/ThirdParty-Mumps/issues/new"
| #define PACKAGE_URL "https://github.com/coin-or-tools/ThirdParty-Mumps"
| #define THIRDPARTYMUMPS_VERSION "3.0.4"
| #define THIRDPARTYMUMPS_VERSION_MAJOR 3
| #define THIRDPARTYMUMPS_VERSION_MINOR 0
| #define THIRDPARTYMUMPS_VERSION_RELEASE 4
| #define HAVE_STDIO_H 1
| #define HAVE_STDLIB_H 1
| #define HAVE_STRING_H 1
| #define HAVE_INTTYPES_H 1
| #define HAVE_STDINT_H 1
| #define HAVE_STRINGS_H 1
| #define HAVE_SYS_STAT_H 1
| #define HAVE_SYS_TYPES_H 1
| #define HAVE_UNISTD_H 1
| #define STDC_HEADERS 1
| #define HAVE_DLFCN_H 1
| #define LT_OBJDIR ".libs/"
| #define FC_FUNC(name,NAME) name ## _
| #define FC_FUNC_(name,NAME) name ## _
| #define MUMPS_INTSIZE32 /**/
| /* end confdefs.h.  */
| 
| /* Override any GCC internal prototype to avoid an error.
|    Use char because int might match the return type of a GCC
|    builtin and then its argument prototype would still apply.  */
| char dsyev_ ();
| #ifdef FC_DUMMY_MAIN
| #ifndef FC_DUMMY_MAIN_EQ_F77
| #  ifdef __cplusplus
|      extern "C"
| #  endif
|    int FC_DUMMY_MAIN() { return 1; }
| #endif
| #endif
| int
| main (void)
| {
| return dsyev_ ();
|   ;
|   return 0;
| }
configure:18026: gcc -o conftest -O2 -DNDEBUG    conftest.c -lmkl_intel_lp64 -lmkl_sequential -lmkl_core -lm  >&5
/usr/bin/ld: cannot find -lmkl_intel_lp64
/usr/bin/ld: cannot find -lmkl_sequential
/usr/bin/ld: cannot find -lmkl_core
collect2: error: ld returned 1 exit status
configure:18026: $? = 1
configure: failed program was:
| /* confdefs.h */
| #define PACKAGE_NAME "ThirdPartyMumps"
| #define PACKAGE_TARNAME "thirdpartymumps"
| #define PACKAGE_VERSION "3.0.4"
| #define PACKAGE_STRING "ThirdPartyMumps 3.0.4"
| #define PACKAGE_BUGREPORT "https://github.com/coin-or-tools/ThirdParty-Mumps/issues/new"
| #define PACKAGE_URL "https://github.com/coin-or-tools/ThirdParty-Mumps"
| #define THIRDPARTYMUMPS_VERSION "3.0.4"
| #define THIRDPARTYMUMPS_VERSION_MAJOR 3
| #define THIRDPARTYMUMPS_VERSION_MINOR 0
| #define THIRDPARTYMUMPS_VERSION_RELEASE 4
| #define HAVE_STDIO_H 1
| #define HAVE_STDLIB_H 1
| #define HAVE_STRING_H 1
| #define HAVE_INTTYPES_H 1
| #define HAVE_STDINT_H 1
| #define HAVE_STRINGS_H 1
| #define HAVE_SYS_STAT_H 1
| #define HAVE_SYS_TYPES_H 1
| #define HAVE_UNISTD_H 1
| #define STDC_HEADERS 1
| #define HAVE_DLFCN_H 1
| #define LT_OBJDIR ".libs/"
| #define FC_FUNC(name,NAME) name ## _
| #define FC_FUNC_(name,NAME) name ## _
| #define MUMPS_INTSIZE32 /**/
| /* end confdefs.h.  */
| 
| /* Override any GCC internal prototype to avoid an error.
|    Use char because int might match the return type of a GCC
|    builtin and then its argument prototype would still apply.  */
| char dsyev ();
| #ifdef FC_DUMMY_MAIN
| #ifndef FC_DUMMY_MAIN_EQ_F77
| #  ifdef __cplusplus
|      extern "C"
| #  endif
|    int FC_DUMMY_MAIN() { return 1; }
| #endif
| #endif
| int
| main (void)
| {
| return dsyev ();
|   ;
|   return 0;
| }
configure:18026: gcc -o conftest -O2 -DNDEBUG    conftest.c -lmkl_intel_lp64 -lmkl_sequential -lmkl_core -lm  >&5
/usr/bin/ld: cannot find -lmkl_intel_lp64
/usr/bin/ld: cannot find -lmkl_sequential
/usr/bin/ld: cannot find -lmkl_core
collect2: error: ld returned 1 exit status
configure:18026: $? = 1
configure: failed program was:
| /* confdefs.h */
| #define PACKAGE_NAME "ThirdPartyMumps"
| #define PACKAGE_TARNAME "thirdpartymumps"
| #define PACKAGE_VERSION "3.0.4"
| #define PACKAGE_STRING "ThirdPartyMumps 3.0.4"
| #define PACKAGE_BUGREPORT "https://github.com/coin-or-tools/ThirdParty-Mumps/issues/new"
| #define PACKAGE_URL "https://github.com/coin-or-tools/ThirdParty-Mumps"
| #define THIRDPARTYMUMPS_VERSION "3.0.4"
| #define THIRDPARTYMUMPS_VERSION_MAJOR 3
| #define THIRDPARTYMUMPS_VERSION_MINOR 0
| #define THIRDPARTYMUMPS_VERSION_RELEASE 4
| #define HAVE_STDIO_H 1
| #define HAVE_STDLIB_H 1
| #define HAVE_STRING_H 1
| #define HAVE_INTTYPES_H 1
| #define HAVE_STDINT_H 1
| #define HAVE_STRINGS_H 1
| #define HAVE_SYS_STAT_H 1
| #define HAVE_SYS_TYPES_H 1
| #define HAVE_UNISTD_H 1
| #define STDC_HEADERS 1
| #define HAVE_DLFCN_H 1
| #define LT_OBJDIR ".libs/"
| #define FC_FUNC(name,NAME) name ## _
| #define FC_FUNC_(name,NAME) name ## _
| #define MUMPS_INTSIZE32 /**/
| /* end confdefs.h.  */
| 
| /* Override any GCC internal prototype to avoid an error.
|    Use char because int might match the return type of a GCC
|    builtin and then its argument prototype would still apply.  */
| char DSYEV_ ();
| #ifdef FC_DUMMY_MAIN
| #ifndef FC_DUMMY_MAIN_EQ_F77
| #  ifdef __cplusplus
|      extern "C"
| #  endif
|    int FC_DUMMY_MAIN() { return 1; }
| #endif
| #endif
| int
| main (void)
| {
| return DSYEV_ ();
|   ;
|   return 0;
| }
configure:18026: gcc -o conftest -O2 -DNDEBUG    conftest.c -lmkl_intel_lp64 -lmkl_sequential -lmkl_core -lm  >&5
/usr/bin/ld: cannot find -lmkl_intel_lp64
/usr/bin/ld: cannot find -lmkl_sequential
/usr/bin/ld: cannot find -lmkl_core
collect2: error: ld returned 1 exit status
configure:18026: $? = 1
configure: failed program was:
| /* confdefs.h */
| #define PACKAGE_NAME "ThirdPartyMumps"
| #define PACKAGE_TARNAME "thirdpartymumps"
| #define PACKAGE_VERSION "3.0.4"
| #define PACKAGE_STRING "ThirdPartyMumps 3.0.4"
| #define PACKAGE_BUGREPORT "https://github.com/coin-or-tools/ThirdParty-Mumps/issues/new"
| #define PACKAGE_URL "https://github.com/coin-or-tools/ThirdParty-Mumps"
| #define THIRDPARTYMUMPS_VERSION "3.0.4"
| #define THIRDPARTYMUMPS_VERSION_MAJOR 3
| #define THIRDPARTYMUMPS_VERSION_MINOR 0
| #define THIRDPARTYMUMPS_VERSION_RELEASE 4
| #define HAVE_STDIO_H 1
| #define HAVE_STDLIB_H 1
| #define HAVE_STRING_H 1
| #define HAVE_INTTYPES_H 1
| #define HAVE_STDINT_H 1
| #define HAVE_STRINGS_H 1
| #define HAVE_SYS_STAT_H 1
| #define HAVE_SYS_TYPES_H 1
| #define HAVE_UNISTD_H 1
| #define STDC_HEADERS 1
| #define HAVE_DLFCN_H 1
| #define LT_OBJDIR ".libs/"
| #define FC_FUNC(name,NAME) name ## _
| #define FC_FUNC_(name,NAME) name ## _
| #define MUMPS_INTSIZE32 /**/
| /* end confdefs.h.  */
| 
| /* Override any GCC internal prototype to avoid an error.
|    Use char because int might match the return type of a GCC
|    builtin and then its argument prototype would still apply.  */
| char DSYEV ();
| #ifdef FC_DUMMY_MAIN
| #ifndef FC_DUMMY_MAIN_EQ_F77
| #  ifdef __cplusplus
|      extern "C"
| #  endif
|    int FC_DUMMY_MAIN() { return 1; }
| #endif
| #endif
| int
| main (void)
| {
| return DSYEV ();
|   ;
|   return 0;
| }
configure:18026: gcc -o conftest -O2 -DNDEBUG    conftest.c -lmkl_intel_lp64 -lmkl_sequential -lmkl_core -lm  >&5
/usr/bin/ld: cannot find -lmkl_intel_lp64
/usr/bin/ld: cannot find -lmkl_sequential
/usr/bin/ld: cannot find -lmkl_core
collect2: error: ld returned 1 exit status
configure:18026: $? = 1
configure: failed program was:
| /* confdefs.h */
| #define PACKAGE_NAME "ThirdPartyMumps"
| #define PACKAGE_TARNAME "thirdpartymumps"
| #define PACKAGE_VERSION "3.0.4"
| #define PACKAGE_STRING "ThirdPartyMumps 3.0.4"
| #define PACKAGE_BUGREPORT "https://github.com/coin-or-tools/ThirdParty-Mumps/issues/new"
| #define PACKAGE_URL "https://github.com/coin-or-tools/ThirdParty-Mumps"
| #define THIRDPARTYMUMPS_VERSION "3.0.4"
| #define THIRDPARTYMUMPS_VERSION_MAJOR 3
| #define THIRDPARTYMUMPS_VERSION_MINOR 0
| #define THIRDPARTYMUMPS_VERSION_RELEASE 4
| #define HAVE_STDIO_H 1
| #define HAVE_STDLIB_H 1
| #define HAVE_STRING_H 1
| #define HAVE_INTTYPES_H 1
| #define HAVE_STDINT_H 1
| #define HAVE_STRINGS_H 1
| #define HAVE_SYS_STAT_H 1
| #define HAVE_SYS_TYPES_H 1
| #define HAVE_UNISTD_H 1
| #define STDC_HEADERS 1
| #define HAVE_DLFCN_H 1
| #define LT_OBJDIR ".libs/"
| #define FC_FUNC(name,NAME) name ## _
| #define FC_FUNC_(name,NAME) name ## _
| #define MUMPS_INTSIZE32 /**/
| /* end confdefs.h.  */
| 
| /* Override any GCC internal prototype to avoid an error.
|    Use char because int might match the return type of a GCC
|    builtin and then its argument prototype would still apply.  */
| char dsyev__ ();
| #ifdef FC_DUMMY_MAIN
| #ifndef FC_DUMMY_MAIN_EQ_F77
| #  ifdef __cplusplus
|      extern "C"
| #  endif
|    int FC_DUMMY_MAIN() { return 1; }
| #endif
| #endif
| int
| main (void)
| {
| return dsyev__ ();
|   ;
|   return 0;
| }
configure:18026: gcc -o conftest -O2 -DNDEBUG    conftest.c -lmkl_intel_lp64 -lmkl_sequential -lmkl_core -lm  >&5
/usr/bin/ld: cannot find -lmkl_intel_lp64
/usr/bin/ld: cannot find -lmkl_sequential
/usr/bin/ld: cannot find -lmkl_core
collect2: error: ld returned 1 exit status
configure:18026: $? = 1
configure: failed program was:
| /* confdefs.h */
| #define PACKAGE_NAME "ThirdPartyMumps"
| #define PACKAGE_TARNAME "thirdpartymumps"
| #define PACKAGE_VERSION "3.0.4"
| #define PACKAGE_STRING "ThirdPartyMumps 3.0.4"
| #define PACKAGE_BUGREPORT "https://github.com/coin-or-tools/ThirdParty-Mumps/issues/new"
| #define PACKAGE_URL "https://github.com/coin-or-tools/ThirdParty-Mumps"
| #define THIRDPARTYMUMPS_VERSION "3.0.4"
| #define THIRDPARTYMUMPS_VERSION_MAJOR 3
| #define THIRDPARTYMUMPS_VERSION_MINOR 0
| #define THIRDPARTYMUMPS_VERSION_RELEASE 4
| #define HAVE_STDIO_H 1
| #define HAVE_STDLIB_H 1
| #define HAVE_STRING_H 1
| #define HAVE_INTTYPES_H 1
| #define HAVE_STDINT_H 1
| #define HAVE_STRINGS_H 1
| #define HAVE_SYS_STAT_H 1
| #define HAVE_SYS_TYPES_H 1
| #define HAVE_UNISTD_H 1
| #define STDC_HEADERS 1
| #define HAVE_DLFCN_H 1
| #define LT_OBJDIR ".libs/"
| #define FC_FUNC(name,NAME) name ## _
| #define FC_FUNC_(name,NAME) name ## _
| #define MUMPS_INTSIZE32 /**/
| /* end confdefs.h.  */
| 
| /* Override any GCC internal prototype to avoid an error.
|    Use char because int might match the return type of a GCC
|    builtin and then its argument prototype would still apply.  */
| char dsyev_ ();
| #ifdef FC_DUMMY_MAIN
| #ifndef FC_DUMMY_MAIN_EQ_F77
| #  ifdef __cplusplus
|      extern "C"
| #  endif
|    int FC_DUMMY_MAIN() { return 1; }
| #endif
| #endif
| int
| main (void)
| {
| return dsyev_ ();
|   ;
|   return 0;
| }
configure:18026: gcc -o conftest -O2 -DNDEBUG    conftest.c -lmkl_intel_lp64 -lmkl_sequential -lmkl_core -lm  >&5
/usr/bin/ld: cannot find -lmkl_intel_lp64
/usr/bin/ld: cannot find -lmkl_sequential
/usr/bin/ld: cannot find -lmkl_core
collect2: error: ld returned 1 exit status
configure:18026: $? = 1
configure: failed program was:
| /* confdefs.h */
| #define PACKAGE_NAME "ThirdPartyMumps"
| #define PACKAGE_TARNAME "thirdpartymumps"
| #define PACKAGE_VERSION "3.0.4"
| #define PACKAGE_STRING "ThirdPartyMumps 3.0.4"
| #define PACKAGE_BUGREPORT "https://github.com/coin-or-tools/ThirdParty-Mumps/issues/new"
| #define PACKAGE_URL "https://github.com/coin-or-tools/ThirdParty-Mumps"
| #define THIRDPARTYMUMPS_VERSION "3.0.4"
| #define THIRDPARTYMUMPS_VERSION_MAJOR 3
| #define THIRDPARTYMUMPS_VERSION_MINOR 0
| #define THIRDPARTYMUMPS_VERSION_RELEASE 4
| #define HAVE_STDIO_H 1
| #define HAVE_STDLIB_H 1
| #define HAVE_STRING_H 1
| #define HAVE_INTTYPES_H 1
| #define HAVE_STDINT_H 1
| #define HAVE_STRINGS_H 1
| #define HAVE_SYS_STAT_H 1
| #define HAVE_SYS_TYPES_H 1
| #define HAVE_UNISTD_H 1
| #define STDC_HEADERS 1
| #define HAVE_DLFCN_H 1
| #define LT_OBJDIR ".libs/"
| #define FC_FUNC(name,NAME) name ## _
| #define FC_FUNC_(name,NAME) name ## _
| #define MUMPS_INTSIZE32 /**/
| /* end confdefs.h.  */
| 
| /* Override any GCC internal prototype to avoid an error.
|    Use char because int might match the return type of a GCC
|    builtin and then its argument prototype would still apply.  */
| char DSYEV__ ();
| #ifdef FC_DUMMY_MAIN
| #ifndef FC_DUMMY_MAIN_EQ_F77
| #  ifdef __cplusplus
|      extern "C"
| #  endif
|    int FC_DUMMY_MAIN() { return 1; }
| #endif
| #endif
| int
| main (void)
| {
| return DSYEV__ ();
|   ;
|   return 0;
| }
configure:18026: gcc -o conftest -O2 -DNDEBUG    conftest.c -lmkl_intel_lp64 -lmkl_sequential -lmkl_core -lm  >&5
/usr/bin/ld: cannot find -lmkl_intel_lp64
/usr/bin/ld: cannot find -lmkl_sequential
/usr/bin/ld: cannot find -lmkl_core
collect2: error: ld returned 1 exit status
configure:18026: $? = 1
configure: failed program was:
| /* confdefs.h */
| #define PACKAGE_NAME "ThirdPartyMumps"
| #define PACKAGE_TARNAME "thirdpartymumps"
| #define PACKAGE_VERSION "3.0.4"
| #define PACKAGE_STRING "ThirdPartyMumps 3.0.4"
| #define PACKAGE_BUGREPORT "https://github.com/coin-or-tools/ThirdParty-Mumps/issues/new"
| #define PACKAGE_URL "https://github.com/coin-or-tools/ThirdParty-Mumps"
| #define THIRDPARTYMUMPS_VERSION "3.0.4"
| #define THIRDPARTYMUMPS_VERSION_MAJOR 3
| #define THIRDPARTYMUMPS_VERSION_MINOR 0
| #define THIRDPARTYMUMPS_VERSION_RELEASE 4
| #define HAVE_STDIO_H 1
| #define HAVE_STDLIB_H 1
| #define HAVE_STRING_H 1
| #define HAVE_INTTYPES_H 1
| #define HAVE_STDINT_H 1
| #define HAVE_STRINGS_H 1
| #define HAVE_SYS_STAT_H 1
| #define HAVE_SYS_TYPES_H 1
| #define HAVE_UNISTD_H 1
| #define STDC_HEADERS 1
| #define HAVE_DLFCN_H 1
| #define LT_OBJDIR ".libs/"
| #define FC_FUNC(name,NAME) name ## _
| #define FC_FUNC_(name,NAME) name ## _
| #define MUMPS_INTSIZE32 /**/
| /* end confdefs.h.  */
| 
| /* Override any GCC internal prototype to avoid an error.
|    Use char because int might match the return type of a GCC
|    builtin and then its argument prototype would still apply.  */
| char DSYEV_ ();
| #ifdef FC_DUMMY_MAIN
| #ifndef FC_DUMMY_MAIN_EQ_F77
| #  ifdef __cplusplus
|      extern "C"
| #  endif
|    int FC_DUMMY_MAIN() { return 1; }
| #endif
| #endif
| int
| main (void)
| {
| return DSYEV_ ();
|   ;
|   return 0;
| }
configure:18469: gcc -o conftest -O2 -DNDEBUG    conftest.c -llapack  >&5
configure:18469: $? = 0
configure:18590: result: yes: generic module (lapack.pc blas.pc)
configure:18712: checking for function dgemmt_ in -llapack -lblas  
configure:18737: gcc -o conftest -O2 -DNDEBUG    conftest.c -llapack -lblas   >&5
/tmp/cciWSE6O.o: In function `main':
conftest.c:(.text.startup+0x7): undefined reference to `dgemmt_'
collect2: error: ld returned 1 exit status
configure:18737: $? = 1
configure: failed program was:
| /* confdefs.h */
| #define PACKAGE_NAME "ThirdPartyMumps"
| #define PACKAGE_TARNAME "thirdpartymumps"
| #define PACKAGE_VERSION "3.0.4"
| #define PACKAGE_STRING "ThirdPartyMumps 3.0.4"
| #define PACKAGE_BUGREPORT "https://github.com/coin-or-tools/ThirdParty-Mumps/issues/new"
| #define PACKAGE_URL "https://github.com/coin-or-tools/ThirdParty-Mumps"
| #define THIRDPARTYMUMPS_VERSION "3.0.4"
| #define THIRDPARTYMUMPS_VERSION_MAJOR 3
| #define THIRDPARTYMUMPS_VERSION_MINOR 0
| #define THIRDPARTYMUMPS_VERSION_RELEASE 4
| #define HAVE_STDIO_H 1
| #define HAVE_STDLIB_H 1
| #define HAVE_STRING_H 1
| #define HAVE_INTTYPES_H 1
| #define HAVE_STDINT_H 1
| #define HAVE_STRINGS_H 1
| #define HAVE_SYS_STAT_H 1
| #define HAVE_SYS_TYPES_H 1
| #define HAVE_UNISTD_H 1
| #define STDC_HEADERS 1
| #define HAVE_DLFCN_H 1
| #define LT_OBJDIR ".libs/"
| #define FC_FUNC(name,NAME) name ## _
| #define FC_FUNC_(name,NAME) name ## _
| #define MUMPS_INTSIZE32 /**/
| #define THIRDPARTYMUMPS_HAS_LAPACK 1
| #define THIRDPARTYMUMPS_LAPACK_FUNC(name,NAME) name ## _
| #define THIRDPARTYMUMPS_LAPACK_FUNC_(name,NAME) name ## _
| /* end confdefs.h.  */
| 
| /* Override any GCC internal prototype to avoid an error.
|    Use char because int might match the return type of a GCC
|    builtin and then its argument prototype would still apply.  */
| char dgemmt_ ();
| #ifdef FC_DUMMY_MAIN
| #ifndef FC_DUMMY_MAIN_EQ_F77
| #  ifdef __cplusplus
|      extern "C"
| #  endif
|    int FC_DUMMY_MAIN() { return 1; }
| #endif
| #endif
| int
| main (void)
| {
| return dgemmt_ ();
|   ;
|   return 0;
| }
configure:18746: result: no
configure:18712: checking for function dgemmt in -llapack -lblas  
configure:18737: gcc -o conftest -O2 -DNDEBUG    conftest.c -llapack -lblas   >&5
/tmp/cciE52sR.o: In function `main':
conftest.c:(.text.startup+0x7): undefined reference to `dgemmt'
collect2: error: ld returned 1 exit status
configure:18737: $? = 1
configure: failed program was:
| /* confdefs.h */
| #define PACKAGE_NAME "ThirdPartyMumps"
| #define PACKAGE_TARNAME "thirdpartymumps"
| #define PACKAGE_VERSION "3.0.4"
| #define PACKAGE_STRING "ThirdPartyMumps 3.0.4"
| #define PACKAGE_BUGREPORT "https://github.com/coin-or-tools/ThirdParty-Mumps/issues/new"
| #define PACKAGE_URL "https://github.com/coin-or-tools/ThirdParty-Mumps"
| #define THIRDPARTYMUMPS_VERSION "3.0.4"
| #define THIRDPARTYMUMPS_VERSION_MAJOR 3
| #define THIRDPARTYMUMPS_VERSION_MINOR 0
| #define THIRDPARTYMUMPS_VERSION_RELEASE 4
| #define HAVE_STDIO_H 1
| #define HAVE_STDLIB_H 1
| #define HAVE_STRING_H 1
| #define HAVE_INTTYPES_H 1
| #define HAVE_STDINT_H 1
| #define HAVE_STRINGS_H 1
| #define HAVE_SYS_STAT_H 1
| #define HAVE_SYS_TYPES_H 1
| #define HAVE_UNISTD_H 1
| #define STDC_HEADERS 1
| #define HAVE_DLFCN_H 1
| #define LT_OBJDIR ".libs/"
| #define FC_FUNC(name,NAME) name ## _
| #define FC_FUNC_(name,NAME) name ## _
| #define MUMPS_INTSIZE32 /**/
| #define THIRDPARTYMUMPS_HAS_LAPACK 1
| #define THIRDPARTYMUMPS_LAPACK_FUNC(name,NAME) name ## _
| #define THIRDPARTYMUMPS_LAPACK_FUNC_(name,NAME) name ## _
| /* end confdefs.h.  */
| 
| /* Override any GCC internal prototype to avoid an error.
|    Use char because int might match the return type of a GCC
|    builtin and then its argument prototype would still apply.  */
| char dgemmt ();
| #ifdef FC_DUMMY_MAIN
| #ifndef FC_DUMMY_MAIN_EQ_F77
| #  ifdef __cplusplus
|      extern "C"
| #  endif
|    int FC_DUMMY_MAIN() { return 1; }
| #endif
| #endif
| int
| main (void)
| {
| return dgemmt ();
|   ;
|   return 0;
| }
configure:18746: result: no
configure:18712: checking for function DGEMMT_ in -llapack -lblas  
configure:18737: gcc -o conftest -O2 -DNDEBUG    conftest.c -llapack -lblas   >&5
/tmp/cc0wr9jX.o: In function `main':
conftest.c:(.text.startup+0x7): undefined reference to `DGEMMT_'
collect2: error: ld returned 1 exit status
configure:18737: $? = 1
configure: failed program was:
| /* confdefs.h */
| #define PACKAGE_NAME "ThirdPartyMumps"
| #define PACKAGE_TARNAME "thirdpartymumps"
| #define PACKAGE_VERSION "3.0.4"
| #define PACKAGE_STRING "ThirdPartyMumps 3.0.4"
| #define PACKAGE_BUGREPORT "https://github.com/coin-or-tools/ThirdParty-Mumps/issues/new"
| #define PACKAGE_URL "https://github.com/coin-or-tools/ThirdParty-Mumps"
| #define THIRDPARTYMUMPS_VERSION "3.0.4"
| #define THIRDPARTYMUMPS_VERSION_MAJOR 3
| #define THIRDPARTYMUMPS_VERSION_MINOR 0
| #define THIRDPARTYMUMPS_VERSION_RELEASE 4
| #define HAVE_STDIO_H 1
| #define HAVE_STDLIB_H 1
| #define HAVE_STRING_H 1
| #define HAVE_INTTYPES_H 1
| #define HAVE_STDINT_H 1
| #define HAVE_STRINGS_H 1
| #define HAVE_SYS_STAT_H 1
| #define HAVE_SYS_TYPES_H 1
| #define HAVE_UNISTD_H 1
| #define STDC_HEADERS 1
| #define HAVE_DLFCN_H 1
| #define LT_OBJDIR ".libs/"
| #define FC_FUNC(name,NAME) name ## _
| #define FC_FUNC_(name,NAME) name ## _
| #define MUMPS_INTSIZE32 /**/
| #define THIRDPARTYMUMPS_HAS_LAPACK 1
| #define THIRDPARTYMUMPS_LAPACK_FUNC(name,NAME) name ## _
| #define THIRDPARTYMUMPS_LAPACK_FUNC_(name,NAME) name ## _
| /* end confdefs.h.  */
| 
| /* Override any GCC internal prototype to avoid an error.
|    Use char because int might match the return type of a GCC
|    builtin and then its argument prototype would still apply.  */
| char DGEMMT_ ();
| #ifdef FC_DUMMY_MAIN
| #ifndef FC_DUMMY_MAIN_EQ_F77
| #  ifdef __cplusplus
|      extern "C"
| #  endif
|    int FC_DUMMY_MAIN() { return 1; }
| #endif
| #endif
| int
| main (void)
| {
| return DGEMMT_ ();
|   ;
|   return 0;
| }
configure:18746: result: no
configure:18712: checking for function DGEMMT in -llapack -lblas  
configure:18737: gcc -o conftest -O2 -DNDEBUG    conftest.c -llapack -lblas   >&5
/tmp/cc9TK2FZ.o: In function `main':
conftest.c:(.text.startup+0x7): undefined reference to `DGEMMT'
collect2: error: ld returned 1 exit status
configure:18737: $? = 1
configure: failed program was:
| /* confdefs.h */
| #define PACKAGE_NAME "ThirdPartyMumps"
| #define PACKAGE_TARNAME "thirdpartymumps"
| #define PACKAGE_VERSION "3.0.4"
| #define PACKAGE_STRING "ThirdPartyMumps 3.0.4"
| #define PACKAGE_BUGREPORT "https://github.com/coin-or-tools/ThirdParty-Mumps/issues/new"
| #define PACKAGE_URL "https://github.com/coin-or-tools/ThirdParty-Mumps"
| #define THIRDPARTYMUMPS_VERSION "3.0.4"
| #define THIRDPARTYMUMPS_VERSION_MAJOR 3
| #define THIRDPARTYMUMPS_VERSION_MINOR 0
| #define THIRDPARTYMUMPS_VERSION_RELEASE 4
| #define HAVE_STDIO_H 1
| #define HAVE_STDLIB_H 1
| #define HAVE_STRING_H 1
| #define HAVE_INTTYPES_H 1
| #define HAVE_STDINT_H 1
| #define HAVE_STRINGS_H 1
| #define HAVE_SYS_STAT_H 1
| #define HAVE_SYS_TYPES_H 1
| #define HAVE_UNISTD_H 1
| #define STDC_HEADERS 1
| #define HAVE_DLFCN_H 1
| #define LT_OBJDIR ".libs/"
| #define FC_FUNC(name,NAME) name ## _
| #define FC_FUNC_(name,NAME) name ## _
| #define MUMPS_INTSIZE32 /**/
| #define THIRDPARTYMUMPS_HAS_LAPACK 1
| #define THIRDPARTYMUMPS_LAPACK_FUNC(name,NAME) name ## _
| #define THIRDPARTYMUMPS_LAPACK_FUNC_(name,NAME) name ## _
| /* end confdefs.h.  */
| 
| /* Override any GCC internal prototype to avoid an error.
|    Use char because int might match the return type of a GCC
|    builtin and then its argument prototype would still apply.  */
| char DGEMMT ();
| #ifdef FC_DUMMY_MAIN
| #ifndef FC_DUMMY_MAIN_EQ_F77
| #  ifdef __cplusplus
|      extern "C"
| #  endif
|    int FC_DUMMY_MAIN() { return 1; }
| #endif
| #endif
| int
| main (void)
| {
| return DGEMMT ();
|   ;
|   return 0;
| }
configure:18746: result: no
configure:18712: checking for function dgemmt__ in -llapack -lblas  
configure:18737: gcc -o conftest -O2 -DNDEBUG    conftest.c -llapack -lblas   >&5
/tmp/ccwrKze1.o: In function `main':
conftest.c:(.text.startup+0x7): undefined reference to `dgemmt__'
collect2: error: ld returned 1 exit status
configure:18737: $? = 1
configure: failed program was:
| /* confdefs.h */
| #define PACKAGE_NAME "ThirdPartyMumps"
| #define PACKAGE_TARNAME "thirdpartymumps"
| #define PACKAGE_VERSION "3.0.4"
| #define PACKAGE_STRING "ThirdPartyMumps 3.0.4"
| #define PACKAGE_BUGREPORT "https://github.com/coin-or-tools/ThirdParty-Mumps/issues/new"
| #define PACKAGE_URL "https://github.com/coin-or-tools/ThirdParty-Mumps"
| #define THIRDPARTYMUMPS_VERSION "3.0.4"
| #define THIRDPARTYMUMPS_VERSION_MAJOR 3
| #define THIRDPARTYMUMPS_VERSION_MINOR 0
| #define THIRDPARTYMUMPS_VERSION_RELEASE 4
| #define HAVE_STDIO_H 1
| #define HAVE_STDLIB_H 1
| #define HAVE_STRING_H 1
| #define HAVE_INTTYPES_H 1
| #define HAVE_STDINT_H 1
| #define HAVE_STRINGS_H 1
| #define HAVE_SYS_STAT_H 1
| #define HAVE_SYS_TYPES_H 1
| #define HAVE_UNISTD_H 1
| #define STDC_HEADERS 1
| #define HAVE_DLFCN_H 1
| #define LT_OBJDIR ".libs/"
| #define FC_FUNC(name,NAME) name ## _
| #define FC_FUNC_(name,NAME) name ## _
| #define MUMPS_INTSIZE32 /**/
| #define THIRDPARTYMUMPS_HAS_LAPACK 1
| #define THIRDPARTYMUMPS_LAPACK_FUNC(name,NAME) name ## _
| #define THIRDPARTYMUMPS_LAPACK_FUNC_(name,NAME) name ## _
| /* end confdefs.h.  */
| 
| /* Override any GCC internal prototype to avoid an error.
|    Use char because int might match the return type of a GCC
|    builtin and then its argument prototype would still apply.  */
| char dgemmt__ ();
| #ifdef FC_DUMMY_MAIN
| #ifndef FC_DUMMY_MAIN_EQ_F77
| #  ifdef __cplusplus
|      extern "C"
| #  endif
|    int FC_DUMMY_MAIN() { return 1; }
| #endif
| #endif
| int
| main (void)
| {
| return dgemmt__ ();
|   ;
|   return 0;
| }
configure:18746: result: no
configure:18712: checking for function dgemmt_ in -llapack -lblas  
configure:18737: gcc -o conftest -O2 -DNDEBUG    conftest.c -llapack -lblas   >&5
/tmp/ccAZQXu7.o: In function `main':
conftest.c:(.text.startup+0x7): undefined reference to `dgemmt_'
collect2: error: ld returned 1 exit status
configure:18737: $? = 1
configure: failed program was:
| /* confdefs.h */
| #define PACKAGE_NAME "ThirdPartyMumps"
| #define PACKAGE_TARNAME "thirdpartymumps"
| #define PACKAGE_VERSION "3.0.4"
| #define PACKAGE_STRING "ThirdPartyMumps 3.0.4"
| #define PACKAGE_BUGREPORT "https://github.com/coin-or-tools/ThirdParty-Mumps/issues/new"
| #define PACKAGE_URL "https://github.com/coin-or-tools/ThirdParty-Mumps"
| #define THIRDPARTYMUMPS_VERSION "3.0.4"
| #define THIRDPARTYMUMPS_VERSION_MAJOR 3
| #define THIRDPARTYMUMPS_VERSION_MINOR 0
| #define THIRDPARTYMUMPS_VERSION_RELEASE 4
| #define HAVE_STDIO_H 1
| #define HAVE_STDLIB_H 1
| #define HAVE_STRING_H 1
| #define HAVE_INTTYPES_H 1
| #define HAVE_STDINT_H 1
| #define HAVE_STRINGS_H 1
| #define HAVE_SYS_STAT_H 1
| #define HAVE_SYS_TYPES_H 1
| #define HAVE_UNISTD_H 1
| #define STDC_HEADERS 1
| #define HAVE_DLFCN_H 1
| #define LT_OBJDIR ".libs/"
| #define FC_FUNC(name,NAME) name ## _
| #define FC_FUNC_(name,NAME) name ## _
| #define MUMPS_INTSIZE32 /**/
| #define THIRDPARTYMUMPS_HAS_LAPACK 1
| #define THIRDPARTYMUMPS_LAPACK_FUNC(name,NAME) name ## _
| #define THIRDPARTYMUMPS_LAPACK_FUNC_(name,NAME) name ## _
| /* end confdefs.h.  */
| 
| /* Override any GCC internal prototype to avoid an error.
|    Use char because int might match the return type of a GCC
|    builtin and then its argument prototype would still apply.  */
| char dgemmt_ ();
| #ifdef FC_DUMMY_MAIN
| #ifndef FC_DUMMY_MAIN_EQ_F77
| #  ifdef __cplusplus
|      extern "C"
| #  endif
|    int FC_DUMMY_MAIN() { return 1; }
| #endif
| #endif
| int
| main (void)
| {
| return dgemmt_ ();
|   ;
|   return 0;
| }
configure:18746: result: no
configure:18712: checking for function DGEMMT__ in -llapack -lblas  
configure:18737: gcc -o conftest -O2 -DNDEBUG    conftest.c -llapack -lblas   >&5
/tmp/cc5PYdIc.o: In function `main':
conftest.c:(.text.startup+0x7): undefined reference to `DGEMMT__'
collect2: error: ld returned 1 exit status
configure:18737: $? = 1
configure: failed program was:
| /* confdefs.h */
| #define PACKAGE_NAME "ThirdPartyMumps"
| #define PACKAGE_TARNAME "thirdpartymumps"
| #define PACKAGE_VERSION "3.0.4"
| #define PACKAGE_STRING "ThirdPartyMumps 3.0.4"
| #define PACKAGE_BUGREPORT "https://github.com/coin-or-tools/ThirdParty-Mumps/issues/new"
| #define PACKAGE_URL "https://github.com/coin-or-tools/ThirdParty-Mumps"
| #define THIRDPARTYMUMPS_VERSION "3.0.4"
| #define THIRDPARTYMUMPS_VERSION_MAJOR 3
| #define THIRDPARTYMUMPS_VERSION_MINOR 0
| #define THIRDPARTYMUMPS_VERSION_RELEASE 4
| #define HAVE_STDIO_H 1
| #define HAVE_STDLIB_H 1
| #define HAVE_STRING_H 1
| #define HAVE_INTTYPES_H 1
| #define HAVE_STDINT_H 1
| #define HAVE_STRINGS_H 1
| #define HAVE_SYS_STAT_H 1
| #define HAVE_SYS_TYPES_H 1
| #define HAVE_UNISTD_H 1
| #define STDC_HEADERS 1
| #define HAVE_DLFCN_H 1
| #define LT_OBJDIR ".libs/"
| #define FC_FUNC(name,NAME) name ## _
| #define FC_FUNC_(name,NAME) name ## _
| #define MUMPS_INTSIZE32 /**/
| #define THIRDPARTYMUMPS_HAS_LAPACK 1
| #define THIRDPARTYMUMPS_LAPACK_FUNC(name,NAME) name ## _
| #define THIRDPARTYMUMPS_LAPACK_FUNC_(name,NAME) name ## _
| /* end confdefs.h.  */
| 
| /* Override any GCC internal prototype to avoid an error.
|    Use char because int might match the return type of a GCC
|    builtin and then its argument prototype would still apply.  */
| char DGEMMT__ ();
| #ifdef FC_DUMMY_MAIN
| #ifndef FC_DUMMY_MAIN_EQ_F77
| #  ifdef __cplusplus
|      extern "C"
| #  endif
|    int FC_DUMMY_MAIN() { return 1; }
| #endif
| #endif
| int
| main (void)
| {
| return DGEMMT__ ();
|   ;
|   return 0;
| }
configure:18746: result: no
configure:18712: checking for function DGEMMT_ in -llapack -lblas  
configure:18737: gcc -o conftest -O2 -DNDEBUG    conftest.c -llapack -lblas   >&5
/tmp/cckYg7ne.o: In function `main':
conftest.c:(.text.startup+0x7): undefined reference to `DGEMMT_'
collect2: error: ld returned 1 exit status
configure:18737: $? = 1
configure: failed program was:
| /* confdefs.h */
| #define PACKAGE_NAME "ThirdPartyMumps"
| #define PACKAGE_TARNAME "thirdpartymumps"
| #define PACKAGE_VERSION "3.0.4"
| #define PACKAGE_STRING "ThirdPartyMumps 3.0.4"
| #define PACKAGE_BUGREPORT "https://github.com/coin-or-tools/ThirdParty-Mumps/issues/new"
| #define PACKAGE_URL "https://github.com/coin-or-tools/ThirdParty-Mumps"
| #define THIRDPARTYMUMPS_VERSION "3.0.4"
| #define THIRDPARTYMUMPS_VERSION_MAJOR 3
| #define THIRDPARTYMUMPS_VERSION_MINOR 0
| #define THIRDPARTYMUMPS_VERSION_RELEASE 4
| #define HAVE_STDIO_H 1
| #define HAVE_STDLIB_H 1
| #define HAVE_STRING_H 1
| #define HAVE_INTTYPES_H 1
| #define HAVE_STDINT_H 1
| #define HAVE_STRINGS_H 1
| #define HAVE_SYS_STAT_H 1
| #define HAVE_SYS_TYPES_H 1
| #define HAVE_UNISTD_H 1
| #define STDC_HEADERS 1
| #define HAVE_DLFCN_H 1
| #define LT_OBJDIR ".libs/"
| #define FC_FUNC(name,NAME) name ## _
| #define FC_FUNC_(name,NAME) name ## _
| #define MUMPS_INTSIZE32 /**/
| #define THIRDPARTYMUMPS_HAS_LAPACK 1
| #define THIRDPARTYMUMPS_LAPACK_FUNC(name,NAME) name ## _
| #define THIRDPARTYMUMPS_LAPACK_FUNC_(name,NAME) name ## _
| /* end confdefs.h.  */
| 
| /* Override any GCC internal prototype to avoid an error.
|    Use char because int might match the return type of a GCC
|    builtin and then its argument prototype would still apply.  */
| char DGEMMT_ ();
| #ifdef FC_DUMMY_MAIN
| #ifndef FC_DUMMY_MAIN_EQ_F77
| #  ifdef __cplusplus
|      extern "C"
| #  endif
|    int FC_DUMMY_MAIN() { return 1; }
| #endif
| #endif
| int
| main (void)
| {
| return DGEMMT_ ();
|   ;
|   return 0;
| }
configure:18746: result: no
configure:18769: checking for library containing cos
configure:18807: gcc -o conftest -O2 -DNDEBUG    conftest.c  >&5
conftest.c:35:6: warning: conflicting types for built-in function 'cos' [-Wbuiltin-declaration-mismatch]
 char cos ();
      ^~~
/tmp/cc6bn3C8.o: In function `main':
conftest.c:(.text.startup+0x7): undefined reference to `cos'
collect2: error: ld returned 1 exit status
configure:18807: $? = 1
configure: failed program was:
| /* confdefs.h */
| #define PACKAGE_NAME "ThirdPartyMumps"
| #define PACKAGE_TARNAME "thirdpartymumps"
| #define PACKAGE_VERSION "3.0.4"
| #define PACKAGE_STRING "ThirdPartyMumps 3.0.4"
| #define PACKAGE_BUGREPORT "https://github.com/coin-or-tools/ThirdParty-Mumps/issues/new"
| #define PACKAGE_URL "https://github.com/coin-or-tools/ThirdParty-Mumps"
| #define THIRDPARTYMUMPS_VERSION "3.0.4"
| #define THIRDPARTYMUMPS_VERSION_MAJOR 3
| #define THIRDPARTYMUMPS_VERSION_MINOR 0
| #define THIRDPARTYMUMPS_VERSION_RELEASE 4
| #define HAVE_STDIO_H 1
| #define HAVE_STDLIB_H 1
| #define HAVE_STRING_H 1
| #define HAVE_INTTYPES_H 1
| #define HAVE_STDINT_H 1
| #define HAVE_STRINGS_H 1
| #define HAVE_SYS_STAT_H 1
| #define HAVE_SYS_TYPES_H 1
| #define HAVE_UNISTD_H 1
| #define STDC_HEADERS 1
| #define HAVE_DLFCN_H 1
| #define LT_OBJDIR ".libs/"
| #define FC_FUNC(name,NAME) name ## _
| #define FC_FUNC_(name,NAME) name ## _
| #define MUMPS_INTSIZE32 /**/
| #define THIRDPARTYMUMPS_HAS_LAPACK 1
| #define THIRDPARTYMUMPS_LAPACK_FUNC(name,NAME) name ## _
| #define THIRDPARTYMUMPS_LAPACK_FUNC_(name,NAME) name ## _
| /* end confdefs.h.  */
| 
| /* Override any GCC internal prototype to avoid an error.
|    Use char because int might match the return type of a GCC
|    builtin and then its argument prototype would still apply.  */
| char cos ();
| #ifdef FC_DUMMY_MAIN
| #ifndef FC_DUMMY_MAIN_EQ_F77
| #  ifdef __cplusplus
|      extern "C"
| #  endif
|    int FC_DUMMY_MAIN() { return 1; }
| #endif
| #endif
| int
| main (void)
| {
| return cos ();
|   ;
|   return 0;
| }
configure:18807: gcc -o conftest -O2 -DNDEBUG    conftest.c -lm   >&5
conftest.c:35:6: warning: conflicting types for built-in function 'cos' [-Wbuiltin-declaration-mismatch]
 char cos ();
      ^~~
configure:18807: $? = 0
configure:18827: result: -lm
configure:18852: checking for library Metis with combined link and compile check
configure:19005: gcc -c -O2 -DNDEBUG   conftest.c >&5
configure:19005: $? = 0
configure:19065: gcc -o conftest -O2 -DNDEBUG    conftest.c -lmetis -lm  >&5
configure:19065: $? = 0
configure:19108: result: yes
configure:19163: checking whether Metis library is linkable with Fortran compiler
configure:19177: gfortran -c -O2    conftest.f >&5
configure:19177: $? = 0
configure:19179: result: yes
configure:19212: checking Metis version
configure:19240: gcc -c -O2 -DNDEBUG    conftest.c >&5
configure:19240: $? = 0
configure:19244: result: 5
configure:19359: additional C preprocessor flags: -DAdd_ -Dmetis
configure:19361: additional Fortran preprocessor flags:  -Dmetis -std=legacy
configure:19483: checking that generated files are newer than configure
configure:19489: result: done
configure:19544: creating ./config.status

## ---------------------- ##
## Running config.status. ##
## ---------------------- ##

This file was extended by ThirdPartyMumps config.status 3.0.4, which was
generated by GNU Autoconf 2.71.  Invocation command line was

  CONFIG_FILES    = 
  CONFIG_HEADERS  = 
  CONFIG_LINKS    = 
  CONFIG_COMMANDS = 
  $ ./config.status 

on yade-OptiPlex-7060

config.status:1206: creating Makefile
config.status:1206: creating coinmumps.pc
config.status:1206: creating config.h
config.status:1387: config.h is unchanged
config.status:1206: creating mumps_compat.h
config.status:1387: mumps_compat.h is unchanged
config.status:1206: creating mumps_int_def.h
config.status:1387: mumps_int_def.h is unchanged
config.status:1435: executing depfiles commands
config.status:1512: cd .       && sed -e '/# am--include-marker/d' Makefile         | make -f - am--depfiles
make: Nothing to be done for 'am--depfiles'.
config.status:1517: $? = 0
config.status:1435: executing libtool commands
configure:21981: Configuration of ThirdPartyMumps successful

## ---------------- ##
## Cache variables. ##
## ---------------- ##

ac_cv_build=x86_64-pc-linux-gnu
ac_cv_c_compiler_gnu=yes
ac_cv_env_ADD_CFLAGS_set=
ac_cv_env_ADD_CFLAGS_value=
ac_cv_env_ADD_FCFLAGS_set=
ac_cv_env_ADD_FCFLAGS_value=
ac_cv_env_CC_set=
ac_cv_env_CC_value=
ac_cv_env_CFLAGS_set=
ac_cv_env_CFLAGS_value=
ac_cv_env_CPPFLAGS_set=
ac_cv_env_CPPFLAGS_value=
ac_cv_env_FCFLAGS_set=
ac_cv_env_FCFLAGS_value=
ac_cv_env_FC_set=
ac_cv_env_FC_value=
ac_cv_env_LDFLAGS_set=
ac_cv_env_LDFLAGS_value=
ac_cv_env_LIBS_set=
ac_cv_env_LIBS_value=
ac_cv_env_LT_LDFLAGS_set=
ac_cv_env_LT_LDFLAGS_value=
ac_cv_env_LT_SYS_LIBRARY_PATH_set=
ac_cv_env_LT_SYS_LIBRARY_PATH_value=
ac_cv_env_PKG_CONFIG_set=
ac_cv_env_PKG_CONFIG_value=
ac_cv_env_build_alias_set=
ac_cv_env_build_alias_value=
ac_cv_env_host_alias_set=
ac_cv_env_host_alias_value=
ac_cv_env_target_alias_set=
ac_cv_env_target_alias_value=
ac_cv_fc_compiler_gnu=yes
ac_cv_fc_dummy_main=none
ac_cv_fc_libs=' -L/usr/lib/gcc/x86_64-linux-gnu/7 -L/usr/lib/gcc/x86_64-linux-gnu/7/../../../x86_64-linux-gnu -L/usr/lib/gcc/x86_64-linux-gnu/7/../../../../lib -L/lib/x86_64-linux-gnu -L/lib/../lib -L/usr/lib/x86_64-linux-gnu -L/usr/lib/../lib -L/usr/lib/gcc/x86_64-linux-gnu/7/../../.. -lgfortran -lm -lquadmath'
ac_cv_fc_mangling='lower case, underscore, no extra underscore'
ac_cv_fortran_dummy_main=none
ac_cv_header_dlfcn_h=yes
ac_cv_header_inttypes_h=yes
ac_cv_header_pthread_h=yes
ac_cv_header_stdint_h=yes
ac_cv_header_stdio_h=yes
ac_cv_header_stdlib_h=yes
ac_cv_header_string_h=yes
ac_cv_header_strings_h=yes
ac_cv_header_sys_stat_h=yes
ac_cv_header_sys_types_h=yes
ac_cv_header_unistd_h=yes
ac_cv_host=x86_64-pc-linux-gnu
ac_cv_lib_pthread_pthread_create=yes
ac_cv_objext=o
ac_cv_path_EGREP='/bin/grep -E'
ac_cv_path_FGREP='/bin/grep -F'
ac_cv_path_GREP=/bin/grep
ac_cv_path_SED=/bin/sed
ac_cv_path_install='/usr/bin/install -c'
ac_cv_path_lt_DD=/bin/dd
ac_cv_path_mkdir=/bin/mkdir
ac_cv_prog_AWK=mawk
ac_cv_prog_ac_ct_AR=ar
ac_cv_prog_ac_ct_CC=gcc
ac_cv_prog_ac_ct_FC=gfortran
ac_cv_prog_ac_ct_FILECMD=file
ac_cv_prog_ac_ct_MANIFEST_TOOL=mt
ac_cv_prog_ac_ct_OBJDUMP=objdump
ac_cv_prog_ac_ct_PKG_CONFIG=pkg-config
ac_cv_prog_ac_ct_RANLIB=ranlib
ac_cv_prog_ac_ct_STRIP=strip
ac_cv_prog_cc_c11=
ac_cv_prog_cc_g=yes
ac_cv_prog_cc_stdc=
ac_cv_prog_fc_c_o=yes
ac_cv_prog_fc_g=yes
ac_cv_prog_fc_v=-v
ac_cv_prog_make_make_set=yes
ac_cv_search_cos=-lm
am_cv_CC_dependencies_compiler_type=gcc3
am_cv_ar_interface=ar
am_cv_make_support_nested_variables=yes
am_cv_prog_cc_c_o=yes
lt_cv_ar_at_file=@
lt_cv_archive_cmds_need_lc=no
lt_cv_deplibs_check_method=pass_all
lt_cv_file_magic_cmd='$MAGIC_CMD'
lt_cv_file_magic_test_file=
lt_cv_ld_reload_flag=-r
lt_cv_nm_interface='BSD nm'
lt_cv_objdir=.libs
lt_cv_path_LD=/usr/bin/ld
lt_cv_path_NM='/usr/bin/nm -B'
lt_cv_path_mainfest_tool=no
lt_cv_prog_compiler_c_o=yes
lt_cv_prog_compiler_c_o_FC=yes
lt_cv_prog_compiler_pic='-fPIC -DPIC'
lt_cv_prog_compiler_pic_FC=-fPIC
lt_cv_prog_compiler_pic_works=yes
lt_cv_prog_compiler_pic_works_FC=yes
lt_cv_prog_compiler_rtti_exceptions=no
lt_cv_prog_compiler_static_works=yes
lt_cv_prog_compiler_static_works_FC=yes
lt_cv_prog_gnu_ld=yes
lt_cv_sharedlib_from_linklib_cmd='printf %s\n'
lt_cv_shlibpath_overrides_runpath=yes
lt_cv_sys_global_symbol_pipe='/bin/sed -n -e '\''s/^.*[	 ]\([ABCDGIRSTW][ABCDGIRSTW]*\)[	 ][	 ]*\([_A-Za-z][_A-Za-z0-9]*\)$/\1 \2 \2/p'\'' | /bin/sed '\''/ __gnu_lto/d'\'''
lt_cv_sys_global_symbol_to_c_name_address='/bin/sed -n -e '\''s/^: \(.*\) .*$/  {"\1", (void *) 0},/p'\'' -e '\''s/^[ABCDGIRSTW][ABCDGIRSTW]* .* \(.*\)$/  {"\1", (void *) \&\1},/p'\'''
lt_cv_sys_global_symbol_to_c_name_address_lib_prefix='/bin/sed -n -e '\''s/^: \(.*\) .*$/  {"\1", (void *) 0},/p'\'' -e '\''s/^[ABCDGIRSTW][ABCDGIRSTW]* .* \(lib.*\)$/  {"\1", (void *) \&\1},/p'\'' -e '\''s/^[ABCDGIRSTW][ABCDGIRSTW]* .* \(.*\)$/  {"lib\1", (void *) \&\1},/p'\'''
lt_cv_sys_global_symbol_to_cdecl='/bin/sed -n -e '\''s/^T .* \(.*\)$/extern int \1();/p'\'' -e '\''s/^[ABCDGIRSTW][ABCDGIRSTW]* .* \(.*\)$/extern char \1;/p'\'''
lt_cv_sys_global_symbol_to_import=
lt_cv_sys_max_cmd_len=1572864
lt_cv_to_host_file_cmd=func_convert_file_noop
lt_cv_to_tool_file_cmd=func_convert_file_noop
lt_cv_truncate_bin='/bin/dd bs=4096 count=1'

## ----------------- ##
## Output variables. ##
## ----------------- ##

ACLOCAL='${SHELL} '\''/home/ydc/Ipopt_pkg/ThirdParty-Mumps/missing'\'' aclocal-1.16'
ADD_CFLAGS=''
ADD_FCFLAGS=''
AMDEPBACKSLASH='\'
AMDEP_FALSE='#'
AMDEP_TRUE=''
AMTAR='$${TAR-tar}'
AM_BACKSLASH='\'
AM_DEFAULT_V='$(AM_DEFAULT_VERBOSITY)'
AM_DEFAULT_VERBOSITY='0'
AM_V='$(V)'
AR='ar'
AS='as'
AUTOCONF='${SHELL} '\''/home/ydc/Ipopt_pkg/ThirdParty-Mumps/missing'\'' autoconf'
AUTOHEADER='${SHELL} '\''/home/ydc/Ipopt_pkg/ThirdParty-Mumps/missing'\'' autoheader'
AUTOMAKE='${SHELL} '\''/home/ydc/Ipopt_pkg/ThirdParty-Mumps/missing'\'' automake-1.16'
AWK='mawk'
CC='gcc'
CCDEPMODE='depmode=gcc3'
CFLAGS='-O2 -DNDEBUG '
COIN_HAS_LAPACK_FALSE='#'
COIN_HAS_LAPACK_TRUE=''
COIN_HAS_METIS_FALSE='#'
COIN_HAS_METIS_TRUE=''
COIN_HAS_PKGCONFIG_FALSE='#'
COIN_HAS_PKGCONFIG_TRUE=''
COIN_PKG_CONFIG_PATH='/usr/local/lib/pkgconfig:'
COIN_RELOCATABLE_FALSE=''
COIN_RELOCATABLE_TRUE='#'
COIN_STATIC_BUILD_FALSE=''
COIN_STATIC_BUILD_TRUE='#'
CPPFLAGS=''
CSCOPE='cscope'
CTAGS='ctags'
CYGPATH_W='echo'
DEFS='-DHAVE_CONFIG_H'
DEPDIR='.deps'
DLLTOOL='false'
DSYMUTIL=''
DUMPBIN=''
ECHO_C=''
ECHO_N='-n'
ECHO_T=''
EGREP='/bin/grep -E'
ETAGS='etags'
EXEEXT=''
FC='gfortran'
FCFLAGS='-O2  '
FCLIBS=' -L/usr/lib/gcc/x86_64-linux-gnu/7 -L/usr/lib/gcc/x86_64-linux-gnu/7/../../../x86_64-linux-gnu -L/usr/lib/gcc/x86_64-linux-gnu/7/../../../../lib -L/lib/x86_64-linux-gnu -L/lib/../lib -L/usr/lib/x86_64-linux-gnu -L/usr/lib/../lib -L/usr/lib/gcc/x86_64-linux-gnu/7/../../.. -lgfortran -lm -lquadmath'
FGREP='/bin/grep -F'
FILECMD='file'
GREP='/bin/grep'
INSTALL_DATA='${INSTALL} -m 644'
INSTALL_PROGRAM='${INSTALL}'
INSTALL_SCRIPT='${INSTALL}'
INSTALL_STRIP_PROGRAM='$(install_sh) -c -s'
LD='/usr/bin/ld -m elf_x86_64'
LDFLAGS=''
LIBOBJS=''
LIBS=''
LIBTOOL='$(SHELL) $(top_builddir)/libtool'
LIPO=''
LN_S='ln -s'
LTLIBOBJS=''
LT_LDFLAGS=' -version-number 3:0:4 -no-undefined'
LT_SYS_LIBRARY_PATH=''
MAINT='#'
MAINTAINER_MODE_FALSE=''
MAINTAINER_MODE_TRUE='#'
MAKEINFO='${SHELL} '\''/home/ydc/Ipopt_pkg/ThirdParty-Mumps/missing'\'' makeinfo'
MANIFEST_TOOL=':'
METISCHECK_LFLAGS='-lm '
MKDIR_P='/bin/mkdir -p'
MUMPS_CFLAGS='   -DMUMPS_BUILD'
MUMPS_CFLAGS_NOPC=' '
MUMPS_DOUBLE_FALSE='#'
MUMPS_DOUBLE_TRUE=''
MUMPS_LFLAGS='-llapack -lblas -lmetis -lm     -L/usr/lib/gcc/x86_64-linux-gnu/7 -L/usr/lib/gcc/x86_64-linux-gnu/7/../../../x86_64-linux-gnu -L/usr/lib/gcc/x86_64-linux-gnu/7/../../../../lib -L/lib/x86_64-linux-gnu -L/lib/../lib -L/usr/lib/x86_64-linux-gnu -L/usr/lib/../lib -L/usr/lib/gcc/x86_64-linux-gnu/7/../../.. -lgfortran -lm -lquadmath -lpthread '
MUMPS_LFLAGS_NOPC='-lmetis -lm     -L/usr/lib/gcc/x86_64-linux-gnu/7 -L/usr/lib/gcc/x86_64-linux-gnu/7/../../../x86_64-linux-gnu -L/usr/lib/gcc/x86_64-linux-gnu/7/../../../../lib -L/lib/x86_64-linux-gnu -L/lib/../lib -L/usr/lib/x86_64-linux-gnu -L/usr/lib/../lib -L/usr/lib/gcc/x86_64-linux-gnu/7/../../.. -lgfortran -lm -lquadmath -lpthread '
MUMPS_PCFILES='lapack blas '
MUMPS_SINGLE_FALSE=''
MUMPS_SINGLE_TRUE='#'
MY_DEFS='-DAdd_ -Dmetis'
MY_FDEFS=' -Dmetis -std=legacy'
NM='/usr/bin/nm -B'
NMEDIT=''
OBJDUMP='objdump'
OBJEXT='o'
OPENMP_FCFLAGS=''
OTOOL64=''
OTOOL=''
PACKAGE='thirdpartymumps'
PACKAGE_BUGREPORT='https://github.com/coin-or-tools/ThirdParty-Mumps/issues/new'
PACKAGE_NAME='ThirdPartyMumps'
PACKAGE_STRING='ThirdPartyMumps 3.0.4'
PACKAGE_TARNAME='thirdpartymumps'
PACKAGE_URL='https://github.com/coin-or-tools/ThirdParty-Mumps'
PACKAGE_VERSION='3.0.4'
PATH_SEPARATOR=':'
PKG_CONFIG='pkg-config'
RANLIB='ranlib'
SED='/bin/sed'
SET_MAKE=''
SHELL='/bin/bash'
STRIP='strip'
VERSION='3.0.4'
ac_ct_AR='ar'
ac_ct_CC='gcc'
ac_ct_DUMPBIN=''
ac_ct_FC='gfortran'
ac_ct_PKG_CONFIG='pkg-config'
am__EXEEXT_FALSE=''
am__EXEEXT_TRUE='#'
am__fastdepCC_FALSE='#'
am__fastdepCC_TRUE=''
am__include='include'
am__isrc=''
am__leading_dot='.'
am__nodep='_no'
am__quote=''
am__tar='$${TAR-tar} chof - "$$tardir"'
am__untar='$${TAR-tar} xf -'
bindir='${exec_prefix}/bin'
build='x86_64-pc-linux-gnu'
build_alias=''
build_cpu='x86_64'
build_os='linux-gnu'
build_vendor='pc'
datadir='${datarootdir}'
datarootdir='${prefix}/share'
docdir='${datarootdir}/doc/${PACKAGE_TARNAME}'
dvidir='${docdir}'
exec_prefix='${prefix}'
host='x86_64-pc-linux-gnu'
host_alias=''
host_cpu='x86_64'
host_os='linux-gnu'
host_vendor='pc'
htmldir='${docdir}'
includedir='${prefix}/include'
infodir='${datarootdir}/info'
install_sh='${SHELL} /home/ydc/Ipopt_pkg/ThirdParty-Mumps/install-sh'
libdir='${exec_prefix}/lib'
libexecdir='${exec_prefix}/libexec'
localedir='${datarootdir}/locale'
localstatedir='${prefix}/var'
mandir='${datarootdir}/man'
mkdir_p='$(MKDIR_P)'
oldincludedir='/usr/include'
pdfdir='${docdir}'
prefix='/usr/local'
program_transform_name='s,x,x,'
psdir='${docdir}'
runstatedir='${localstatedir}/run'
sbindir='${exec_prefix}/sbin'
sharedstatedir='${prefix}/com'
sysconfdir='${prefix}/etc'
target_alias=''

## ----------- ##
## confdefs.h. ##
## ----------- ##

/* confdefs.h */
#define PACKAGE_NAME "ThirdPartyMumps"
#define PACKAGE_TARNAME "thirdpartymumps"
#define PACKAGE_VERSION "3.0.4"
#define PACKAGE_STRING "ThirdPartyMumps 3.0.4"
#define PACKAGE_BUGREPORT "https://github.com/coin-or-tools/ThirdParty-Mumps/issues/new"
#define PACKAGE_URL "https://github.com/coin-or-tools/ThirdParty-Mumps"
#define THIRDPARTYMUMPS_VERSION "3.0.4"
#define THIRDPARTYMUMPS_VERSION_MAJOR 3
#define THIRDPARTYMUMPS_VERSION_MINOR 0
#define THIRDPARTYMUMPS_VERSION_RELEASE 4
#define HAVE_STDIO_H 1
#define HAVE_STDLIB_H 1
#define HAVE_STRING_H 1
#define HAVE_INTTYPES_H 1
#define HAVE_STDINT_H 1
#define HAVE_STRINGS_H 1
#define HAVE_SYS_STAT_H 1
#define HAVE_SYS_TYPES_H 1
#define HAVE_UNISTD_H 1
#define STDC_HEADERS 1
#define HAVE_DLFCN_H 1
#define LT_OBJDIR ".libs/"
#define FC_FUNC(name,NAME) name ## _
#define FC_FUNC_(name,NAME) name ## _
#define MUMPS_INTSIZE32 /**/
#define THIRDPARTYMUMPS_HAS_LAPACK 1
#define THIRDPARTYMUMPS_LAPACK_FUNC(name,NAME) name ## _
#define THIRDPARTYMUMPS_LAPACK_FUNC_(name,NAME) name ## _
#define THIRDPARTYMUMPS_HAS_METIS 1
#define MUMPS_EXPORT 
#define MUMPS_CALL 

configure: exit 0
