This file contains any messages produced by compilers while
running configure, to aid debugging if configure makes a mistake.

It was created by ThirdPartyASL configure 2.0.0, which was
generated by GNU Autoconf 2.71.  Invocation command line was

  $ ./configure

## --------- ##
## Platform. ##
## --------- ##

hostname = yade-OptiPlex-7060
uname -m = x86_64
uname -r = 5.4.0-137-generic
uname -s = Linux
uname -v = #154~18.04.1-Ubuntu SMP Tue Jan 10 16:58:20 UTC 2023

/usr/bin/uname -p = unknown
/bin/uname -X     = unknown

/bin/arch              = unknown
/usr/bin/arch -k       = unknown
/usr/convex/getsysinfo = unknown
/usr/bin/hostinfo      = unknown
/bin/machine           = unknown
/usr/bin/oslevel       = unknown
/bin/universe          = unknown

PATH: /usr/local/sbin/
PATH: /usr/local/bin/
PATH: /usr/sbin/
PATH: /usr/bin/
PATH: /sbin/
PATH: /bin/
PATH: /snap/bin/


## ----------- ##
## Core tests. ##
## ----------- ##

configure:2465: looking for aux files: ltmain.sh ar-lib compile missing install-sh config.guess config.sub
configure:2478:  trying ./
configure:2507:   ./ltmain.sh found
configure:2507:   ./ar-lib found
configure:2507:   ./compile found
configure:2507:   ./missing found
configure:2489:   ./install-sh found
configure:2507:   ./config.guess found
configure:2507:   ./config.sub found
configure:2632: checking build system type
configure:2647: result: x86_64-pc-linux-gnu
configure:2774: checking host system type
configure:2788: result: x86_64-pc-linux-gnu
configure:2825: checking for a BSD-compatible install
configure:2898: result: /usr/bin/install -c
configure:2909: checking whether build environment is sane
configure:2964: result: yes
configure:3123: checking for a race-free mkdir -p
configure:3167: result: /bin/mkdir -p
configure:3174: checking for gawk
configure:3209: result: no
configure:3174: checking for mawk
configure:3195: found /usr/bin/mawk
configure:3206: result: mawk
configure:3217: checking whether make sets $(MAKE)
configure:3240: result: yes
configure:3310: checking whether make supports nested variables
configure:3328: result: yes
configure:3341: checking whether to enable maintainer-specific portions of Makefiles
configure:3351: result: no
configure:3539: checking whether make supports the include directive
configure:3554: make -f confmf.GNU && cat confinc.out
this is the am__doit target
configure:3557: $? = 0
configure:3576: result: yes (GNU style)
configure:3721: checking for gcc
configure:3742: found /usr/bin/gcc
configure:3753: result: gcc
configure:3784: checking for C compiler version
configure:3793: gcc --version >&5
gcc (Ubuntu 7.5.0-3ubuntu1~18.04) 7.5.0
Copyright (C) 2017 Free Software Foundation, Inc.
This is free software; see the source for copying conditions.  There is NO
warranty; not even for MERCHANTABILITY or FITNESS FOR A PARTICULAR PURPOSE.

configure:3804: $? = 0
configure:3793: gcc -v >&5
Using built-in specs.
COLLECT_GCC=gcc
COLLECT_LTO_WRAPPER=/usr/lib/gcc/x86_64-linux-gnu/7/lto-wrapper
OFFLOAD_TARGET_NAMES=nvptx-none
OFFLOAD_TARGET_DEFAULT=1
Target: x86_64-linux-gnu
Configured with: ../src/configure -v --with-pkgversion='Ubuntu 7.5.0-3ubuntu1~18.04' --with-bugurl=file:///usr/share/doc/gcc-7/README.Bugs --enable-languages=c,ada,c++,go,brig,d,fortran,objc,obj-c++ --prefix=/usr --with-gcc-major-version-only --program-suffix=-7 --program-prefix=x86_64-linux-gnu- --enable-shared --enable-linker-build-id --libexecdir=/usr/lib --without-included-gettext --enable-threads=posix --libdir=/usr/lib --enable-nls --enable-bootstrap --enable-clocale=gnu --enable-libstdcxx-debug --enable-libstdcxx-time=yes --with-default-libstdcxx-abi=new --enable-gnu-unique-object --disable-vtable-verify --enable-libmpx --enable-plugin --enable-default-pie --with-system-zlib --with-target-system-zlib --enable-objc-gc=auto --enable-multiarch --disable-werror --with-arch-32=i686 --with-abi=m64 --with-multilib-list=m32,m64,mx32 --enable-multilib --with-tune=generic --enable-offload-targets=nvptx-none --without-cuda-driver --enable-checking=release --build=x86_64-linux-gnu --host=x86_64-linux-gnu --target=x86_64-linux-gnu
Thread model: posix
gcc version 7.5.0 (Ubuntu 7.5.0-3ubuntu1~18.04) 
configure:3804: $? = 0
configure:3793: gcc -V >&5
gcc: error: unrecognized command line option '-V'
gcc: fatal error: no input files
compilation terminated.
configure:3804: $? = 1
configure:3793: gcc -qversion >&5
gcc: error: unrecognized command line option '-qversion'; did you mean '--version'?
gcc: fatal error: no input files
compilation terminated.
configure:3804: $? = 1
configure:3793: gcc -version >&5
gcc: error: unrecognized command line option '-version'
gcc: fatal error: no input files
compilation terminated.
configure:3804: $? = 1
configure:3824: checking whether the C compiler works
configure:3846: gcc -O2 -DNDEBUG    conftest.c  >&5
configure:3850: $? = 0
configure:3900: result: yes
configure:3903: checking for C compiler default output file name
configure:3905: result: a.out
configure:3911: checking for suffix of executables
configure:3918: gcc -o conftest -O2 -DNDEBUG    conftest.c  >&5
configure:3922: $? = 0
configure:3945: result: 
configure:3967: checking whether we are cross compiling
configure:3975: gcc -o conftest -O2 -DNDEBUG    conftest.c  >&5
configure:3979: $? = 0
configure:3986: ./conftest
configure:3990: $? = 0
configure:4005: result: no
configure:4010: checking for suffix of object files
configure:4033: gcc -c -O2 -DNDEBUG   conftest.c >&5
configure:4037: $? = 0
configure:4059: result: o
configure:4063: checking whether the compiler supports GNU C
configure:4083: gcc -c -O2 -DNDEBUG   conftest.c >&5
configure:4083: $? = 0
configure:4093: result: yes
configure:4104: checking whether gcc accepts -g
configure:4125: gcc -c -g  conftest.c >&5
configure:4125: $? = 0
configure:4169: result: yes
configure:4189: checking for gcc option to enable C11 features
configure:4204: gcc  -c -O2 -DNDEBUG   conftest.c >&5
configure:4204: $? = 0
configure:4222: result: none needed
configure:4338: checking whether gcc understands -c and -o together
configure:4361: gcc -c conftest.c -o conftest2.o
configure:4364: $? = 0
configure:4361: gcc -c conftest.c -o conftest2.o
configure:4364: $? = 0
configure:4376: result: yes
configure:4395: checking dependency style of gcc
configure:4507: result: gcc3
configure:4575: checking how to print strings
configure:4602: result: printf
configure:4623: checking for a sed that does not truncate output
configure:4693: result: /bin/sed
configure:4711: checking for grep that handles long lines and -e
configure:4775: result: /bin/grep
configure:4780: checking for egrep
configure:4848: result: /bin/grep -E
configure:4853: checking for fgrep
configure:4921: result: /bin/grep -F
configure:4957: checking for ld used by gcc
configure:5025: result: /usr/bin/ld
configure:5032: checking if the linker (/usr/bin/ld) is GNU ld
configure:5048: result: yes
configure:5060: checking for BSD- or MS-compatible name lister (nm)
configure:5115: result: /usr/bin/nm -B
configure:5255: checking the name lister (/usr/bin/nm -B) interface
configure:5263: gcc -c -O2 -DNDEBUG   conftest.c >&5
configure:5266: /usr/bin/nm -B "conftest.o"
configure:5269: output
0000000000000000 B some_variable
configure:5276: result: BSD nm
configure:5279: checking whether ln -s works
configure:5283: result: yes
configure:5291: checking the maximum length of command line arguments
configure:5423: result: 1572864
configure:5471: checking how to convert x86_64-pc-linux-gnu file names to x86_64-pc-linux-gnu format
configure:5512: result: func_convert_file_noop
configure:5519: checking how to convert x86_64-pc-linux-gnu file names to toolchain format
configure:5540: result: func_convert_file_noop
configure:5547: checking for /usr/bin/ld option to reload object files
configure:5555: result: -r
configure:5634: checking for file
configure:5655: found /usr/bin/file
configure:5666: result: file
configure:5742: checking for objdump
configure:5763: found /usr/bin/objdump
configure:5774: result: objdump
configure:5806: checking how to recognize dependent libraries
configure:6007: result: pass_all
configure:6097: checking for dlltool
configure:6132: result: no
configure:6162: checking how to associate runtime and link libraries
configure:6190: result: printf %s\n
configure:6255: checking for ar
configure:6276: found /usr/bin/ar
configure:6287: result: ar
configure:6340: checking for archiver @FILE support
configure:6358: gcc -c -O2 -DNDEBUG   conftest.c >&5
configure:6358: $? = 0
configure:6362: ar cr libconftest.a @conftest.lst >&5
configure:6365: $? = 0
configure:6370: ar cr libconftest.a @conftest.lst >&5
ar: conftest.o: No such file or directory
configure:6373: $? = 1
configure:6385: result: @
configure:6448: checking for strip
configure:6469: found /usr/bin/strip
configure:6480: result: strip
configure:6557: checking for ranlib
configure:6578: found /usr/bin/ranlib
configure:6589: result: ranlib
configure:6691: checking command to parse /usr/bin/nm -B output from gcc object
configure:6845: gcc -c -O2 -DNDEBUG   conftest.c >&5
configure:6848: $? = 0
configure:6852: /usr/bin/nm -B conftest.o \| /bin/sed -n -e 's/^.*[ ]\([ABCDGIRSTW][ABCDGIRSTW]*\)[ ][ ]*\([_A-Za-z][_A-Za-z0-9]*\)$/\1 \2 \2/p' | /bin/sed '/ __gnu_lto/d' \> conftest.nm
configure:6855: $? = 0
configure:6921: gcc -o conftest -O2 -DNDEBUG    conftest.c conftstm.o >&5
configure:6924: $? = 0
configure:6962: result: ok
configure:7009: checking for sysroot
configure:7040: result: no
configure:7047: checking for a working dd
configure:7091: result: /bin/dd
configure:7095: checking how to truncate binary pipes
configure:7111: result: /bin/dd bs=4096 count=1
configure:7248: gcc -c -O2 -DNDEBUG   conftest.c >&5
configure:7251: $? = 0
configure:7448: checking for mt
configure:7469: found /bin/mt
configure:7480: result: mt
configure:7503: checking if mt is a manifest tool
configure:7510: mt '-?'
configure:7518: result: no
configure:8243: checking for stdio.h
configure:8243: gcc -c -O2 -DNDEBUG   conftest.c >&5
configure:8243: $? = 0
configure:8243: result: yes
configure:8243: checking for stdlib.h
configure:8243: gcc -c -O2 -DNDEBUG   conftest.c >&5
configure:8243: $? = 0
configure:8243: result: yes
configure:8243: checking for string.h
configure:8243: gcc -c -O2 -DNDEBUG   conftest.c >&5
configure:8243: $? = 0
configure:8243: result: yes
configure:8243: checking for inttypes.h
configure:8243: gcc -c -O2 -DNDEBUG   conftest.c >&5
configure:8243: $? = 0
configure:8243: result: yes
configure:8243: checking for stdint.h
configure:8243: gcc -c -O2 -DNDEBUG   conftest.c >&5
configure:8243: $? = 0
configure:8243: result: yes
configure:8243: checking for strings.h
configure:8243: gcc -c -O2 -DNDEBUG   conftest.c >&5
configure:8243: $? = 0
configure:8243: result: yes
configure:8243: checking for sys/stat.h
configure:8243: gcc -c -O2 -DNDEBUG   conftest.c >&5
configure:8243: $? = 0
configure:8243: result: yes
configure:8243: checking for sys/types.h
configure:8243: gcc -c -O2 -DNDEBUG   conftest.c >&5
configure:8243: $? = 0
configure:8243: result: yes
configure:8243: checking for unistd.h
configure:8243: gcc -c -O2 -DNDEBUG   conftest.c >&5
configure:8243: $? = 0
configure:8243: result: yes
configure:8268: checking for dlfcn.h
configure:8268: gcc -c -O2 -DNDEBUG   conftest.c >&5
configure:8268: $? = 0
configure:8268: result: yes
configure:8390: checking the archiver (ar) interface
configure:8407: gcc -c -O2 -DNDEBUG   conftest.c >&5
configure:8407: $? = 0
configure:8410: ar cru libconftest.a conftest.o >&5
ar: `u' modifier ignored since `D' is the default (see `U')
configure:8413: $? = 0
configure:8441: result: ar
configure:8711: checking for objdir
configure:8727: result: .libs
configure:8987: checking if gcc supports -fno-rtti -fno-exceptions
configure:9006: gcc -c -O2 -DNDEBUG   -fno-rtti -fno-exceptions conftest.c >&5
cc1: warning: command line option '-fno-rtti' is valid for C++/ObjC++ but not for C
configure:9010: $? = 0
configure:9023: result: no
configure:9381: checking for gcc option to produce PIC
configure:9389: result: -fPIC -DPIC
configure:9397: checking if gcc PIC flag -fPIC -DPIC works
configure:9416: gcc -c -O2 -DNDEBUG   -fPIC -DPIC -DPIC conftest.c >&5
configure:9420: $? = 0
configure:9433: result: yes
configure:9462: checking if gcc static flag -static works
configure:9491: result: yes
configure:9506: checking if gcc supports -c -o file.o
configure:9528: gcc -c -O2 -DNDEBUG   -o out/conftest2.o conftest.c >&5
configure:9532: $? = 0
configure:9554: result: yes
configure:9562: checking if gcc supports -c -o file.o
configure:9610: result: yes
configure:9643: checking whether the gcc linker (/usr/bin/ld -m elf_x86_64) supports shared libraries
configure:10911: result: yes
configure:10948: checking whether -lc should be explicitly linked in
configure:10957: gcc -c -O2 -DNDEBUG   conftest.c >&5
configure:10960: $? = 0
configure:10975: gcc -shared  -fPIC -DPIC conftest.o  -v -Wl,-soname -Wl,conftest -o conftest 2\>\&1 \| /bin/grep  -lc  \>/dev/null 2\>\&1
configure:10978: $? = 0
configure:10992: result: no
configure:11152: checking dynamic linker characteristics
configure:11734: gcc -o conftest -O2 -DNDEBUG    -Wl,-rpath -Wl,/foo conftest.c  >&5
configure:11734: $? = 0
configure:11973: result: GNU/Linux ld.so
configure:12095: checking how to hardcode library paths into programs
configure:12120: result: immediate
configure:12672: checking whether stripping libraries is possible
configure:12681: result: yes
configure:12723: checking if libtool supports shared libraries
configure:12725: result: yes
configure:12728: checking whether to build shared libraries
configure:12753: result: yes
configure:12756: checking whether to build static libraries
configure:12760: result: no
configure:12816: libtool version info: -version-number 2:0:0
configure:12873: checking for getrusage
configure:12886: gcc -o conftest -O2 -DNDEBUG    conftest.c  >&5
conftest.c: In function 'main':
conftest.c:29:1: warning: implicit declaration of function 'getrusage' [-Wimplicit-function-declaration]
 getrusage()
 ^~~~~~~~~
configure:12886: $? = 0
configure:12888: result: yes
configure:12902: checking for long long
configure:12902: gcc -c -O2 -DNDEBUG   conftest.c >&5
configure:12902: $? = 0
configure:12902: gcc -c -O2 -DNDEBUG   conftest.c >&5
conftest.c: In function 'main':
conftest.c:56:24: error: expected expression before ')' token
 if (sizeof ((long long)))
                        ^
configure:12902: $? = 1
configure: failed program was:
| /* confdefs.h */
| #define PACKAGE_NAME "ThirdPartyASL"
| #define PACKAGE_TARNAME "thirdpartyasl"
| #define PACKAGE_VERSION "2.0.0"
| #define PACKAGE_STRING "ThirdPartyASL 2.0.0"
| #define PACKAGE_BUGREPORT "https://github.com/coin-or-tools/ThirdParty-ASL/issues/new"
| #define PACKAGE_URL "https://github.com/coin-or-tools/ThirdParty-ASL"
| #define THIRDPARTYASL_VERSION "2.0.0"
| #define THIRDPARTYASL_VERSION_MAJOR 2
| #define THIRDPARTYASL_VERSION_MINOR 0
| #define THIRDPARTYASL_VERSION_RELEASE 0
| #define HAVE_STDIO_H 1
| #define HAVE_STDLIB_H 1
| #define HAVE_STRING_H 1
| #define HAVE_INTTYPES_H 1
| #define HAVE_STDINT_H 1
| #define HAVE_STRINGS_H 1
| #define HAVE_SYS_STAT_H 1
| #define HAVE_SYS_TYPES_H 1
| #define HAVE_UNISTD_H 1
| #define STDC_HEADERS 1
| #define HAVE_DLFCN_H 1
| #define LT_OBJDIR ".libs/"
| /* end confdefs.h.  */
| #include <stddef.h>
| #ifdef HAVE_STDIO_H
| # include <stdio.h>
| #endif
| #ifdef HAVE_STDLIB_H
| # include <stdlib.h>
| #endif
| #ifdef HAVE_STRING_H
| # include <string.h>
| #endif
| #ifdef HAVE_INTTYPES_H
| # include <inttypes.h>
| #endif
| #ifdef HAVE_STDINT_H
| # include <stdint.h>
| #endif
| #ifdef HAVE_STRINGS_H
| # include <strings.h>
| #endif
| #ifdef HAVE_SYS_TYPES_H
| # include <sys/types.h>
| #endif
| #ifdef HAVE_SYS_STAT_H
| # include <sys/stat.h>
| #endif
| #ifdef HAVE_UNISTD_H
| # include <unistd.h>
| #endif
| int
| main (void)
| {
| if (sizeof ((long long)))
| 	    return 0;
|   ;
|   return 0;
| }
configure:12902: result: yes
configure:12912: checking for ssize_t
configure:12912: gcc -c -O2 -DNDEBUG   conftest.c >&5
configure:12912: $? = 0
configure:12912: gcc -c -O2 -DNDEBUG   conftest.c >&5
conftest.c: In function 'main':
conftest.c:56:22: error: expected expression before ')' token
 if (sizeof ((ssize_t)))
                      ^
configure:12912: $? = 1
configure: failed program was:
| /* confdefs.h */
| #define PACKAGE_NAME "ThirdPartyASL"
| #define PACKAGE_TARNAME "thirdpartyasl"
| #define PACKAGE_VERSION "2.0.0"
| #define PACKAGE_STRING "ThirdPartyASL 2.0.0"
| #define PACKAGE_BUGREPORT "https://github.com/coin-or-tools/ThirdParty-ASL/issues/new"
| #define PACKAGE_URL "https://github.com/coin-or-tools/ThirdParty-ASL"
| #define THIRDPARTYASL_VERSION "2.0.0"
| #define THIRDPARTYASL_VERSION_MAJOR 2
| #define THIRDPARTYASL_VERSION_MINOR 0
| #define THIRDPARTYASL_VERSION_RELEASE 0
| #define HAVE_STDIO_H 1
| #define HAVE_STDLIB_H 1
| #define HAVE_STRING_H 1
| #define HAVE_INTTYPES_H 1
| #define HAVE_STDINT_H 1
| #define HAVE_STRINGS_H 1
| #define HAVE_SYS_STAT_H 1
| #define HAVE_SYS_TYPES_H 1
| #define HAVE_UNISTD_H 1
| #define STDC_HEADERS 1
| #define HAVE_DLFCN_H 1
| #define LT_OBJDIR ".libs/"
| /* end confdefs.h.  */
| #include <stddef.h>
| #ifdef HAVE_STDIO_H
| # include <stdio.h>
| #endif
| #ifdef HAVE_STDLIB_H
| # include <stdlib.h>
| #endif
| #ifdef HAVE_STRING_H
| # include <string.h>
| #endif
| #ifdef HAVE_INTTYPES_H
| # include <inttypes.h>
| #endif
| #ifdef HAVE_STDINT_H
| # include <stdint.h>
| #endif
| #ifdef HAVE_STRINGS_H
| # include <strings.h>
| #endif
| #ifdef HAVE_SYS_TYPES_H
| # include <sys/types.h>
| #endif
| #ifdef HAVE_SYS_STAT_H
| # include <sys/stat.h>
| #endif
| #ifdef HAVE_UNISTD_H
| # include <unistd.h>
| #endif
| int
| main (void)
| {
| if (sizeof ((ssize_t)))
| 	    return 0;
|   ;
|   return 0;
| }
configure:12912: result: yes
configure:12922: checking for dlopen in -ldl
configure:12945: gcc -o conftest -O2 -DNDEBUG    conftest.c -ldl   >&5
configure:12945: $? = 0
configure:12955: result: yes
configure:12970: checking for library containing cos
configure:13000: gcc -o conftest -O2 -DNDEBUG    conftest.c  >&5
conftest.c:29:6: warning: conflicting types for built-in function 'cos' [-Wbuiltin-declaration-mismatch]
 char cos ();
      ^~~
/tmp/ccojwHZz.o: In function `main':
conftest.c:(.text.startup+0x7): undefined reference to `cos'
collect2: error: ld returned 1 exit status
configure:13000: $? = 1
configure: failed program was:
| /* confdefs.h */
| #define PACKAGE_NAME "ThirdPartyASL"
| #define PACKAGE_TARNAME "thirdpartyasl"
| #define PACKAGE_VERSION "2.0.0"
| #define PACKAGE_STRING "ThirdPartyASL 2.0.0"
| #define PACKAGE_BUGREPORT "https://github.com/coin-or-tools/ThirdParty-ASL/issues/new"
| #define PACKAGE_URL "https://github.com/coin-or-tools/ThirdParty-ASL"
| #define THIRDPARTYASL_VERSION "2.0.0"
| #define THIRDPARTYASL_VERSION_MAJOR 2
| #define THIRDPARTYASL_VERSION_MINOR 0
| #define THIRDPARTYASL_VERSION_RELEASE 0
| #define HAVE_STDIO_H 1
| #define HAVE_STDLIB_H 1
| #define HAVE_STRING_H 1
| #define HAVE_INTTYPES_H 1
| #define HAVE_STDINT_H 1
| #define HAVE_STRINGS_H 1
| #define HAVE_SYS_STAT_H 1
| #define HAVE_SYS_TYPES_H 1
| #define HAVE_UNISTD_H 1
| #define STDC_HEADERS 1
| #define HAVE_DLFCN_H 1
| #define LT_OBJDIR ".libs/"
| /* end confdefs.h.  */
| 
| /* Override any GCC internal prototype to avoid an error.
|    Use char because int might match the return type of a GCC
|    builtin and then its argument prototype would still apply.  */
| char cos ();
| int
| main (void)
| {
| return cos ();
|   ;
|   return 0;
| }
configure:13000: gcc -o conftest -O2 -DNDEBUG    conftest.c -lm   >&5
conftest.c:29:6: warning: conflicting types for built-in function 'cos' [-Wbuiltin-declaration-mismatch]
 char cos ();
      ^~~
configure:13000: $? = 0
configure:13020: result: -lm
configure:13288: checking that generated files are newer than configure
configure:13294: result: done
configure:13337: creating ./config.status

## ---------------------- ##
## Running config.status. ##
## ---------------------- ##

This file was extended by ThirdPartyASL config.status 2.0.0, which was
generated by GNU Autoconf 2.71.  Invocation command line was

  CONFIG_FILES    = 
  CONFIG_HEADERS  = 
  CONFIG_LINKS    = 
  CONFIG_COMMANDS = 
  $ ./config.status 

on yade-OptiPlex-7060

config.status:1035: creating Makefile
config.status:1035: creating coinasl.pc
config.status:1219: linking solvers/stdio1.h0 to stdio1.h
config.status:1219: linking solvers/fpinit.c to fpinit.c
config.status:1238: executing depfiles commands
config.status:1315: cd .       && sed -e '/# am--include-marker/d' Makefile         | make -f - am--depfiles
make: Nothing to be done for 'am--depfiles'.
config.status:1320: $? = 0
config.status:1238: executing libtool commands
configure:15353: Configuration of ThirdPartyASL successful

## ---------------- ##
## Cache variables. ##
## ---------------- ##

ac_cv_build=x86_64-pc-linux-gnu
ac_cv_c_compiler_gnu=yes
ac_cv_env_ADD_CFLAGS_set=
ac_cv_env_ADD_CFLAGS_value=
ac_cv_env_CC_set=
ac_cv_env_CC_value=
ac_cv_env_CFLAGS_set=
ac_cv_env_CFLAGS_value=
ac_cv_env_CPPFLAGS_set=
ac_cv_env_CPPFLAGS_value=
ac_cv_env_LDFLAGS_set=
ac_cv_env_LDFLAGS_value=
ac_cv_env_LIBS_set=
ac_cv_env_LIBS_value=
ac_cv_env_LT_LDFLAGS_set=
ac_cv_env_LT_LDFLAGS_value=
ac_cv_env_LT_SYS_LIBRARY_PATH_set=
ac_cv_env_LT_SYS_LIBRARY_PATH_value=
ac_cv_env_build_alias_set=
ac_cv_env_build_alias_value=
ac_cv_env_host_alias_set=
ac_cv_env_host_alias_value=
ac_cv_env_target_alias_set=
ac_cv_env_target_alias_value=
ac_cv_header_dlfcn_h=yes
ac_cv_header_inttypes_h=yes
ac_cv_header_stdint_h=yes
ac_cv_header_stdio_h=yes
ac_cv_header_stdlib_h=yes
ac_cv_header_string_h=yes
ac_cv_header_strings_h=yes
ac_cv_header_sys_stat_h=yes
ac_cv_header_sys_types_h=yes
ac_cv_header_unistd_h=yes
ac_cv_host=x86_64-pc-linux-gnu
ac_cv_lib_dl_dlopen=yes
ac_cv_objext=o
ac_cv_path_EGREP='/bin/grep -E'
ac_cv_path_FGREP='/bin/grep -F'
ac_cv_path_GREP=/bin/grep
ac_cv_path_SED=/bin/sed
ac_cv_path_install='/usr/bin/install -c'
ac_cv_path_lt_DD=/bin/dd
ac_cv_path_mkdir=/bin/mkdir
ac_cv_prog_AWK=mawk
ac_cv_prog_ac_ct_AR=ar
ac_cv_prog_ac_ct_CC=gcc
ac_cv_prog_ac_ct_FILECMD=file
ac_cv_prog_ac_ct_MANIFEST_TOOL=mt
ac_cv_prog_ac_ct_OBJDUMP=objdump
ac_cv_prog_ac_ct_RANLIB=ranlib
ac_cv_prog_ac_ct_STRIP=strip
ac_cv_prog_cc_c11=
ac_cv_prog_cc_g=yes
ac_cv_prog_cc_stdc=
ac_cv_prog_make_make_set=yes
ac_cv_search_cos=-lm
ac_cv_type_long_long=yes
ac_cv_type_ssize_t=yes
am_cv_CC_dependencies_compiler_type=gcc3
am_cv_ar_interface=ar
am_cv_make_support_nested_variables=yes
am_cv_prog_cc_c_o=yes
lt_cv_ar_at_file=@
lt_cv_archive_cmds_need_lc=no
lt_cv_deplibs_check_method=pass_all
lt_cv_file_magic_cmd='$MAGIC_CMD'
lt_cv_file_magic_test_file=
lt_cv_ld_reload_flag=-r
lt_cv_nm_interface='BSD nm'
lt_cv_objdir=.libs
lt_cv_path_LD=/usr/bin/ld
lt_cv_path_NM='/usr/bin/nm -B'
lt_cv_path_mainfest_tool=no
lt_cv_prog_compiler_c_o=yes
lt_cv_prog_compiler_pic='-fPIC -DPIC'
lt_cv_prog_compiler_pic_works=yes
lt_cv_prog_compiler_rtti_exceptions=no
lt_cv_prog_compiler_static_works=yes
lt_cv_prog_gnu_ld=yes
lt_cv_sharedlib_from_linklib_cmd='printf %s\n'
lt_cv_shlibpath_overrides_runpath=yes
lt_cv_sys_global_symbol_pipe='/bin/sed -n -e '\''s/^.*[	 ]\([ABCDGIRSTW][ABCDGIRSTW]*\)[	 ][	 ]*\([_A-Za-z][_A-Za-z0-9]*\)$/\1 \2 \2/p'\'' | /bin/sed '\''/ __gnu_lto/d'\'''
lt_cv_sys_global_symbol_to_c_name_address='/bin/sed -n -e '\''s/^: \(.*\) .*$/  {"\1", (void *) 0},/p'\'' -e '\''s/^[ABCDGIRSTW][ABCDGIRSTW]* .* \(.*\)$/  {"\1", (void *) \&\1},/p'\'''
lt_cv_sys_global_symbol_to_c_name_address_lib_prefix='/bin/sed -n -e '\''s/^: \(.*\) .*$/  {"\1", (void *) 0},/p'\'' -e '\''s/^[ABCDGIRSTW][ABCDGIRSTW]* .* \(lib.*\)$/  {"\1", (void *) \&\1},/p'\'' -e '\''s/^[ABCDGIRSTW][ABCDGIRSTW]* .* \(.*\)$/  {"lib\1", (void *) \&\1},/p'\'''
lt_cv_sys_global_symbol_to_cdecl='/bin/sed -n -e '\''s/^T .* \(.*\)$/extern int \1();/p'\'' -e '\''s/^[ABCDGIRSTW][ABCDGIRSTW]* .* \(.*\)$/extern char \1;/p'\'''
lt_cv_sys_global_symbol_to_import=
lt_cv_sys_max_cmd_len=1572864
lt_cv_to_host_file_cmd=func_convert_file_noop
lt_cv_to_tool_file_cmd=func_convert_file_noop
lt_cv_truncate_bin='/bin/dd bs=4096 count=1'

## ----------------- ##
## Output variables. ##
## ----------------- ##

ACLOCAL='${SHELL} '\''/home/ydc/Ipopt_pkg/ThirdParty-ASL/missing'\'' aclocal-1.16'
ADD_CFLAGS=''
AMDEPBACKSLASH='\'
AMDEP_FALSE='#'
AMDEP_TRUE=''
AMTAR='$${TAR-tar}'
AM_BACKSLASH='\'
AM_DEFAULT_V='$(AM_DEFAULT_VERBOSITY)'
AM_DEFAULT_VERBOSITY='0'
AM_V='$(V)'
AR='ar'
ASL_CFLAGS_NOPC=''
ASL_INT64_FALSE=''
ASL_INT64_TRUE='#'
ASL_LFLAGS='-lm -ldl '
ASL_LFLAGS_NOPC='-lm -ldl '
AUTOCONF='${SHELL} '\''/home/ydc/Ipopt_pkg/ThirdParty-ASL/missing'\'' autoconf'
AUTOHEADER='${SHELL} '\''/home/ydc/Ipopt_pkg/ThirdParty-ASL/missing'\'' autoheader'
AUTOMAKE='${SHELL} '\''/home/ydc/Ipopt_pkg/ThirdParty-ASL/missing'\'' automake-1.16'
AWK='mawk'
CC='gcc'
CCDEPMODE='depmode=gcc3'
CC_IS_CL_FALSE=''
CC_IS_CL_TRUE='#'
CFLAGS='-O2 -DNDEBUG '
COIN_RELOCATABLE_FALSE=''
COIN_RELOCATABLE_TRUE='#'
COIN_STATIC_BUILD_FALSE=''
COIN_STATIC_BUILD_TRUE='#'
CPPFLAGS=''
CSCOPE='cscope'
CTAGS='ctags'
CYGPATH_W='echo'
DEFS='-DPACKAGE_NAME=\"ThirdPartyASL\" -DPACKAGE_TARNAME=\"thirdpartyasl\" -DPACKAGE_VERSION=\"2.0.0\" -DPACKAGE_STRING=\"ThirdPartyASL\ 2.0.0\" -DPACKAGE_BUGREPORT=\"https://github.com/coin-or-tools/ThirdParty-ASL/issues/new\" -DPACKAGE_URL=\"https://github.com/coin-or-tools/ThirdParty-ASL\" -DTHIRDPARTYASL_VERSION=\"2.0.0\" -DTHIRDPARTYASL_VERSION_MAJOR=2 -DTHIRDPARTYASL_VERSION_MINOR=0 -DTHIRDPARTYASL_VERSION_RELEASE=0 -DHAVE_STDIO_H=1 -DHAVE_STDLIB_H=1 -DHAVE_STRING_H=1 -DHAVE_INTTYPES_H=1 -DHAVE_STDINT_H=1 -DHAVE_STRINGS_H=1 -DHAVE_SYS_STAT_H=1 -DHAVE_SYS_TYPES_H=1 -DHAVE_UNISTD_H=1 -DSTDC_HEADERS=1 -DHAVE_DLFCN_H=1 -DLT_OBJDIR=\".libs/\" -DASL_EXPORT='
DEPDIR='.deps'
DLLTOOL='false'
DSYMUTIL=''
DUMPBIN=''
ECHO_C=''
ECHO_N='-n'
ECHO_T=''
EGREP='/bin/grep -E'
ETAGS='etags'
EXEEXT=''
FGREP='/bin/grep -F'
FILECMD='file'
GREP='/bin/grep'
INSTALL_DATA='${INSTALL} -m 644'
INSTALL_PROGRAM='${INSTALL}'
INSTALL_SCRIPT='${INSTALL}'
INSTALL_STRIP_PROGRAM='$(install_sh) -c -s'
LD='/usr/bin/ld -m elf_x86_64'
LDFLAGS=''
LIBOBJS=''
LIBS=''
LIBTOOL='$(SHELL) $(top_builddir)/libtool'
LIPO=''
LN_S='ln -s'
LTLIBOBJS=''
LT_LDFLAGS=' -version-number 2:0:0 -no-undefined'
LT_SYS_LIBRARY_PATH=''
MAINT='#'
MAINTAINER_MODE_FALSE=''
MAINTAINER_MODE_TRUE='#'
MAKEINFO='${SHELL} '\''/home/ydc/Ipopt_pkg/ThirdParty-ASL/missing'\'' makeinfo'
MANIFEST_TOOL=':'
MKDIR_P='/bin/mkdir -p'
NM='/usr/bin/nm -B'
NMEDIT=''
OBJDUMP='objdump'
OBJEXT='o'
OTOOL64=''
OTOOL=''
PACKAGE='thirdpartyasl'
PACKAGE_BUGREPORT='https://github.com/coin-or-tools/ThirdParty-ASL/issues/new'
PACKAGE_NAME='ThirdPartyASL'
PACKAGE_STRING='ThirdPartyASL 2.0.0'
PACKAGE_TARNAME='thirdpartyasl'
PACKAGE_URL='https://github.com/coin-or-tools/ThirdParty-ASL'
PACKAGE_VERSION='2.0.0'
PATH_SEPARATOR=':'
RANLIB='ranlib'
SED='/bin/sed'
SET_MAKE=''
SHELL='/bin/bash'
STRIP='strip'
USE_ARITH_H1_FALSE=''
USE_ARITH_H1_TRUE='#'
VERSION='2.0.0'
ac_ct_AR='ar'
ac_ct_CC='gcc'
ac_ct_DUMPBIN=''
am__EXEEXT_FALSE=''
am__EXEEXT_TRUE='#'
am__fastdepCC_FALSE='#'
am__fastdepCC_TRUE=''
am__include='include'
am__isrc=''
am__leading_dot='.'
am__nodep='_no'
am__quote=''
am__tar='$${TAR-tar} chof - "$$tardir"'
am__untar='$${TAR-tar} xf -'
bindir='${exec_prefix}/bin'
build='x86_64-pc-linux-gnu'
build_alias=''
build_cpu='x86_64'
build_os='linux-gnu'
build_vendor='pc'
datadir='${datarootdir}'
datarootdir='${prefix}/share'
docdir='${datarootdir}/doc/${PACKAGE_TARNAME}'
dvidir='${docdir}'
exec_prefix='${prefix}'
host='x86_64-pc-linux-gnu'
host_alias=''
host_cpu='x86_64'
host_os='linux-gnu'
host_vendor='pc'
htmldir='${docdir}'
includedir='${prefix}/include'
infodir='${datarootdir}/info'
install_sh='${SHELL} /home/ydc/Ipopt_pkg/ThirdParty-ASL/install-sh'
libdir='${exec_prefix}/lib'
libexecdir='${exec_prefix}/libexec'
localedir='${datarootdir}/locale'
localstatedir='${prefix}/var'
mandir='${datarootdir}/man'
mkdir_p='$(MKDIR_P)'
oldincludedir='/usr/include'
pdfdir='${docdir}'
prefix='/usr/local'
program_transform_name='s,x,x,'
psdir='${docdir}'
runstatedir='${localstatedir}/run'
sbindir='${exec_prefix}/sbin'
sharedstatedir='${prefix}/com'
sysconfdir='${prefix}/etc'
target_alias=''

## ----------- ##
## confdefs.h. ##
## ----------- ##

/* confdefs.h */
#define PACKAGE_NAME "ThirdPartyASL"
#define PACKAGE_TARNAME "thirdpartyasl"
#define PACKAGE_VERSION "2.0.0"
#define PACKAGE_STRING "ThirdPartyASL 2.0.0"
#define PACKAGE_BUGREPORT "https://github.com/coin-or-tools/ThirdParty-ASL/issues/new"
#define PACKAGE_URL "https://github.com/coin-or-tools/ThirdParty-ASL"
#define THIRDPARTYASL_VERSION "2.0.0"
#define THIRDPARTYASL_VERSION_MAJOR 2
#define THIRDPARTYASL_VERSION_MINOR 0
#define THIRDPARTYASL_VERSION_RELEASE 0
#define HAVE_STDIO_H 1
#define HAVE_STDLIB_H 1
#define HAVE_STRING_H 1
#define HAVE_INTTYPES_H 1
#define HAVE_STDINT_H 1
#define HAVE_STRINGS_H 1
#define HAVE_SYS_STAT_H 1
#define HAVE_SYS_TYPES_H 1
#define HAVE_UNISTD_H 1
#define STDC_HEADERS 1
#define HAVE_DLFCN_H 1
#define LT_OBJDIR ".libs/"
#define ASL_EXPORT 

configure: exit 0
